<?xml version="1.0" encoding="UTF-8"?>
<!-- Generated by org.testng.reporters.JUnitXMLReporter -->
<testsuite ignored="0" hostname="mm.home" failures="1" tests="3" name="User Requirement 4 Part 2" time="60.843" errors="0" timestamp="16 Apr 2021 15:01:03 GMT">
  <testcase classname="jl.project.edgetests.UserRequirement4_2_Test" name="createAndDeleteACategoryWithKeyboardOnly_SpaceKey" time="28.811"/>
  <testcase classname="jl.project.edgetests.UserRequirement4_2_Test" name="createAndDeleteItemWithKeyboardOnly_SpaceKey" time="29.645">
    <failure type="java.lang.AssertionError" message="Error: the test item label has been found. The test is failed.">
      <![CDATA[java.lang.AssertionError: Error: the test item label has been found. The test is failed.at jl.project.edgetests.UserRequirement4_2_Test.createAndDeleteItemWithKeyboardOnly_SpaceKey(UserRequirement4_2_Test.java:312)... Removed 30 stack frames]]>
    </failure>
  </testcase> <!-- createAndDeleteItemWithKeyboardOnly_SpaceKey -->
  <testcase classname="jl.project.edgetests.UserRequirement4_2_Test" name="HideAndDisplayItemsWithKeyboardOnly_SpaceKey" time="0.0">
    <skipped/>
  </testcase> <!-- HideAndDisplayItemsWithKeyboardOnly_SpaceKey -->
</testsuite> <!-- User Requirement 4 Part 2 -->
