<?xml version="1.0" encoding="UTF-8"?>
<!-- Generated by org.testng.reporters.JUnitXMLReporter -->
<testsuite ignored="0" hostname="DESKTOP-CL5VKH3" failures="1" tests="1" name="User Requirement 3" time="21.589" errors="0" timestamp="01 Apr 2021 18:45:49 GMT">
  <testcase classname="jl.project.EdgeTests.UserRequirement3_Test" name="hideAndDisplayItem" time="19.921">
    <failure type="java.lang.AssertionError" message="The label was found on the screenshot when the item should have been hidden: A Simple Accessible To-Do List
To-Do List Credits Works you might like
Please use this form to add a new category.
Name of the category to add: C777
The next form is for adding a new item.
Name of the item to add: C777
B © | Selenium test catego
B © Uncategorized
">
      <![CDATA[java.lang.AssertionError: The label was found on the screenshot when the item should have been hidden: A Simple Accessible To-Do ListTo-Do List Credits Works you might likePlease use this form to add a new category.Name of the category to add: C777The next form is for adding a new item.Name of the item to add: C777B © | Selenium test categoB © Uncategorizedat jl.project.EdgeTests.UserRequirement3_Test.hideAndDisplayItem(UserRequirement3_Test.java:144)... Removed 30 stack frames]]>
    </failure>
  </testcase> <!-- hideAndDisplayItem -->
</testsuite> <!-- User Requirement 3 -->
