<?xml version="1.0" encoding="UTF-8"?>
<!-- Generated by org.testng.reporters.JUnitXMLReporter -->
<<<<<<< HEAD
<testsuite ignored="0" hostname="mm.home" failures="2" tests="3" name="User Requirement 4 Part 1" time="25.536" errors="0" timestamp="04 Apr 2021 01:29:43 GMT">
  <testcase classname="jl.project.EdgeTests.UserRequirement4_1_Test" name="@AfterClass releseResources" time="0.005">
    <failure type="org.openqa.selenium.NoSuchWindowException" message="no such window: target window already closed
from unknown error: web view not found
  (Session info: MicrosoftEdge=89.0.774.68)
Build info: version: &amp;apos;3.13.0&amp;apos;, revision: &amp;apos;2f0d292&amp;apos;, time: &amp;apos;2018-06-25T15:24:21.231Z&amp;apos;
System info: host: &amp;apos;mm.home&amp;apos;, ip: &amp;apos;192.168.1.16&amp;apos;, os.name: &amp;apos;Mac OS X&amp;apos;, os.arch: &amp;apos;x86_64&amp;apos;, os.version: &amp;apos;10.16&amp;apos;, java.version: &amp;apos;11.0.10&amp;apos;
Driver info: org.openqa.selenium.edge.EdgeDriver
Capabilities {acceptInsecureCerts: false, browserName: msedge, browserVersion: 89.0.774.68, javascriptEnabled: true, ms:edgeOptions: {debuggerAddress: localhost:50549}, msedge: {msedgedriverVersion: 89.0.774.63 (7bd8abd713fbc9..., userDataDir: /var/folders/21/lxnq_qvx12l...}, networkConnectionEnabled: false, pageLoadStrategy: normal, platform: MAC, platformName: MAC, proxy: Proxy(), setWindowRect: true, strictFileInteractability: false, timeouts: {implicit: 0, pageLoad: 300000, script: 30000}, unhandledPromptBehavior: dismiss and notify, webauthn:extension:largeBlob: true, webauthn:virtualAuthenticators: true}
Session ID: 92747d6aa2809c43a06431fbcde968d4">
      <![CDATA[org.openqa.selenium.NoSuchWindowException: no such window: target window already closedfrom unknown error: web view not found  (Session info: MicrosoftEdge=89.0.774.68)Build info: version: '3.13.0', revision: '2f0d292', time: '2018-06-25T15:24:21.231Z'System info: host: 'mm.home', ip: '192.168.1.16', os.name: 'Mac OS X', os.arch: 'x86_64', os.version: '10.16', java.version: '11.0.10'Driver info: org.openqa.selenium.edge.EdgeDriverCapabilities {acceptInsecureCerts: false, browserName: msedge, browserVersion: 89.0.774.68, javascriptEnabled: true, ms:edgeOptions: {debuggerAddress: localhost:50549}, msedge: {msedgedriverVersion: 89.0.774.63 (7bd8abd713fbc9..., userDataDir: /var/folders/21/lxnq_qvx12l...}, networkConnectionEnabled: false, pageLoadStrategy: normal, platform: MAC, platformName: MAC, proxy: Proxy(), setWindowRect: true, strictFileInteractability: false, timeouts: {implicit: 0, pageLoad: 300000, script: 30000}, unhandledPromptBehavior: dismiss and notify, webauthn:extension:largeBlob: true, webauthn:virtualAuthenticators: true}Session ID: 92747d6aa2809c43a06431fbcde968d4at org.openqa.selenium.remote.http.W3CHttpResponseCodec.createException(W3CHttpResponseCodec.java:187)at org.openqa.selenium.remote.http.W3CHttpResponseCodec.decode(W3CHttpResponseCodec.java:122)at org.openqa.selenium.remote.http.W3CHttpResponseCodec.decode(W3CHttpResponseCodec.java:49)at org.openqa.selenium.remote.HttpCommandExecutor.execute(HttpCommandExecutor.java:158)at org.openqa.selenium.remote.service.DriverCommandExecutor.execute(DriverCommandExecutor.java:83)at org.openqa.selenium.remote.RemoteWebDriver.execute(RemoteWebDriver.java:548)at org.openqa.selenium.remote.RemoteWebDriver.execute(RemoteWebDriver.java:605)at org.openqa.selenium.remote.RemoteWebDriver.close(RemoteWebDriver.java:438)at jl.project.EdgeTests.UserRequirement4_1_Test.releseResources(UserRequirement4_1_Test.java:544)... Removed 34 stack frames]]>
    </failure>
  </testcase> <!-- @AfterClass releseResources -->
  <testcase classname="jl.project.EdgeTests.UserRequirement4_1_Test" name="createAndDeleteACategoryWithKeyboardOnly_EnterKey" time="19.888">
    <failure type="java.lang.AssertionError" message="Found Selenium test category when the test category should have been deleted.The test is failed.">
      <![CDATA[java.lang.AssertionError: Found Selenium test category when the test category should have been deleted.The test is failed.at jl.project.EdgeTests.UserRequirement4_1_Test.createAndDeleteACategoryWithKeyboardOnly_EnterKey(UserRequirement4_1_Test.java:180)... Removed 30 stack frames]]>
    </failure>
  </testcase> <!-- createAndDeleteACategoryWithKeyboardOnly_EnterKey -->
  <testcase classname="jl.project.EdgeTests.UserRequirement4_1_Test" name="createAndDeleteItemWithKeyboardOnly_EnterKey" time="2.164">
    <failure type="org.openqa.selenium.NoSuchWindowException" message="no such window: window was already closed
  (Session info: MicrosoftEdge=89.0.774.68)
Build info: version: &amp;apos;3.13.0&amp;apos;, revision: &amp;apos;2f0d292&amp;apos;, time: &amp;apos;2018-06-25T15:24:21.231Z&amp;apos;
System info: host: &amp;apos;mm.home&amp;apos;, ip: &amp;apos;192.168.1.16&amp;apos;, os.name: &amp;apos;Mac OS X&amp;apos;, os.arch: &amp;apos;x86_64&amp;apos;, os.version: &amp;apos;10.16&amp;apos;, java.version: &amp;apos;11.0.10&amp;apos;
Driver info: org.openqa.selenium.edge.EdgeDriver
Capabilities {acceptInsecureCerts: false, browserName: msedge, browserVersion: 89.0.774.68, javascriptEnabled: true, ms:edgeOptions: {debuggerAddress: localhost:50549}, msedge: {msedgedriverVersion: 89.0.774.63 (7bd8abd713fbc9..., userDataDir: /var/folders/21/lxnq_qvx12l...}, networkConnectionEnabled: false, pageLoadStrategy: normal, platform: MAC, platformName: MAC, proxy: Proxy(), setWindowRect: true, strictFileInteractability: false, timeouts: {implicit: 0, pageLoad: 300000, script: 30000}, unhandledPromptBehavior: dismiss and notify, webauthn:extension:largeBlob: true, webauthn:virtualAuthenticators: true}
Session ID: 92747d6aa2809c43a06431fbcde968d4">
      <![CDATA[org.openqa.selenium.NoSuchWindowException: no such window: window was already closed  (Session info: MicrosoftEdge=89.0.774.68)Build info: version: '3.13.0', revision: '2f0d292', time: '2018-06-25T15:24:21.231Z'System info: host: 'mm.home', ip: '192.168.1.16', os.name: 'Mac OS X', os.arch: 'x86_64', os.version: '10.16', java.version: '11.0.10'Driver info: org.openqa.selenium.edge.EdgeDriverCapabilities {acceptInsecureCerts: false, browserName: msedge, browserVersion: 89.0.774.68, javascriptEnabled: true, ms:edgeOptions: {debuggerAddress: localhost:50549}, msedge: {msedgedriverVersion: 89.0.774.63 (7bd8abd713fbc9..., userDataDir: /var/folders/21/lxnq_qvx12l...}, networkConnectionEnabled: false, pageLoadStrategy: normal, platform: MAC, platformName: MAC, proxy: Proxy(), setWindowRect: true, strictFileInteractability: false, timeouts: {implicit: 0, pageLoad: 300000, script: 30000}, unhandledPromptBehavior: dismiss and notify, webauthn:extension:largeBlob: true, webauthn:virtualAuthenticators: true}Session ID: 92747d6aa2809c43a06431fbcde968d4at org.openqa.selenium.remote.http.W3CHttpResponseCodec.createException(W3CHttpResponseCodec.java:187)at org.openqa.selenium.remote.http.W3CHttpResponseCodec.decode(W3CHttpResponseCodec.java:122)at org.openqa.selenium.remote.http.W3CHttpResponseCodec.decode(W3CHttpResponseCodec.java:49)at org.openqa.selenium.remote.HttpCommandExecutor.execute(HttpCommandExecutor.java:158)at org.openqa.selenium.remote.service.DriverCommandExecutor.execute(DriverCommandExecutor.java:83)at org.openqa.selenium.remote.RemoteWebDriver.execute(RemoteWebDriver.java:548)at org.openqa.selenium.remote.RemoteWebDriver.perform(RemoteWebDriver.java:614)at org.openqa.selenium.interactions.Actions$BuiltAction.perform(Actions.java:638)at jl.project.EdgeTests.UserRequirement4_1_Test.createAndDeleteItemWithKeyboardOnly_EnterKey(UserRequirement4_1_Test.java:218)... Removed 33 stack frames]]>
    </failure>
  </testcase> <!-- createAndDeleteItemWithKeyboardOnly_EnterKey -->
  <testcase classname="jl.project.EdgeTests.UserRequirement4_1_Test" name="HideAndDisplayItemsWithKeyboardOnly_EnterKey" time="0.0">
    <skipped/>
  </testcase> <!-- HideAndDisplayItemsWithKeyboardOnly_EnterKey -->
=======
<testsuite ignored="0" hostname="DESKTOP-CL5VKH3" failures="0" tests="3" name="User Requirement 4 Part 1" time="93.845" errors="0" timestamp="04 Apr 2021 13:48:44 GMT">
  <testcase classname="jl.project.EdgeTests.UserRequirement4_1_Test" name="createAndDeleteACategoryWithKeyboardOnly_EnterKey" time="20.509"/>
  <testcase classname="jl.project.EdgeTests.UserRequirement4_1_Test" name="createAndDeleteItemWithKeyboardOnly_EnterKey" time="18.225"/>
  <testcase classname="jl.project.EdgeTests.UserRequirement4_1_Test" name="HideAndDisplayItemsWithKeyboardOnly_EnterKey" time="48.805"/>
>>>>>>> 18309756c8d01fd2e6d36c2571d49f6f0ddb4990
</testsuite> <!-- User Requirement 4 Part 1 -->
