<?xml version="1.0" encoding="UTF-8"?>
<!-- Generated by org.testng.reporters.JUnitXMLReporter -->
<testsuite ignored="0" hostname="DESKTOP-CL5VKH3" failures="1" tests="1" name="User Requirement 3" time="25.402" errors="0" timestamp="01 Apr 2021 18:48:00 GMT">
  <testcase classname="jl.project.FirefoxTests.UserRequirement3_Test" name="hideAndDisplayItem" time="19.884">
    <failure type="java.lang.AssertionError" message="The label was found on the screenshot when the item should have been hidden: A Simple Accessible To-Do List
To-Do List Credits Works you might like
Please use this form to add a new category.
Name of the category to add:
Add the category
The next form is for adding a new item.
Name of the item to add:
Add the item to the category
B © | Selenium test categor
B © Uncategorized
BB test
">
      <![CDATA[java.lang.AssertionError: The label was found on the screenshot when the item should have been hidden: A Simple Accessible To-Do ListTo-Do List Credits Works you might likePlease use this form to add a new category.Name of the category to add:Add the categoryThe next form is for adding a new item.Name of the item to add:Add the item to the categoryB © | Selenium test categorB © UncategorizedBB testat jl.project.FirefoxTests.UserRequirement3_Test.hideAndDisplayItem(UserRequirement3_Test.java:145)... Removed 30 stack frames]]>
    </failure>
  </testcase> <!-- hideAndDisplayItem -->
</testsuite> <!-- User Requirement 3 -->
