<?xml version="1.0" encoding="UTF-8"?>
<!-- Generated by org.testng.reporters.JUnitXMLReporter -->
<testsuite ignored="0" hostname="mm.home" failures="2" tests="3" name="User Requirement 4 Part 2" time="39.236" errors="0" timestamp="05 Apr 2021 09:46:32 GMT">
  <testcase classname="jl.project.FirefoxTests.UserRequirement4_2_Test" name="createAndDeleteACategoryWithKeyboardOnly_SpaceKey" time="22.249">
    <failure type="java.lang.AssertionError" message="Found Selenium test category when the test category should have been deleted.The test is failed.">
      <![CDATA[java.lang.AssertionError: Found Selenium test category when the test category should have been deleted.The test is failed.at jl.project.FirefoxTests.UserRequirement4_2_Test.createAndDeleteACategoryWithKeyboardOnly_SpaceKey(UserRequirement4_2_Test.java:178)... Removed 30 stack frames]]>
    </failure>
  </testcase> <!-- createAndDeleteACategoryWithKeyboardOnly_SpaceKey -->
  <testcase classname="jl.project.FirefoxTests.UserRequirement4_2_Test" name="createAndDeleteItemWithKeyboardOnly_SpaceKey" time="12.145">
    <failure type="org.junit.ComparisonFailure" message="expected:&amp;lt;[tru]e&amp;gt; but was:&amp;lt;[fals]e&amp;gt;">
      <![CDATA[org.junit.ComparisonFailure: expected:<[tru]e> but was:<[fals]e>at jl.project.FirefoxTests.UserRequirement4_2_Test.createAndDeleteItemWithKeyboardOnly_SpaceKey(UserRequirement4_2_Test.java:256)... Removed 32 stack frames]]>
    </failure>
  </testcase> <!-- createAndDeleteItemWithKeyboardOnly_SpaceKey -->
  <testcase classname="jl.project.FirefoxTests.UserRequirement4_2_Test" name="HideAndDisplayItemsWithKeyboardOnly_SpaceKey" time="0.0">
    <skipped/>
  </testcase> <!-- HideAndDisplayItemsWithKeyboardOnly_SpaceKey -->
</testsuite> <!-- User Requirement 4 Part 2 -->
