<?xml version="1.0" encoding="UTF-8"?>
<!-- Generated by org.testng.reporters.JUnitXMLReporter -->
<testsuite ignored="0" hostname="mm.home" failures="2" tests="3" name="User Requirement 4 Part 1" time="38.124" errors="0" timestamp="02 Apr 2021 13:29:38 GMT">
  <testcase classname="jl.project.FirefoxTests.UserRequirement4_1_Test" name="createAndDeleteACategoryWithKeyboardOnly_EnterKey" time="21.928">
    <failure type="java.lang.AssertionError" message="Found Selenium test category when the test category should have been deleted.The test is failed.">
      <![CDATA[java.lang.AssertionError: Found Selenium test category when the test category should have been deleted.The test is failed.at jl.project.FirefoxTests.UserRequirement4_1_Test.createAndDeleteACategoryWithKeyboardOnly_EnterKey(UserRequirement4_1_Test.java:183)... Removed 30 stack frames]]>
    </failure>
  </testcase> <!-- createAndDeleteACategoryWithKeyboardOnly_EnterKey -->
  <testcase classname="jl.project.FirefoxTests.UserRequirement4_1_Test" name="createAndDeleteItemWithKeyboardOnly_EnterKey" time="12.204">
    <failure type="org.junit.ComparisonFailure" message="expected:&amp;lt;[tru]e&amp;gt; but was:&amp;lt;[fals]e&amp;gt;">
      <![CDATA[org.junit.ComparisonFailure: expected:<[tru]e> but was:<[fals]e>at jl.project.FirefoxTests.UserRequirement4_1_Test.createAndDeleteItemWithKeyboardOnly_EnterKey(UserRequirement4_1_Test.java:269)... Removed 32 stack frames]]>
    </failure>
  </testcase> <!-- createAndDeleteItemWithKeyboardOnly_EnterKey -->
  <testcase classname="jl.project.FirefoxTests.UserRequirement4_1_Test" name="HideAndDisplayItemsWithKeyboardOnly_EnterKey" time="0.0">
    <skipped/>
  </testcase> <!-- HideAndDisplayItemsWithKeyboardOnly_EnterKey -->
</testsuite> <!-- User Requirement 4 Part 1 -->
