<?xml version="1.0" encoding="UTF-8"?>
<!-- Generated by org.testng.reporters.JUnitXMLReporter -->
<<<<<<< HEAD
<<<<<<< HEAD
<testsuite ignored="0" hostname="mm.home" failures="0" tests="3" name="User Requirement 4 Part 2" time="82.168" errors="0" timestamp="04 Apr 2021 02:05:19 GMT">
  <testcase classname="jl.project.EdgeTests.UserRequirement4_2_Test" name="createAndDeleteACategoryWithKeyboardOnly_SpaceKey" time="20.869"/>
  <testcase classname="jl.project.EdgeTests.UserRequirement4_2_Test" name="createAndDeleteItemWithKeyboardOnly_SpaceKey" time="17.443"/>
  <testcase classname="jl.project.EdgeTests.UserRequirement4_2_Test" name="HideAndDisplayItemsWithKeyboardOnly_SpaceKey" time="40.966"/>
=======
<testsuite ignored="0" hostname="DESKTOP-CL5VKH3" failures="1" tests="3" name="User Requirement 4 Part 2" time="46.572" errors="0" timestamp="04 Apr 2021 11:15:32 GMT">
  <testcase classname="jl.project.EdgeTests.UserRequirement4_2_Test" name="createAndDeleteACategoryWithKeyboardOnly_SpaceKey" time="21.538"/>
  <testcase classname="jl.project.EdgeTests.UserRequirement4_2_Test" name="createAndDeleteItemWithKeyboardOnly_SpaceKey" time="17.811">
    <failure type="java.lang.AssertionError" message="Error: the test item label has been found. The test is failed.">
      <![CDATA[java.lang.AssertionError: Error: the test item label has been found. The test is failed.at jl.project.EdgeTests.UserRequirement4_2_Test.createAndDeleteItemWithKeyboardOnly_SpaceKey(UserRequirement4_2_Test.java:307)... Removed 26 stack frames]]>
    </failure>
  </testcase> <!-- createAndDeleteItemWithKeyboardOnly_SpaceKey -->
  <testcase classname="jl.project.EdgeTests.UserRequirement4_2_Test" name="HideAndDisplayItemsWithKeyboardOnly_SpaceKey" time="0.0">
    <skipped/>
  </testcase> <!-- HideAndDisplayItemsWithKeyboardOnly_SpaceKey -->
>>>>>>> 18309756c8d01fd2e6d36c2571d49f6f0ddb4990
=======
<testsuite ignored="0" hostname="mm.home" failures="0" tests="3" name="User Requirement 4 Part 2" time="81.181" errors="0" timestamp="02 Apr 2021 14:01:11 GMT">
  <testcase classname="jl.project.EdgeTests.UserRequirement4_2_Test" name="createAndDeleteACategoryWithKeyboardOnly_SpaceKey" time="20.808"/>
  <testcase classname="jl.project.EdgeTests.UserRequirement4_2_Test" name="createAndDeleteItemWithKeyboardOnly_SpaceKey" time="17.428"/>
  <testcase classname="jl.project.EdgeTests.UserRequirement4_2_Test" name="HideAndDisplayItemsWithKeyboardOnly_SpaceKey" time="40.239"/>
>>>>>>> parent of 18309756... Test of the end-to-end testing script on Windows.
</testsuite> <!-- User Requirement 4 Part 2 -->
