<?xml version="1.0" encoding="UTF-8"?>
<!-- Generated by org.testng.reporters.JUnitXMLReporter -->
<testsuite ignored="0" hostname="jl-Ubuntu" failures="2" tests="2" name="User Requirement 1" time="28.007" errors="0" timestamp="07 Apr 2021 16:59:27 GMT">
  <testcase classname="jl.project.ChromeTests.UserRequirement1_Test" name="createCategory" time="6.245">
    <failure type="org.junit.ComparisonFailure" message="expected:&amp;lt;[tru]e&amp;gt; but was:&amp;lt;[fals]e&amp;gt;">
      <![CDATA[org.junit.ComparisonFailure: expected:<[tru]e> but was:<[fals]e>at jl.project.ChromeTests.UserRequirement1_Test.createCategory(UserRequirement1_Test.java:129)... Removed 32 stack frames]]>
    </failure>
  </testcase> <!-- createCategory -->
  <testcase classname="jl.project.ChromeTests.UserRequirement1_Test" name="deleteCategory" time="2.347">
    <failure type="java.lang.AssertionError" message="Test of category creation failed.">
      <![CDATA[java.lang.AssertionError: Test of category creation failed.at jl.project.ChromeTests.UserRequirement1_Test.deleteCategory(UserRequirement1_Test.java:236)... Removed 30 stack frames]]>
    </failure>
  </testcase> <!-- deleteCategory -->
</testsuite> <!-- User Requirement 1 -->
