<!DOCTYPE html PUBLIC "-//W3C//DTD XHTML 1.1//EN" "http://www.w3.org/TR/xhtml11/DTD/xhtml11.dtd">
<html xmlns="http://www.w3.org/1999/xhtml">
<head>
<meta http-equiv="content-type" content="text/html; charset=UTF-8"/>
<title>TestNG Report</title>
<style type="text/css">table {margin-bottom:10px;border-collapse:collapse;empty-cells:show}th,td {border:1px solid #009;padding:.25em .5em}th {vertical-align:bottom}td {vertical-align:top}table a {font-weight:bold}.stripe td {background-color: #E6EBF9}.num {text-align:right}.passedodd td {background-color: #3F3}.passedeven td {background-color: #0A0}.skippedodd td {background-color: #DDD}.skippedeven td {background-color: #CCC}.failedodd td,.attn {background-color: #F33}.failedeven td,.stripe .attn {background-color: #D00}.stacktrace {white-space:pre;font-family:monospace}.totop {font-size:85%;text-align:center;border-bottom:2px solid #000}.invisible {display:none}</style>
</head>
<body>
<table>
<tr><th>Test</th><th># Passed</th><th># Skipped</th><th># Failed</th><th>Time (ms)</th><th>Included Groups</th><th>Excluded Groups</th></tr>
<tr><th colspan="7">Test Suite Edge</th></tr>
<tr><td><a href="#t0">User Requirement 1</a></td><td class="num">2</td><td class="num">0</td><td class="num">0</td><td class="num">3,968</td><td></td><td></td></tr>
<tr class="stripe"><td><a href="#t1">User Requirement 2</a></td><td class="num">0</td><td class="num">0</td><td class="num attn">2</td><td class="num">2,831</td><td></td><td></td></tr>
<tr><td><a href="#t2">User Requirement 3</a></td><td class="num">0</td><td class="num">0</td><td class="num attn">1</td><td class="num">3,129</td><td></td><td></td></tr>
<tr class="stripe"><td><a href="#t3">User Requirement 4 Part 1</a></td><td class="num">1</td><td class="num attn">1</td><td class="num attn">1</td><td class="num">34,276</td><td></td><td></td></tr>
<tr><td><a href="#t4">User Requirement 4 Part 2</a></td><td class="num">1</td><td class="num attn">1</td><td class="num attn">1</td><td class="num">35,423</td><td></td><td></td></tr>
<tr><th colspan="7">Test Suite Firefox</th></tr>
<tr class="stripe"><td><a href="#t5">User Requirement 1</a></td><td class="num">2</td><td class="num">0</td><td class="num">0</td><td class="num">6,104</td><td></td><td></td></tr>
<tr><td><a href="#t6">User Requirement 2</a></td><td class="num">0</td><td class="num">0</td><td class="num attn">2</td><td class="num">4,876</td><td></td><td></td></tr>
<tr class="stripe"><td><a href="#t7">User Requirement 3</a></td><td class="num">0</td><td class="num">0</td><td class="num attn">1</td><td class="num">4,534</td><td></td><td></td></tr>
<tr><td><a href="#t8">User Requirement 4 Part 1</a></td><td class="num">0</td><td class="num attn">1</td><td class="num attn">2</td><td class="num">26,436</td><td></td><td></td></tr>
<tr class="stripe"><td><a href="#t9">User Requirement 4 Part 2</a></td><td class="num">0</td><td class="num attn">1</td><td class="num attn">2</td><td class="num">25,995</td><td></td><td></td></tr>
<tr><th colspan="7">Test Suite Pa11y</th></tr>
<tr><td><a href="#t10">Pa11y Test</a></td><td class="num">1</td><td class="num">0</td><td class="num">0</td><td class="num">100,713</td><td></td><td></td></tr>
<tr><th colspan="7">Test Suite Screen Readers Test</th></tr>
<tr class="stripe"><td><a href="#t11">Speech To TextConverter Test IBM</a></td><td class="num">1</td><td class="num">0</td><td class="num">0</td><td class="num">15,012</td><td></td><td></td></tr>
<tr><th colspan="7">Test Suite Chrome</th></tr>
<tr><td><a href="#t12">User Requirement 1</a></td><td class="num">1</td><td class="num">0</td><td class="num attn">1</td><td class="num">3,609</td><td></td><td></td></tr>
<tr class="stripe"><td><a href="#t13">User Requirement 2</a></td><td class="num">0</td><td class="num">0</td><td class="num attn">2</td><td class="num">2,171</td><td></td><td></td></tr>
<tr><td><a href="#t14">User Requirement 3</a></td><td class="num">0</td><td class="num">0</td><td class="num attn">1</td><td class="num">2,352</td><td></td><td></td></tr>
<tr class="stripe"><td><a href="#t15">User Requirement 4 Part 1</a></td><td class="num">1</td><td class="num attn">1</td><td class="num attn">1</td><td class="num">34,359</td><td></td><td></td></tr>
<tr><td><a href="#t16">User Requirement 4 Part 2</a></td><td class="num">1</td><td class="num attn">1</td><td class="num attn">1</td><td class="num">33,722</td><td></td><td></td></tr>
<tr><th>Total</th><th class="num">11</th><th class="num attn">6</th><th class="num attn">18</th><th class="num">339,510</th><th colspan="2"></th></tr>
</table>
<table id='summary'><thead><tr><th>Class</th><th>Method</th><th>Start</th><th>Time (ms)</th></tr></thead><tbody><tr><th colspan="4">Test Suite Edge</th></tr></tbody><tbody id="t0"><tr><th colspan="4">User Requirement 1 &#8212; passed</th></tr><tr class="passedeven"><td rowspan="2">jl.project.EdgeTests.UserRequirement1_Test</td><td><a href="#m0">createCategory</a></td><td rowspan="1">1617361461459</td><td rowspan="1">342</td></tr><tr class="passedeven"><td><a href="#m1">deleteCategory</a></td><td rowspan="1">1617361461908</td><td rowspan="1">175</td></tr></tbody>
<tbody id="t1"><tr><th colspan="4">User Requirement 2 &#8212; failed</th></tr><tr class="failedeven"><td rowspan="2">jl.project.EdgeTests.UserRequirement2_Test</td><td><a href="#m2">createItem</a></td><td rowspan="1">1617361464432</td><td rowspan="1">379</td></tr><tr class="failedeven"><td><a href="#m3">deleteItem</a></td><td rowspan="1">1617361464910</td><td rowspan="1">12</td></tr></tbody>
<tbody id="t2"><tr><th colspan="4">User Requirement 3 &#8212; failed</th></tr><tr class="failedeven"><td rowspan="1">jl.project.EdgeTests.UserRequirement3_Test</td><td><a href="#m4">hideAndDisplayItem</a></td><td rowspan="1">1617361466315</td><td rowspan="1">1835</td></tr></tbody>
<tbody id="t3"><tr><th colspan="4">User Requirement 4 Part 1 &#8212; failed</th></tr><tr class="failedeven"><td rowspan="1">jl.project.EdgeTests.UserRequirement4_1_Test</td><td><a href="#m5">createAndDeleteItemWithKeyboardOnly_EnterKey</a></td><td rowspan="1">1617361490068</td><td rowspan="1">12173</td></tr><tr><th colspan="4">User Requirement 4 Part 1 &#8212; skipped</th></tr><tr class="skippedeven"><td rowspan="1">jl.project.EdgeTests.UserRequirement4_1_Test</td><td><a href="#m6">HideAndDisplayItemsWithKeyboardOnly_EnterKey</a></td><td rowspan="1">1617361502241</td><td rowspan="1">0</td></tr><tr><th colspan="4">User Requirement 4 Part 1 &#8212; passed</th></tr><tr class="passedeven"><td rowspan="1">jl.project.EdgeTests.UserRequirement4_1_Test</td><td><a href="#m7">createAndDeleteACategoryWithKeyboardOnly_EnterKey</a></td><td rowspan="1">1617361470306</td><td rowspan="1">19649</td></tr></tbody>
<tbody id="t4"><tr><th colspan="4">User Requirement 4 Part 2 &#8212; failed</th></tr><tr class="failedeven"><td rowspan="1">jl.project.EdgeTests.UserRequirement4_2_Test</td><td><a href="#m8">createAndDeleteItemWithKeyboardOnly_SpaceKey</a></td><td rowspan="1">1617361525489</td><td rowspan="1">12190</td></tr><tr><th colspan="4">User Requirement 4 Part 2 &#8212; skipped</th></tr><tr class="skippedeven"><td rowspan="1">jl.project.EdgeTests.UserRequirement4_2_Test</td><td><a href="#m9">HideAndDisplayItemsWithKeyboardOnly_SpaceKey</a></td><td rowspan="1">1617361537679</td><td rowspan="1">0</td></tr><tr><th colspan="4">User Requirement 4 Part 2 &#8212; passed</th></tr><tr class="passedeven"><td rowspan="1">jl.project.EdgeTests.UserRequirement4_2_Test</td><td><a href="#m10">createAndDeleteACategoryWithKeyboardOnly_SpaceKey</a></td><td rowspan="1">1617361504548</td><td rowspan="1">20837</td></tr></tbody>
<tbody><tr><th colspan="4">Test Suite Firefox</th></tr></tbody><tbody id="t5"><tr><th colspan="4">User Requirement 1 &#8212; passed</th></tr><tr class="passedeven"><td rowspan="2">jl.project.FirefoxTests.UserRequirement1_Test</td><td><a href="#m11">createCategory</a></td><td rowspan="1">1617361541983</td><td rowspan="1">633</td></tr><tr class="passedeven"><td><a href="#m12">deleteCategory</a></td><td rowspan="1">1617361542873</td><td rowspan="1">543</td></tr></tbody>
<tbody id="t6"><tr><th colspan="4">User Requirement 2 &#8212; failed</th></tr><tr class="failedeven"><td rowspan="2">jl.project.FirefoxTests.UserRequirement2_Test</td><td><a href="#m13">createItem</a></td><td rowspan="1">1617361547592</td><td rowspan="1">547</td></tr><tr class="failedeven"><td><a href="#m14">deleteItem</a></td><td rowspan="1">1617361548386</td><td rowspan="1">7</td></tr></tbody>
<tbody id="t7"><tr><th colspan="4">User Requirement 3 &#8212; failed</th></tr><tr class="failedeven"><td rowspan="1">jl.project.FirefoxTests.UserRequirement3_Test</td><td><a href="#m15">hideAndDisplayItem</a></td><td rowspan="1">1617361551834</td><td rowspan="1">1110</td></tr></tbody>
<tbody id="t8"><tr><th colspan="4">User Requirement 4 Part 1 &#8212; failed</th></tr><tr class="failedeven"><td rowspan="2">jl.project.FirefoxTests.UserRequirement4_1_Test</td><td><a href="#m16">createAndDeleteACategoryWithKeyboardOnly_EnterKey</a></td><td rowspan="1">1617361557330</td><td rowspan="1">9396</td></tr><tr class="failedeven"><td><a href="#m17">createAndDeleteItemWithKeyboardOnly_EnterKey</a></td><td rowspan="1">1617361567144</td><td rowspan="1">12218</td></tr><tr><th colspan="4">User Requirement 4 Part 1 &#8212; skipped</th></tr><tr class="skippedeven"><td rowspan="1">jl.project.FirefoxTests.UserRequirement4_1_Test</td><td><a href="#m18">HideAndDisplayItemsWithKeyboardOnly_EnterKey</a></td><td rowspan="1">1617361579362</td><td rowspan="1">0</td></tr></tbody>
<tbody id="t9"><tr><th colspan="4">User Requirement 4 Part 2 &#8212; failed</th></tr><tr class="failedeven"><td rowspan="2">jl.project.FirefoxTests.UserRequirement4_2_Test</td><td><a href="#m19">createAndDeleteACategoryWithKeyboardOnly_SpaceKey</a></td><td rowspan="1">1617361583335</td><td rowspan="1">9639</td></tr><tr class="failedeven"><td><a href="#m20">createAndDeleteItemWithKeyboardOnly_SpaceKey</a></td><td rowspan="1">1617361593229</td><td rowspan="1">12165</td></tr><tr><th colspan="4">User Requirement 4 Part 2 &#8212; skipped</th></tr><tr class="skippedeven"><td rowspan="1">jl.project.FirefoxTests.UserRequirement4_2_Test</td><td><a href="#m21">HideAndDisplayItemsWithKeyboardOnly_SpaceKey</a></td><td rowspan="1">1617361605394</td><td rowspan="1">0</td></tr></tbody>
<tbody><tr><th colspan="4">Test Suite Pa11y</th></tr></tbody><tbody id="t10"><tr><th colspan="4">Pa11y Test &#8212; passed</th></tr><tr class="passedeven"><td rowspan="1">jl.project.Pa11yTest.UserRequirement5_Pa11yTest</td><td><a href="#m22">pa11yTest</a></td><td rowspan="1">1617361706131</td><td rowspan="1">0</td></tr></tbody>
<tbody><tr><th colspan="4">Test Suite Screen Readers Test</th></tr></tbody><tbody id="t11"><tr><th colspan="4">Speech To TextConverter Test IBM &#8212; passed</th></tr><tr class="passedeven"><td rowspan="1">jl.project.ScreenReadersTests.SpeechToTextConverterIBMTest</td><td><a href="#m23">convertAudioToTextTest</a></td><td rowspan="1">1617361706592</td><td rowspan="1">15010</td></tr></tbody>
<tbody><tr><th colspan="4">Test Suite Chrome</th></tr></tbody><tbody id="t12"><tr><th colspan="4">User Requirement 1 &#8212; failed</th></tr><tr class="failedeven"><td rowspan="1">jl.project.ChromeTests.UserRequirement1_Test</td><td><a href="#m24">createCategory</a></td><td rowspan="1">1617361384719</td><td rowspan="1">341</td></tr><tr><th colspan="4">User Requirement 1 &#8212; passed</th></tr><tr class="passedeven"><td rowspan="1">jl.project.ChromeTests.UserRequirement1_Test</td><td><a href="#m25">deleteCategory</a></td><td rowspan="1">1617361385174</td><td rowspan="1">255</td></tr></tbody>
<tbody id="t13"><tr><th colspan="4">User Requirement 2 &#8212; failed</th></tr><tr class="failedeven"><td rowspan="2">jl.project.ChromeTests.UserRequirement2_Test</td><td><a href="#m26">createItem</a></td><td rowspan="1">1617361387146</td><td rowspan="1">375</td></tr><tr class="failedeven"><td><a href="#m27">deleteItem</a></td><td rowspan="1">1617361387619</td><td rowspan="1">11</td></tr></tbody>
<tbody id="t14"><tr><th colspan="4">User Requirement 3 &#8212; failed</th></tr><tr class="failedeven"><td rowspan="1">jl.project.ChromeTests.UserRequirement3_Test</td><td><a href="#m28">hideAndDisplayItem</a></td><td rowspan="1">1617361388807</td><td rowspan="1">1272</td></tr></tbody>
<tbody id="t15"><tr><th colspan="4">User Requirement 4 Part 1 &#8212; failed</th></tr><tr class="failedeven"><td rowspan="1">jl.project.ChromeTests.UserRequirement4_1_Test</td><td><a href="#m29">createAndDeleteItemWithKeyboardOnly_EnterKey</a></td><td rowspan="1">1617361412182</td><td rowspan="1">12171</td></tr><tr><th colspan="4">User Requirement 4 Part 1 &#8212; skipped</th></tr><tr class="skippedeven"><td rowspan="1">jl.project.ChromeTests.UserRequirement4_1_Test</td><td><a href="#m30">HideAndDisplayItemsWithKeyboardOnly_EnterKey</a></td><td rowspan="1">1617361424353</td><td rowspan="1">0</td></tr><tr><th colspan="4">User Requirement 4 Part 1 &#8212; passed</th></tr><tr class="passedeven"><td rowspan="1">jl.project.ChromeTests.UserRequirement4_1_Test</td><td><a href="#m31">createAndDeleteACategoryWithKeyboardOnly_EnterKey</a></td><td rowspan="1">1617361392186</td><td rowspan="1">19890</td></tr></tbody>
<tbody id="t16"><tr><th colspan="4">User Requirement 4 Part 2 &#8212; failed</th></tr><tr class="failedeven"><td rowspan="1">jl.project.ChromeTests.UserRequirement4_2_Test</td><td><a href="#m32">createAndDeleteItemWithKeyboardOnly_SpaceKey</a></td><td rowspan="1">1617361445913</td><td rowspan="1">12163</td></tr><tr><th colspan="4">User Requirement 4 Part 2 &#8212; skipped</th></tr><tr class="skippedeven"><td rowspan="1">jl.project.ChromeTests.UserRequirement4_2_Test</td><td><a href="#m33">HideAndDisplayItemsWithKeyboardOnly_SpaceKey</a></td><td rowspan="1">1617361458076</td><td rowspan="1">0</td></tr><tr><th colspan="4">User Requirement 4 Part 2 &#8212; passed</th></tr><tr class="passedeven"><td rowspan="1">jl.project.ChromeTests.UserRequirement4_2_Test</td><td><a href="#m34">createAndDeleteACategoryWithKeyboardOnly_SpaceKey</a></td><td rowspan="1">1617361426033</td><td rowspan="1">19786</td></tr></tbody>
</table>
<h2>User Requirement 1</h2><h3 id="m0">jl.project.EdgeTests.UserRequirement1_Test#createCategory</h3><table class="result"><tr><th class="invisible"/></tr></table><p class="totop"><a href="#summary">back to summary</a></p>
<h3 id="m1">jl.project.EdgeTests.UserRequirement1_Test#deleteCategory</h3><table class="result"><tr><th class="invisible"/></tr></table><p class="totop"><a href="#summary">back to summary</a></p>
<h2>User Requirement 2</h2><h3 id="m2">jl.project.EdgeTests.UserRequirement2_Test#createItem</h3><table class="result"><tr><th>Exception</th></tr><tr><td><div class="stacktrace">org.junit.ComparisonFailure: expected:&lt;[tru]e&gt; but was:&lt;[fals]e&gt;
	at jl.project.EdgeTests.UserRequirement2_Test.createItem(UserRequirement2_Test.java:98)
... Removed 32 stack frames</div></td></tr></table><p class="totop"><a href="#summary">back to summary</a></p>
<h3 id="m3">jl.project.EdgeTests.UserRequirement2_Test#deleteItem</h3><table class="result"><tr><th>Exception</th></tr><tr><td><div class="stacktrace">java.lang.AssertionError: There should be one item. Number of item found: 0
	at jl.project.EdgeTests.UserRequirement2_Test.deleteItem(UserRequirement2_Test.java:114)
... Removed 29 stack frames</div></td></tr></table><p class="totop"><a href="#summary">back to summary</a></p>
<h2>User Requirement 3</h2><h3 id="m4">jl.project.EdgeTests.UserRequirement3_Test#hideAndDisplayItem</h3><table class="result"><tr><th>Exception</th></tr><tr><td><div class="stacktrace">java.lang.NoClassDefFoundError: Could not initialize class net.sourceforge.tess4j.TessAPI
	at net.sourceforge.tess4j.Tesseract.init(Tesseract.java:427)
	at net.sourceforge.tess4j.Tesseract.doOCR(Tesseract.java:223)
	at net.sourceforge.tess4j.Tesseract.doOCR(Tesseract.java:195)
	at jl.project.EdgeTests.UserRequirement3_Test.hideAndDisplayItem(UserRequirement3_Test.java:115)
... Removed 29 stack frames</div></td></tr></table><p class="totop"><a href="#summary">back to summary</a></p>
<h2>User Requirement 4 Part 1</h2><h3 id="m5">jl.project.EdgeTests.UserRequirement4_1_Test#createAndDeleteItemWithKeyboardOnly_EnterKey</h3><table class="result"><tr><th>Exception</th></tr><tr><td><div class="stacktrace">org.junit.ComparisonFailure: expected:&lt;[tru]e&gt; but was:&lt;[fals]e&gt;
	at jl.project.EdgeTests.UserRequirement4_1_Test.createAndDeleteItemWithKeyboardOnly_EnterKey(UserRequirement4_1_Test.java:265)
... Removed 32 stack frames</div></td></tr></table><p class="totop"><a href="#summary">back to summary</a></p>
<h3 id="m6">jl.project.EdgeTests.UserRequirement4_1_Test#HideAndDisplayItemsWithKeyboardOnly_EnterKey</h3><table class="result"><tr><th>Exception</th></tr><tr><td><div class="stacktrace">java.lang.Throwable: Method UserRequirement4_1_Test.HideAndDisplayItemsWithKeyboardOnly_EnterKey()[pri:0, instance:jl.project.EdgeTests.UserRequirement4_1_Test@2002fc1d] depends on not successfully finished methods in group &quot;creation_deletion_edge_1&quot;
... Removed 22 stack frames</div></td></tr></table><p class="totop"><a href="#summary">back to summary</a></p>
<h3 id="m7">jl.project.EdgeTests.UserRequirement4_1_Test#createAndDeleteACategoryWithKeyboardOnly_EnterKey</h3><table class="result"><tr><th class="invisible"/></tr></table><p class="totop"><a href="#summary">back to summary</a></p>
<h2>User Requirement 4 Part 2</h2><h3 id="m8">jl.project.EdgeTests.UserRequirement4_2_Test#createAndDeleteItemWithKeyboardOnly_SpaceKey</h3><table class="result"><tr><th>Exception</th></tr><tr><td><div class="stacktrace">org.junit.ComparisonFailure: expected:&lt;[tru]e&gt; but was:&lt;[fals]e&gt;
	at jl.project.EdgeTests.UserRequirement4_2_Test.createAndDeleteItemWithKeyboardOnly_SpaceKey(UserRequirement4_2_Test.java:270)
... Removed 32 stack frames</div></td></tr></table><p class="totop"><a href="#summary">back to summary</a></p>
<h3 id="m9">jl.project.EdgeTests.UserRequirement4_2_Test#HideAndDisplayItemsWithKeyboardOnly_SpaceKey</h3><table class="result"><tr><th>Exception</th></tr><tr><td><div class="stacktrace">java.lang.Throwable: Method UserRequirement4_2_Test.HideAndDisplayItemsWithKeyboardOnly_SpaceKey()[pri:0, instance:jl.project.EdgeTests.UserRequirement4_2_Test@4988d8b8] depends on not successfully finished methods in group &quot;creation_deletion_edge_2&quot;
... Removed 22 stack frames</div></td></tr></table><p class="totop"><a href="#summary">back to summary</a></p>
<h3 id="m10">jl.project.EdgeTests.UserRequirement4_2_Test#createAndDeleteACategoryWithKeyboardOnly_SpaceKey</h3><table class="result"><tr><th class="invisible"/></tr></table><p class="totop"><a href="#summary">back to summary</a></p>
<h2>User Requirement 1</h2><h3 id="m11">jl.project.FirefoxTests.UserRequirement1_Test#createCategory</h3><table class="result"><tr><th class="invisible"/></tr></table><p class="totop"><a href="#summary">back to summary</a></p>
<h3 id="m12">jl.project.FirefoxTests.UserRequirement1_Test#deleteCategory</h3><table class="result"><tr><th class="invisible"/></tr></table><p class="totop"><a href="#summary">back to summary</a></p>
<h2>User Requirement 2</h2><h3 id="m13">jl.project.FirefoxTests.UserRequirement2_Test#createItem</h3><table class="result"><tr><th>Exception</th></tr><tr><td><div class="stacktrace">org.junit.ComparisonFailure: expected:&lt;[tru]e&gt; but was:&lt;[fals]e&gt;
	at jl.project.FirefoxTests.UserRequirement2_Test.createItem(UserRequirement2_Test.java:98)
... Removed 32 stack frames</div></td></tr></table><p class="totop"><a href="#summary">back to summary</a></p>
<h3 id="m14">jl.project.FirefoxTests.UserRequirement2_Test#deleteItem</h3><table class="result"><tr><th>Exception</th></tr><tr><td><div class="stacktrace">java.lang.AssertionError: There should be one item. Number of item found: 0
	at jl.project.FirefoxTests.UserRequirement2_Test.deleteItem(UserRequirement2_Test.java:113)
... Removed 29 stack frames</div></td></tr></table><p class="totop"><a href="#summary">back to summary</a></p>
<h2>User Requirement 3</h2><h3 id="m15">jl.project.FirefoxTests.UserRequirement3_Test#hideAndDisplayItem</h3><table class="result"><tr><th>Exception</th></tr><tr><td><div class="stacktrace">java.lang.NoClassDefFoundError: Could not initialize class net.sourceforge.tess4j.TessAPI
	at net.sourceforge.tess4j.Tesseract.init(Tesseract.java:427)
	at net.sourceforge.tess4j.Tesseract.doOCR(Tesseract.java:223)
	at net.sourceforge.tess4j.Tesseract.doOCR(Tesseract.java:195)
	at jl.project.FirefoxTests.UserRequirement3_Test.hideAndDisplayItem(UserRequirement3_Test.java:116)
... Removed 29 stack frames</div></td></tr></table><p class="totop"><a href="#summary">back to summary</a></p>
<h2>User Requirement 4 Part 1</h2><h3 id="m16">jl.project.FirefoxTests.UserRequirement4_1_Test#createAndDeleteACategoryWithKeyboardOnly_EnterKey</h3><table class="result"><tr><th>Exception</th></tr><tr><td><div class="stacktrace">org.junit.ComparisonFailure: expected:&lt;[tru]e&gt; but was:&lt;[fals]e&gt;
	at jl.project.FirefoxTests.UserRequirement4_1_Test.createAndDeleteACategoryWithKeyboardOnly_EnterKey(UserRequirement4_1_Test.java:130)
... Removed 32 stack frames</div></td></tr></table><p class="totop"><a href="#summary">back to summary</a></p>
<h3 id="m17">jl.project.FirefoxTests.UserRequirement4_1_Test#createAndDeleteItemWithKeyboardOnly_EnterKey</h3><table class="result"><tr><th>Exception</th></tr><tr><td><div class="stacktrace">org.junit.ComparisonFailure: expected:&lt;[tru]e&gt; but was:&lt;[fals]e&gt;
	at jl.project.FirefoxTests.UserRequirement4_1_Test.createAndDeleteItemWithKeyboardOnly_EnterKey(UserRequirement4_1_Test.java:269)
... Removed 32 stack frames</div></td></tr></table><p class="totop"><a href="#summary">back to summary</a></p>
<h3 id="m18">jl.project.FirefoxTests.UserRequirement4_1_Test#HideAndDisplayItemsWithKeyboardOnly_EnterKey</h3><table class="result"><tr><th>Exception</th></tr><tr><td><div class="stacktrace">java.lang.Throwable: Method UserRequirement4_1_Test.HideAndDisplayItemsWithKeyboardOnly_EnterKey()[pri:0, instance:jl.project.FirefoxTests.UserRequirement4_1_Test@385e9564] depends on not successfully finished methods in group &quot;creation_deletion_firefox_1&quot;
... Removed 22 stack frames</div></td></tr></table><p class="totop"><a href="#summary">back to summary</a></p>
<h2>User Requirement 4 Part 2</h2><h3 id="m19">jl.project.FirefoxTests.UserRequirement4_2_Test#createAndDeleteACategoryWithKeyboardOnly_SpaceKey</h3><table class="result"><tr><th>Exception</th></tr><tr><td><div class="stacktrace">org.junit.ComparisonFailure: expected:&lt;[tru]e&gt; but was:&lt;[fals]e&gt;
	at jl.project.FirefoxTests.UserRequirement4_2_Test.createAndDeleteACategoryWithKeyboardOnly_SpaceKey(UserRequirement4_2_Test.java:131)
... Removed 32 stack frames</div></td></tr></table><p class="totop"><a href="#summary">back to summary</a></p>
<h3 id="m20">jl.project.FirefoxTests.UserRequirement4_2_Test#createAndDeleteItemWithKeyboardOnly_SpaceKey</h3><table class="result"><tr><th>Exception</th></tr><tr><td><div class="stacktrace">org.junit.ComparisonFailure: expected:&lt;[tru]e&gt; but was:&lt;[fals]e&gt;
	at jl.project.FirefoxTests.UserRequirement4_2_Test.createAndDeleteItemWithKeyboardOnly_SpaceKey(UserRequirement4_2_Test.java:268)
... Removed 32 stack frames</div></td></tr></table><p class="totop"><a href="#summary">back to summary</a></p>
<h3 id="m21">jl.project.FirefoxTests.UserRequirement4_2_Test#HideAndDisplayItemsWithKeyboardOnly_SpaceKey</h3><table class="result"><tr><th>Exception</th></tr><tr><td><div class="stacktrace">java.lang.Throwable: Method UserRequirement4_2_Test.HideAndDisplayItemsWithKeyboardOnly_SpaceKey()[pri:0, instance:jl.project.FirefoxTests.UserRequirement4_2_Test@192c3f1e] depends on not successfully finished methods in group &quot;creation_deletion_firefox_2&quot;
... Removed 22 stack frames</div></td></tr></table><p class="totop"><a href="#summary">back to summary</a></p>
<h2>Pa11y Test</h2><h3 id="m22">jl.project.Pa11yTest.UserRequirement5_Pa11yTest#pa11yTest</h3><table class="result"><tr><th class="invisible"/></tr></table><p class="totop"><a href="#summary">back to summary</a></p>
<h2>Speech To TextConverter Test IBM</h2><h3 id="m23">jl.project.ScreenReadersTests.SpeechToTextConverterIBMTest#convertAudioToTextTest</h3><table class="result"><tr><th class="invisible"/></tr></table><p class="totop"><a href="#summary">back to summary</a></p>
<h2>User Requirement 1</h2><h3 id="m24">jl.project.ChromeTests.UserRequirement1_Test#createCategory</h3><table class="result"><tr><th>Exception</th></tr><tr><td><div class="stacktrace">java.lang.AssertionError: The app wasn&apos;t started.
	at jl.project.ChromeTests.UserRequirement1_Test.createCategory(UserRequirement1_Test.java:95)
... Removed 30 stack frames</div></td></tr></table><p class="totop"><a href="#summary">back to summary</a></p>
<h3 id="m25">jl.project.ChromeTests.UserRequirement1_Test#deleteCategory</h3><table class="result"><tr><th class="invisible"/></tr></table><p class="totop"><a href="#summary">back to summary</a></p>
<h2>User Requirement 2</h2><h3 id="m26">jl.project.ChromeTests.UserRequirement2_Test#createItem</h3><table class="result"><tr><th>Exception</th></tr><tr><td><div class="stacktrace">org.junit.ComparisonFailure: expected:&lt;[tru]e&gt; but was:&lt;[fals]e&gt;
	at jl.project.ChromeTests.UserRequirement2_Test.createItem(UserRequirement2_Test.java:100)
... Removed 32 stack frames</div></td></tr></table><p class="totop"><a href="#summary">back to summary</a></p>
<h3 id="m27">jl.project.ChromeTests.UserRequirement2_Test#deleteItem</h3><table class="result"><tr><th>Exception</th></tr><tr><td><div class="stacktrace">java.lang.AssertionError: There should be one item. Number of item found: 0
	at jl.project.ChromeTests.UserRequirement2_Test.deleteItem(UserRequirement2_Test.java:115)
... Removed 29 stack frames</div></td></tr></table><p class="totop"><a href="#summary">back to summary</a></p>
<h2>User Requirement 3</h2><h3 id="m28">jl.project.ChromeTests.UserRequirement3_Test#hideAndDisplayItem</h3><table class="result"><tr><th>Exception</th></tr><tr><td><div class="stacktrace">java.lang.UnsatisfiedLinkError: Unable to load library &apos;tesseract&apos;:
dlopen(libtesseract.dylib, 9): image not found
dlopen(libtesseract.dylib, 9): image not found
Native library (darwin/libtesseract.dylib) not found in resource path (/Users/jean-louis/Desktop/AccessibleTodoList_End2endTests/target/test-classes:/Users/jean-louis/Desktop/AccessibleTodoList_End2endTests/target/classes:/Users/jean-louis/.m2/repository/org/seleniumhq/selenium/selenium-java/3.13.0/selenium-java-3.13.0.jar:/Users/jean-louis/.m2/repository/org/seleniumhq/selenium/selenium-api/3.13.0/selenium-api-3.13.0.jar:/Users/jean-louis/.m2/repository/org/seleniumhq/selenium/selenium-chrome-driver/3.13.0/selenium-chrome-driver-3.13.0.jar:/Users/jean-louis/.m2/repository/org/seleniumhq/selenium/selenium-edge-driver/3.13.0/selenium-edge-driver-3.13.0.jar:/Users/jean-louis/.m2/repository/org/seleniumhq/selenium/selenium-firefox-driver/3.13.0/selenium-firefox-driver-3.13.0.jar:/Users/jean-louis/.m2/repository/org/seleniumhq/selenium/selenium-ie-driver/3.13.0/selenium-ie-driver-3.13.0.jar:/Users/jean-louis/.m2/repository/org/seleniumhq/selenium/selenium-opera-driver/3.13.0/selenium-opera-driver-3.13.0.jar:/Users/jean-louis/.m2/repository/org/seleniumhq/selenium/selenium-remote-driver/3.13.0/selenium-remote-driver-3.13.0.jar:/Users/jean-louis/.m2/repository/org/seleniumhq/selenium/selenium-safari-driver/3.13.0/selenium-safari-driver-3.13.0.jar:/Users/jean-louis/.m2/repository/org/seleniumhq/selenium/selenium-support/3.13.0/selenium-support-3.13.0.jar:/Users/jean-louis/.m2/repository/net/bytebuddy/byte-buddy/1.8.3/byte-buddy-1.8.3.jar:/Users/jean-louis/.m2/repository/org/apache/commons/commons-exec/1.3/commons-exec-1.3.jar:/Users/jean-louis/.m2/repository/commons-codec/commons-codec/1.10/commons-codec-1.10.jar:/Users/jean-louis/.m2/repository/commons-logging/commons-logging/1.2/commons-logging-1.2.jar:/Users/jean-louis/.m2/repository/com/google/code/gson/gson/2.8.4/gson-2.8.4.jar:/Users/jean-louis/.m2/repository/com/google/guava/guava/25.0-jre/guava-25.0-jre.jar:/Users/jean-louis/.m2/repository/com/google/code/findbugs/jsr305/1.3.9/jsr305-1.3.9.jar:/Users/jean-louis/.m2/repository/org/checkerframework/checker-compat-qual/2.0.0/checker-compat-qual-2.0.0.jar:/Users/jean-louis/.m2/repository/com/google/errorprone/error_prone_annotations/2.1.3/error_prone_annotations-2.1.3.jar:/Users/jean-louis/.m2/repository/com/google/j2objc/j2objc-annotations/1.1/j2objc-annotations-1.1.jar:/Users/jean-louis/.m2/repository/org/codehaus/mojo/animal-sniffer-annotations/1.14/animal-sniffer-annotations-1.14.jar:/Users/jean-louis/.m2/repository/org/apache/httpcomponents/httpclient/4.5.5/httpclient-4.5.5.jar:/Users/jean-louis/.m2/repository/org/apache/httpcomponents/httpcore/4.4.9/httpcore-4.4.9.jar:/Users/jean-louis/.m2/repository/com/squareup/okhttp3/okhttp/3.10.0/okhttp-3.10.0.jar:/Users/jean-louis/.m2/repository/com/squareup/okio/okio/1.14.1/okio-1.14.1.jar:/Users/jean-louis/.m2/repository/com/beust/jcommander/1.72/jcommander-1.72.jar:/Users/jean-louis/.m2/repository/org/testng/testng/6.13.1/testng-6.13.1.jar:/Users/jean-louis/.m2/repository/junit/junit/4.13.2/junit-4.13.2.jar:/Users/jean-louis/.m2/repository/org/hamcrest/hamcrest-core/1.3/hamcrest-core-1.3.jar:/Users/jean-louis/.m2/repository/org/assertj/assertj-core/3.8.0/assertj-core-3.8.0.jar:/Users/jean-louis/.m2/repository/com/itextpdf/pdfocr-tesseract4/1.0.2/pdfocr-tesseract4-1.0.2.jar:/Users/jean-louis/.m2/repository/com/itextpdf/pdfocr-api/1.0.2/pdfocr-api-1.0.2.jar:/Users/jean-louis/.m2/repository/com/itextpdf/layout/7.1.13/layout-7.1.13.jar:/Users/jean-louis/.m2/repository/com/itextpdf/pdfa/7.1.13/pdfa-7.1.13.jar:/Users/jean-louis/.m2/repository/org/apache/commons/commons-imaging/1.0-alpha1/commons-imaging-1.0-alpha1.jar:/Users/jean-louis/.m2/repository/com/itextpdf/styled-xml-parser/7.1.13/styled-xml-parser-7.1.13.jar:/Users/jean-louis/.m2/repository/com/itextpdf/io/7.1.13/io-7.1.13.jar:/Users/jean-louis/.m2/repository/com/itextpdf/kernel/7.1.13/kernel-7.1.13.jar:/Users/jean-louis/.m2/repository/org/bouncycastle/bcpkix-jdk15on/1.64/bcpkix-jdk15on-1.64.jar:/Users/jean-louis/.m2/repository/org/bouncycastle/bcprov-jdk15on/1.64/bcprov-jdk15on-1.64.jar:/Users/jean-louis/.m2/repository/net/sourceforge/tess4j/tess4j/4.5.1/tess4j-4.5.1.jar:/Users/jean-louis/.m2/repository/net/java/dev/jna/jna/5.5.0/jna-5.5.0.jar:/Users/jean-louis/.m2/repository/com/github/jai-imageio/jai-imageio-core/1.4.0/jai-imageio-core-1.4.0.jar:/Users/jean-louis/.m2/repository/org/apache/pdfbox/pdfbox/2.0.18/pdfbox-2.0.18.jar:/Users/jean-louis/.m2/repository/org/apache/pdfbox/fontbox/2.0.18/fontbox-2.0.18.jar:/Users/jean-louis/.m2/repository/org/apache/pdfbox/pdfbox-tools/2.0.18/pdfbox-tools-2.0.18.jar:/Users/jean-louis/.m2/repository/org/apache/pdfbox/pdfbox-debugger/2.0.18/pdfbox-debugger-2.0.18.jar:/Users/jean-louis/.m2/repository/org/apache/pdfbox/jbig2-imageio/3.0.3/jbig2-imageio-3.0.3.jar:/Users/jean-louis/.m2/repository/commons-io/commons-io/2.6/commons-io-2.6.jar:/Users/jean-louis/.m2/repository/net/sourceforge/lept4j/lept4j/1.13.0/lept4j-1.13.0.jar:/Users/jean-louis/.m2/repository/org/jboss/jboss-vfs/3.2.15.Final/jboss-vfs-3.2.15.Final.jar:/Users/jean-louis/.m2/repository/org/jboss/logging/jboss-logging/3.1.4.GA/jboss-logging-3.1.4.GA.jar:/Users/jean-louis/.m2/repository/ch/qos/logback/logback-classic/1.2.3/logback-classic-1.2.3.jar:/Users/jean-louis/.m2/repository/ch/qos/logback/logback-core/1.2.3/logback-core-1.2.3.jar:/Users/jean-louis/.m2/repository/org/slf4j/jul-to-slf4j/1.7.30/jul-to-slf4j-1.7.30.jar:/Users/jean-louis/.m2/repository/org/slf4j/jcl-over-slf4j/1.7.30/jcl-over-slf4j-1.7.30.jar:/Users/jean-louis/.m2/repository/org/slf4j/slf4j-api/1.7.13/slf4j-api-1.7.13.jar:/Users/jean-louis/.m2/repository/org/sonarsource/scanner/maven/sonar-maven-plugin/3.8.0.2131/sonar-maven-plugin-3.8.0.2131.jar:/Users/jean-louis/.m2/repository/org/sonatype/plexus/plexus-sec-dispatcher/1.4/plexus-sec-dispatcher-1.4.jar:/Users/jean-louis/.m2/repository/org/sonatype/plexus/plexus-cipher/1.4/plexus-cipher-1.4.jar:/Users/jean-louis/.m2/repository/org/codehaus/plexus/plexus-utils/3.2.1/plexus-utils-3.2.1.jar:/Users/jean-louis/.m2/repository/org/sonarsource/scanner/api/sonar-scanner-api/2.16.0.226/sonar-scanner-api-2.16.0.226.jar:/Users/jean-louis/.m2/repository/commons-lang/commons-lang/2.6/commons-lang-2.6.jar:/Users/jean-louis/.m2/repository/org/awaitility/awaitility/4.0.0/awaitility-4.0.0.jar:/Users/jean-louis/.m2/repository/org/hamcrest/hamcrest/2.1/hamcrest-2.1.jar:/Users/jean-louis/.m2/repository/org/objenesis/objenesis/2.6/objenesis-2.6.jar:/Users/jean-louis/.m2/repository/org/apache/maven/plugins/maven-compiler-plugin/3.8.1/maven-compiler-plugin-3.8.1.jar:/Users/jean-louis/.m2/repository/org/apache/maven/maven-plugin-api/3.0/maven-plugin-api-3.0.jar:/Users/jean-louis/.m2/repository/org/apache/maven/maven-model/3.0/maven-model-3.0.jar:/Users/jean-louis/.m2/repository/org/sonatype/sisu/sisu-inject-plexus/1.4.2/sisu-inject-plexus-1.4.2.jar:/Users/jean-louis/.m2/repository/org/sonatype/sisu/sisu-inject-bean/1.4.2/sisu-inject-bean-1.4.2.jar:/Users/jean-louis/.m2/repository/org/sonatype/sisu/sisu-guice/2.1.7/sisu-guice-2.1.7-noaop.jar:/Users/jean-louis/.m2/repository/org/apache/maven/maven-artifact/3.0/maven-artifact-3.0.jar:/Users/jean-louis/.m2/repository/org/apache/maven/maven-core/3.0/maven-core-3.0.jar:/Users/jean-louis/.m2/repository/org/apache/maven/maven-settings/3.0/maven-settings-3.0.jar:/Users/jean-louis/.m2/repository/org/apache/maven/maven-settings-builder/3.0/maven-settings-builder-3.0.jar:/Users/jean-louis/.m2/repository/org/apache/maven/maven-repository-metadata/3.0/maven-repository-metadata-3.0.jar:/Users/jean-louis/.m2/repository/org/apache/maven/maven-model-builder/3.0/maven-model-builder-3.0.jar:/Users/jean-louis/.m2/repository/org/apache/maven/maven-aether-provider/3.0/maven-aether-provider-3.0.jar:/Users/jean-louis/.m2/repository/org/sonatype/aether/aether-impl/1.7/aether-impl-1.7.jar:/Users/jean-louis/.m2/repository/org/sonatype/aether/aether-spi/1.7/aether-spi-1.7.jar:/Users/jean-louis/.m2/repository/org/sonatype/aether/aether-api/1.7/aether-api-1.7.jar:/Users/jean-louis/.m2/repository/org/sonatype/aether/aether-util/1.7/aether-util-1.7.jar:/Users/jean-louis/.m2/repository/org/codehaus/plexus/plexus-interpolation/1.14/plexus-interpolation-1.14.jar:/Users/jean-louis/.m2/repository/org/codehaus/plexus/plexus-classworlds/2.2.3/plexus-classworlds-2.2.3.jar:/Users/jean-louis/.m2/repository/org/codehaus/plexus/plexus-component-annotations/1.5.5/plexus-component-annotations-1.5.5.jar:/Users/jean-louis/.m2/repository/org/apache/maven/shared/maven-shared-utils/3.2.1/maven-shared-utils-3.2.1.jar:/Users/jean-louis/.m2/repository/org/apache/maven/shared/maven-shared-incremental/1.1/maven-shared-incremental-1.1.jar:/Users/jean-louis/.m2/repository/org/codehaus/plexus/plexus-java/0.9.10/plexus-java-0.9.10.jar:/Users/jean-louis/.m2/repository/org/ow2/asm/asm/6.2/asm-6.2.jar:/Users/jean-louis/.m2/repository/com/thoughtworks/qdox/qdox/2.0-M8/qdox-2.0-M8.jar:/Users/jean-louis/.m2/repository/org/codehaus/plexus/plexus-compiler-api/2.8.4/plexus-compiler-api-2.8.4.jar:/Users/jean-louis/.m2/repository/org/codehaus/plexus/plexus-compiler-manager/2.8.4/plexus-compiler-manager-2.8.4.jar:/Users/jean-louis/.m2/repository/org/codehaus/plexus/plexus-compiler-javac/2.8.4/plexus-compiler-javac-2.8.4.jar:)
	at com.sun.jna.NativeLibrary.loadLibrary(NativeLibrary.java:302)
	at com.sun.jna.NativeLibrary.getInstance(NativeLibrary.java:455)
	at com.sun.jna.Library$Handler.&lt;init&gt;(Library.java:192)
	at com.sun.jna.Native.loadLibrary(Native.java:646)
	at com.sun.jna.Native.loadLibrary(Native.java:630)
	at net.sourceforge.tess4j.util.LoadLibs.getTessAPIInstance(LoadLibs.java:85)
	at net.sourceforge.tess4j.TessAPI.&lt;clinit&gt;(TessAPI.java:42)
	at net.sourceforge.tess4j.Tesseract.init(Tesseract.java:427)
	at net.sourceforge.tess4j.Tesseract.doOCR(Tesseract.java:223)
	at net.sourceforge.tess4j.Tesseract.doOCR(Tesseract.java:195)
	at jl.project.ChromeTests.UserRequirement3_Test.hideAndDisplayItem(UserRequirement3_Test.java:117)
	Suppressed: java.lang.UnsatisfiedLinkError: dlopen(libtesseract.dylib, 9): image not found
		at com.sun.jna.Native.open(Native Method)
		at com.sun.jna.NativeLibrary.loadLibrary(NativeLibrary.java:191)
		... 39 more
	Suppressed: java.lang.UnsatisfiedLinkError: dlopen(libtesseract.dylib, 9): image not found
		at com.sun.jna.Native.open(Native Method)
		at com.sun.jna.NativeLibrary.loadLibrary(NativeLibrary.java:204)
		... 39 more
	Suppressed: java.io.IOException: Native library (darwin/libtesseract.dylib) not found in resource path (/Users/jean-louis/Desktop/AccessibleTodoList_End2endTests/target/test-classes:/Users/jean-louis/Desktop/AccessibleTodoList_End2endTests/target/classes:/Users/jean-louis/.m2/repository/org/seleniumhq/selenium/selenium-java/3.13.0/selenium-java-3.13.0.jar:/Users/jean-louis/.m2/repository/org/seleniumhq/selenium/selenium-api/3.13.0/selenium-api-3.13.0.jar:/Users/jean-louis/.m2/repository/org/seleniumhq/selenium/selenium-chrome-driver/3.13.0/selenium-chrome-driver-3.13.0.jar:/Users/jean-louis/.m2/repository/org/seleniumhq/selenium/selenium-edge-driver/3.13.0/selenium-edge-driver-3.13.0.jar:/Users/jean-louis/.m2/repository/org/seleniumhq/selenium/selenium-firefox-driver/3.13.0/selenium-firefox-driver-3.13.0.jar:/Users/jean-louis/.m2/repository/org/seleniumhq/selenium/selenium-ie-driver/3.13.0/selenium-ie-driver-3.13.0.jar:/Users/jean-louis/.m2/repository/org/seleniumhq/selenium/selenium-opera-driver/3.13.0/selenium-opera-driver-3.13.0.jar:/Users/jean-louis/.m2/repository/org/seleniumhq/selenium/selenium-remote-driver/3.13.0/selenium-remote-driver-3.13.0.jar:/Users/jean-louis/.m2/repository/org/seleniumhq/selenium/selenium-safari-driver/3.13.0/selenium-safari-driver-3.13.0.jar:/Users/jean-louis/.m2/repository/org/seleniumhq/selenium/selenium-support/3.13.0/selenium-support-3.13.0.jar:/Users/jean-louis/.m2/repository/net/bytebuddy/byte-buddy/1.8.3/byte-buddy-1.8.3.jar:/Users/jean-louis/.m2/repository/org/apache/commons/commons-exec/1.3/commons-exec-1.3.jar:/Users/jean-louis/.m2/repository/commons-codec/commons-codec/1.10/commons-codec-1.10.jar:/Users/jean-louis/.m2/repository/commons-logging/commons-logging/1.2/commons-logging-1.2.jar:/Users/jean-louis/.m2/repository/com/google/code/gson/gson/2.8.4/gson-2.8.4.jar:/Users/jean-louis/.m2/repository/com/google/guava/guava/25.0-jre/guava-25.0-jre.jar:/Users/jean-louis/.m2/repository/com/google/code/findbugs/jsr305/1.3.9/jsr305-1.3.9.jar:/Users/jean-louis/.m2/repository/org/checkerframework/checker-compat-qual/2.0.0/checker-compat-qual-2.0.0.jar:/Users/jean-louis/.m2/repository/com/google/errorprone/error_prone_annotations/2.1.3/error_prone_annotations-2.1.3.jar:/Users/jean-louis/.m2/repository/com/google/j2objc/j2objc-annotations/1.1/j2objc-annotations-1.1.jar:/Users/jean-louis/.m2/repository/org/codehaus/mojo/animal-sniffer-annotations/1.14/animal-sniffer-annotations-1.14.jar:/Users/jean-louis/.m2/repository/org/apache/httpcomponents/httpclient/4.5.5/httpclient-4.5.5.jar:/Users/jean-louis/.m2/repository/org/apache/httpcomponents/httpcore/4.4.9/httpcore-4.4.9.jar:/Users/jean-louis/.m2/repository/com/squareup/okhttp3/okhttp/3.10.0/okhttp-3.10.0.jar:/Users/jean-louis/.m2/repository/com/squareup/okio/okio/1.14.1/okio-1.14.1.jar:/Users/jean-louis/.m2/repository/com/beust/jcommander/1.72/jcommander-1.72.jar:/Users/jean-louis/.m2/repository/org/testng/testng/6.13.1/testng-6.13.1.jar:/Users/jean-louis/.m2/repository/junit/junit/4.13.2/junit-4.13.2.jar:/Users/jean-louis/.m2/repository/org/hamcrest/hamcrest-core/1.3/hamcrest-core-1.3.jar:/Users/jean-louis/.m2/repository/org/assertj/assertj-core/3.8.0/assertj-core-3.8.0.jar:/Users/jean-louis/.m2/repository/com/itextpdf/pdfocr-tesseract4/1.0.2/pdfocr-tesseract4-1.0.2.jar:/Users/jean-louis/.m2/repository/com/itextpdf/pdfocr-api/1.0.2/pdfocr-api-1.0.2.jar:/Users/jean-louis/.m2/repository/com/itextpdf/layout/7.1.13/layout-7.1.13.jar:/Users/jean-louis/.m2/repository/com/itextpdf/pdfa/7.1.13/pdfa-7.1.13.jar:/Users/jean-louis/.m2/repository/org/apache/commons/commons-imaging/1.0-alpha1/commons-imaging-1.0-alpha1.jar:/Users/jean-louis/.m2/repository/com/itextpdf/styled-xml-parser/7.1.13/styled-xml-parser-7.1.13.jar:/Users/jean-louis/.m2/repository/com/itextpdf/io/7.1.13/io-7.1.13.jar:/Users/jean-louis/.m2/repository/com/itextpdf/kernel/7.1.13/kernel-7.1.13.jar:/Users/jean-louis/.m2/repository/org/bouncycastle/bcpkix-jdk15on/1.64/bcpkix-jdk15on-1.64.jar:/Users/jean-louis/.m2/repository/org/bouncycastle/bcprov-jdk15on/1.64/bcprov-jdk15on-1.64.jar:/Users/jean-louis/.m2/repository/net/sourceforge/tess4j/tess4j/4.5.1/tess4j-4.5.1.jar:/Users/jean-louis/.m2/repository/net/java/dev/jna/jna/5.5.0/jna-5.5.0.jar:/Users/jean-louis/.m2/repository/com/github/jai-imageio/jai-imageio-core/1.4.0/jai-imageio-core-1.4.0.jar:/Users/jean-louis/.m2/repository/org/apache/pdfbox/pdfbox/2.0.18/pdfbox-2.0.18.jar:/Users/jean-louis/.m2/repository/org/apache/pdfbox/fontbox/2.0.18/fontbox-2.0.18.jar:/Users/jean-louis/.m2/repository/org/apache/pdfbox/pdfbox-tools/2.0.18/pdfbox-tools-2.0.18.jar:/Users/jean-louis/.m2/repository/org/apache/pdfbox/pdfbox-debugger/2.0.18/pdfbox-debugger-2.0.18.jar:/Users/jean-louis/.m2/repository/org/apache/pdfbox/jbig2-imageio/3.0.3/jbig2-imageio-3.0.3.jar:/Users/jean-louis/.m2/repository/commons-io/commons-io/2.6/commons-io-2.6.jar:/Users/jean-louis/.m2/repository/net/sourceforge/lept4j/lept4j/1.13.0/lept4j-1.13.0.jar:/Users/jean-louis/.m2/repository/org/jboss/jboss-vfs/3.2.15.Final/jboss-vfs-3.2.15.Final.jar:/Users/jean-louis/.m2/repository/org/jboss/logging/jboss-logging/3.1.4.GA/jboss-logging-3.1.4.GA.jar:/Users/jean-louis/.m2/repository/ch/qos/logback/logback-classic/1.2.3/logback-classic-1.2.3.jar:/Users/jean-louis/.m2/repository/ch/qos/logback/logback-core/1.2.3/logback-core-1.2.3.jar:/Users/jean-louis/.m2/repository/org/slf4j/jul-to-slf4j/1.7.30/jul-to-slf4j-1.7.30.jar:/Users/jean-louis/.m2/repository/org/slf4j/jcl-over-slf4j/1.7.30/jcl-over-slf4j-1.7.30.jar:/Users/jean-louis/.m2/repository/org/slf4j/slf4j-api/1.7.13/slf4j-api-1.7.13.jar:/Users/jean-louis/.m2/repository/org/sonarsource/scanner/maven/sonar-maven-plugin/3.8.0.2131/sonar-maven-plugin-3.8.0.2131.jar:/Users/jean-louis/.m2/repository/org/sonatype/plexus/plexus-sec-dispatcher/1.4/plexus-sec-dispatcher-1.4.jar:/Users/jean-louis/.m2/repository/org/sonatype/plexus/plexus-cipher/1.4/plexus-cipher-1.4.jar:/Users/jean-louis/.m2/repository/org/codehaus/plexus/plexus-utils/3.2.1/plexus-utils-3.2.1.jar:/Users/jean-louis/.m2/repository/org/sonarsource/scanner/api/sonar-scanner-api/2.16.0.226/sonar-scanner-api-2.16.0.226.jar:/Users/jean-louis/.m2/repository/commons-lang/commons-lang/2.6/commons-lang-2.6.jar:/Users/jean-louis/.m2/repository/org/awaitility/awaitility/4.0.0/awaitility-4.0.0.jar:/Users/jean-louis/.m2/repository/org/hamcrest/hamcrest/2.1/hamcrest-2.1.jar:/Users/jean-louis/.m2/repository/org/objenesis/objenesis/2.6/objenesis-2.6.jar:/Users/jean-louis/.m2/repository/org/apache/maven/plugins/maven-compiler-plugin/3.8.1/maven-compiler-plugin-3.8.1.jar:/Users/jean-louis/.m2/repository/org/apache/maven/maven-plugin-api/3.0/maven-plugin-api-3.0.jar:/Users/jean-louis/.m2/repository/org/apache/maven/maven-model/3.0/maven-model-3.0.jar:/Users/jean-louis/.m2/repository/org/sonatype/sisu/sisu-inject-plexus/1.4.2/sisu-inject-plexus-1.4.2.jar:/Users/jean-louis/.m2/repository/org/sonatype/sisu/sisu-inject-bean/1.4.2/sisu-inject-bean-1.4.2.jar:/Users/jean-louis/.m2/repository/org/sonatype/sisu/sisu-guice/2.1.7/sisu-guice-2.1.7-noaop.jar:/Users/jean-louis/.m2/repository/org/apache/maven/maven-artifact/3.0/maven-artifact-3.0.jar:/Users/jean-louis/.m2/repository/org/apache/maven/maven-core/3.0/maven-core-3.0.jar:/Users/jean-louis/.m2/repository/org/apache/maven/maven-settings/3.0/maven-settings-3.0.jar:/Users/jean-louis/.m2/repository/org/apache/maven/maven-settings-builder/3.0/maven-settings-builder-3.0.jar:/Users/jean-louis/.m2/repository/org/apache/maven/maven-repository-metadata/3.0/maven-repository-metadata-3.0.jar:/Users/jean-louis/.m2/repository/org/apache/maven/maven-model-builder/3.0/maven-model-builder-3.0.jar:/Users/jean-louis/.m2/repository/org/apache/maven/maven-aether-provider/3.0/maven-aether-provider-3.0.jar:/Users/jean-louis/.m2/repository/org/sonatype/aether/aether-impl/1.7/aether-impl-1.7.jar:/Users/jean-louis/.m2/repository/org/sonatype/aether/aether-spi/1.7/aether-spi-1.7.jar:/Users/jean-louis/.m2/repository/org/sonatype/aether/aether-api/1.7/aether-api-1.7.jar:/Users/jean-louis/.m2/repository/org/sonatype/aether/aether-util/1.7/aether-util-1.7.jar:/Users/jean-louis/.m2/repository/org/codehaus/plexus/plexus-interpolation/1.14/plexus-interpolation-1.14.jar:/Users/jean-louis/.m2/repository/org/codehaus/plexus/plexus-classworlds/2.2.3/plexus-classworlds-2.2.3.jar:/Users/jean-louis/.m2/repository/org/codehaus/plexus/plexus-component-annotations/1.5.5/plexus-component-annotations-1.5.5.jar:/Users/jean-louis/.m2/repository/org/apache/maven/shared/maven-shared-utils/3.2.1/maven-shared-utils-3.2.1.jar:/Users/jean-louis/.m2/repository/org/apache/maven/shared/maven-shared-incremental/1.1/maven-shared-incremental-1.1.jar:/Users/jean-louis/.m2/repository/org/codehaus/plexus/plexus-java/0.9.10/plexus-java-0.9.10.jar:/Users/jean-louis/.m2/repository/org/ow2/asm/asm/6.2/asm-6.2.jar:/Users/jean-louis/.m2/repository/com/thoughtworks/qdox/qdox/2.0-M8/qdox-2.0-M8.jar:/Users/jean-louis/.m2/repository/org/codehaus/plexus/plexus-compiler-api/2.8.4/plexus-compiler-api-2.8.4.jar:/Users/jean-louis/.m2/repository/org/codehaus/plexus/plexus-compiler-manager/2.8.4/plexus-compiler-manager-2.8.4.jar:/Users/jean-louis/.m2/repository/org/codehaus/plexus/plexus-compiler-javac/2.8.4/plexus-compiler-javac-2.8.4.jar:)
		at com.sun.jna.Native.extractFromResourcePath(Native.java:1095)
		at com.sun.jna.NativeLibrary.loadLibrary(NativeLibrary.java:276)
		... 39 more
... Removed 29 stack frames</div></td></tr></table><p class="totop"><a href="#summary">back to summary</a></p>
<h2>User Requirement 4 Part 1</h2><h3 id="m29">jl.project.ChromeTests.UserRequirement4_1_Test#createAndDeleteItemWithKeyboardOnly_EnterKey</h3><table class="result"><tr><th>Exception</th></tr><tr><td><div class="stacktrace">org.junit.ComparisonFailure: expected:&lt;[tru]e&gt; but was:&lt;[fals]e&gt;
	at jl.project.ChromeTests.UserRequirement4_1_Test.createAndDeleteItemWithKeyboardOnly_EnterKey(UserRequirement4_1_Test.java:266)
... Removed 32 stack frames</div></td></tr></table><p class="totop"><a href="#summary">back to summary</a></p>
<h3 id="m30">jl.project.ChromeTests.UserRequirement4_1_Test#HideAndDisplayItemsWithKeyboardOnly_EnterKey</h3><table class="result"><tr><th>Exception</th></tr><tr><td><div class="stacktrace">java.lang.Throwable: Method UserRequirement4_1_Test.HideAndDisplayItemsWithKeyboardOnly_EnterKey()[pri:0, instance:jl.project.ChromeTests.UserRequirement4_1_Test@7a8c8dcf] depends on not successfully finished methods in group &quot;creation_deletion_Chrome_1&quot;
... Removed 22 stack frames</div></td></tr></table><p class="totop"><a href="#summary">back to summary</a></p>
<h3 id="m31">jl.project.ChromeTests.UserRequirement4_1_Test#createAndDeleteACategoryWithKeyboardOnly_EnterKey</h3><table class="result"><tr><th class="invisible"/></tr></table><p class="totop"><a href="#summary">back to summary</a></p>
<h2>User Requirement 4 Part 2</h2><h3 id="m32">jl.project.ChromeTests.UserRequirement4_2_Test#createAndDeleteItemWithKeyboardOnly_SpaceKey</h3><table class="result"><tr><th>Exception</th></tr><tr><td><div class="stacktrace">org.junit.ComparisonFailure: expected:&lt;[tru]e&gt; but was:&lt;[fals]e&gt;
	at jl.project.ChromeTests.UserRequirement4_2_Test.createAndDeleteItemWithKeyboardOnly_SpaceKey(UserRequirement4_2_Test.java:270)
... Removed 32 stack frames</div></td></tr></table><p class="totop"><a href="#summary">back to summary</a></p>
<h3 id="m33">jl.project.ChromeTests.UserRequirement4_2_Test#HideAndDisplayItemsWithKeyboardOnly_SpaceKey</h3><table class="result"><tr><th>Exception</th></tr><tr><td><div class="stacktrace">java.lang.Throwable: Method UserRequirement4_2_Test.HideAndDisplayItemsWithKeyboardOnly_SpaceKey()[pri:0, instance:jl.project.ChromeTests.UserRequirement4_2_Test@1ff4931d] depends on not successfully finished methods in group &quot;creation_deletion_Chrome_2&quot;
... Removed 22 stack frames</div></td></tr></table><p class="totop"><a href="#summary">back to summary</a></p>
<h3 id="m34">jl.project.ChromeTests.UserRequirement4_2_Test#createAndDeleteACategoryWithKeyboardOnly_SpaceKey</h3><table class="result"><tr><th class="invisible"/></tr></table><p class="totop"><a href="#summary">back to summary</a></p>
</body>
</html>
