<?xml version="1.0" encoding="UTF-8"?>
<testsuite xmlns:xsi="http://www.w3.org/2001/XMLSchema-instance" xsi:noNamespaceSchemaLocation="https://maven.apache.org/surefire/maven-surefire-plugin/xsd/surefire-test-report.xsd" name="TestSuite" time="340.513" tests="35" errors="0" skipped="6" failures="18">
  <properties>
    <property name="gopherProxySet" value="false"/>
    <property name="awt.toolkit" value="sun.lwawt.macosx.LWCToolkit"/>
    <property name="java.specification.version" value="11"/>
    <property name="sun.cpu.isalist" value=""/>
    <property name="sun.jnu.encoding" value="UTF-8"/>
    <property name="java.class.path" value="/Users/jean-louis/Desktop/AccessibleTodoList_End2endTests/target/test-classes:/Users/jean-louis/Desktop/AccessibleTodoList_End2endTests/target/classes:/Users/jean-louis/.m2/repository/org/seleniumhq/selenium/selenium-java/3.13.0/selenium-java-3.13.0.jar:/Users/jean-louis/.m2/repository/org/seleniumhq/selenium/selenium-api/3.13.0/selenium-api-3.13.0.jar:/Users/jean-louis/.m2/repository/org/seleniumhq/selenium/selenium-chrome-driver/3.13.0/selenium-chrome-driver-3.13.0.jar:/Users/jean-louis/.m2/repository/org/seleniumhq/selenium/selenium-edge-driver/3.13.0/selenium-edge-driver-3.13.0.jar:/Users/jean-louis/.m2/repository/org/seleniumhq/selenium/selenium-firefox-driver/3.13.0/selenium-firefox-driver-3.13.0.jar:/Users/jean-louis/.m2/repository/org/seleniumhq/selenium/selenium-ie-driver/3.13.0/selenium-ie-driver-3.13.0.jar:/Users/jean-louis/.m2/repository/org/seleniumhq/selenium/selenium-opera-driver/3.13.0/selenium-opera-driver-3.13.0.jar:/Users/jean-louis/.m2/repository/org/seleniumhq/selenium/selenium-remote-driver/3.13.0/selenium-remote-driver-3.13.0.jar:/Users/jean-louis/.m2/repository/org/seleniumhq/selenium/selenium-safari-driver/3.13.0/selenium-safari-driver-3.13.0.jar:/Users/jean-louis/.m2/repository/org/seleniumhq/selenium/selenium-support/3.13.0/selenium-support-3.13.0.jar:/Users/jean-louis/.m2/repository/net/bytebuddy/byte-buddy/1.8.3/byte-buddy-1.8.3.jar:/Users/jean-louis/.m2/repository/org/apache/commons/commons-exec/1.3/commons-exec-1.3.jar:/Users/jean-louis/.m2/repository/commons-codec/commons-codec/1.10/commons-codec-1.10.jar:/Users/jean-louis/.m2/repository/commons-logging/commons-logging/1.2/commons-logging-1.2.jar:/Users/jean-louis/.m2/repository/com/google/code/gson/gson/2.8.4/gson-2.8.4.jar:/Users/jean-louis/.m2/repository/com/google/guava/guava/25.0-jre/guava-25.0-jre.jar:/Users/jean-louis/.m2/repository/com/google/code/findbugs/jsr305/1.3.9/jsr305-1.3.9.jar:/Users/jean-louis/.m2/repository/org/checkerframework/checker-compat-qual/2.0.0/checker-compat-qual-2.0.0.jar:/Users/jean-louis/.m2/repository/com/google/errorprone/error_prone_annotations/2.1.3/error_prone_annotations-2.1.3.jar:/Users/jean-louis/.m2/repository/com/google/j2objc/j2objc-annotations/1.1/j2objc-annotations-1.1.jar:/Users/jean-louis/.m2/repository/org/codehaus/mojo/animal-sniffer-annotations/1.14/animal-sniffer-annotations-1.14.jar:/Users/jean-louis/.m2/repository/org/apache/httpcomponents/httpclient/4.5.5/httpclient-4.5.5.jar:/Users/jean-louis/.m2/repository/org/apache/httpcomponents/httpcore/4.4.9/httpcore-4.4.9.jar:/Users/jean-louis/.m2/repository/com/squareup/okhttp3/okhttp/3.10.0/okhttp-3.10.0.jar:/Users/jean-louis/.m2/repository/com/squareup/okio/okio/1.14.1/okio-1.14.1.jar:/Users/jean-louis/.m2/repository/com/beust/jcommander/1.72/jcommander-1.72.jar:/Users/jean-louis/.m2/repository/org/testng/testng/6.13.1/testng-6.13.1.jar:/Users/jean-louis/.m2/repository/junit/junit/4.13.2/junit-4.13.2.jar:/Users/jean-louis/.m2/repository/org/hamcrest/hamcrest-core/1.3/hamcrest-core-1.3.jar:/Users/jean-louis/.m2/repository/org/assertj/assertj-core/3.8.0/assertj-core-3.8.0.jar:/Users/jean-louis/.m2/repository/com/itextpdf/pdfocr-tesseract4/1.0.2/pdfocr-tesseract4-1.0.2.jar:/Users/jean-louis/.m2/repository/com/itextpdf/pdfocr-api/1.0.2/pdfocr-api-1.0.2.jar:/Users/jean-louis/.m2/repository/com/itextpdf/layout/7.1.13/layout-7.1.13.jar:/Users/jean-louis/.m2/repository/com/itextpdf/pdfa/7.1.13/pdfa-7.1.13.jar:/Users/jean-louis/.m2/repository/org/apache/commons/commons-imaging/1.0-alpha1/commons-imaging-1.0-alpha1.jar:/Users/jean-louis/.m2/repository/com/itextpdf/styled-xml-parser/7.1.13/styled-xml-parser-7.1.13.jar:/Users/jean-louis/.m2/repository/com/itextpdf/io/7.1.13/io-7.1.13.jar:/Users/jean-louis/.m2/repository/com/itextpdf/kernel/7.1.13/kernel-7.1.13.jar:/Users/jean-louis/.m2/repository/org/bouncycastle/bcpkix-jdk15on/1.64/bcpkix-jdk15on-1.64.jar:/Users/jean-louis/.m2/repository/org/bouncycastle/bcprov-jdk15on/1.64/bcprov-jdk15on-1.64.jar:/Users/jean-louis/.m2/repository/net/sourceforge/tess4j/tess4j/4.5.1/tess4j-4.5.1.jar:/Users/jean-louis/.m2/repository/net/java/dev/jna/jna/5.5.0/jna-5.5.0.jar:/Users/jean-louis/.m2/repository/com/github/jai-imageio/jai-imageio-core/1.4.0/jai-imageio-core-1.4.0.jar:/Users/jean-louis/.m2/repository/org/apache/pdfbox/pdfbox/2.0.18/pdfbox-2.0.18.jar:/Users/jean-louis/.m2/repository/org/apache/pdfbox/fontbox/2.0.18/fontbox-2.0.18.jar:/Users/jean-louis/.m2/repository/org/apache/pdfbox/pdfbox-tools/2.0.18/pdfbox-tools-2.0.18.jar:/Users/jean-louis/.m2/repository/org/apache/pdfbox/pdfbox-debugger/2.0.18/pdfbox-debugger-2.0.18.jar:/Users/jean-louis/.m2/repository/org/apache/pdfbox/jbig2-imageio/3.0.3/jbig2-imageio-3.0.3.jar:/Users/jean-louis/.m2/repository/commons-io/commons-io/2.6/commons-io-2.6.jar:/Users/jean-louis/.m2/repository/net/sourceforge/lept4j/lept4j/1.13.0/lept4j-1.13.0.jar:/Users/jean-louis/.m2/repository/org/jboss/jboss-vfs/3.2.15.Final/jboss-vfs-3.2.15.Final.jar:/Users/jean-louis/.m2/repository/org/jboss/logging/jboss-logging/3.1.4.GA/jboss-logging-3.1.4.GA.jar:/Users/jean-louis/.m2/repository/ch/qos/logback/logback-classic/1.2.3/logback-classic-1.2.3.jar:/Users/jean-louis/.m2/repository/ch/qos/logback/logback-core/1.2.3/logback-core-1.2.3.jar:/Users/jean-louis/.m2/repository/org/slf4j/jul-to-slf4j/1.7.30/jul-to-slf4j-1.7.30.jar:/Users/jean-louis/.m2/repository/org/slf4j/jcl-over-slf4j/1.7.30/jcl-over-slf4j-1.7.30.jar:/Users/jean-louis/.m2/repository/org/slf4j/slf4j-api/1.7.13/slf4j-api-1.7.13.jar:/Users/jean-louis/.m2/repository/org/sonarsource/scanner/maven/sonar-maven-plugin/3.8.0.2131/sonar-maven-plugin-3.8.0.2131.jar:/Users/jean-louis/.m2/repository/org/sonatype/plexus/plexus-sec-dispatcher/1.4/plexus-sec-dispatcher-1.4.jar:/Users/jean-louis/.m2/repository/org/sonatype/plexus/plexus-cipher/1.4/plexus-cipher-1.4.jar:/Users/jean-louis/.m2/repository/org/codehaus/plexus/plexus-utils/3.2.1/plexus-utils-3.2.1.jar:/Users/jean-louis/.m2/repository/org/sonarsource/scanner/api/sonar-scanner-api/2.16.0.226/sonar-scanner-api-2.16.0.226.jar:/Users/jean-louis/.m2/repository/commons-lang/commons-lang/2.6/commons-lang-2.6.jar:/Users/jean-louis/.m2/repository/org/awaitility/awaitility/4.0.0/awaitility-4.0.0.jar:/Users/jean-louis/.m2/repository/org/hamcrest/hamcrest/2.1/hamcrest-2.1.jar:/Users/jean-louis/.m2/repository/org/objenesis/objenesis/2.6/objenesis-2.6.jar:/Users/jean-louis/.m2/repository/org/apache/maven/plugins/maven-compiler-plugin/3.8.1/maven-compiler-plugin-3.8.1.jar:/Users/jean-louis/.m2/repository/org/apache/maven/maven-plugin-api/3.0/maven-plugin-api-3.0.jar:/Users/jean-louis/.m2/repository/org/apache/maven/maven-model/3.0/maven-model-3.0.jar:/Users/jean-louis/.m2/repository/org/sonatype/sisu/sisu-inject-plexus/1.4.2/sisu-inject-plexus-1.4.2.jar:/Users/jean-louis/.m2/repository/org/sonatype/sisu/sisu-inject-bean/1.4.2/sisu-inject-bean-1.4.2.jar:/Users/jean-louis/.m2/repository/org/sonatype/sisu/sisu-guice/2.1.7/sisu-guice-2.1.7-noaop.jar:/Users/jean-louis/.m2/repository/org/apache/maven/maven-artifact/3.0/maven-artifact-3.0.jar:/Users/jean-louis/.m2/repository/org/apache/maven/maven-core/3.0/maven-core-3.0.jar:/Users/jean-louis/.m2/repository/org/apache/maven/maven-settings/3.0/maven-settings-3.0.jar:/Users/jean-louis/.m2/repository/org/apache/maven/maven-settings-builder/3.0/maven-settings-builder-3.0.jar:/Users/jean-louis/.m2/repository/org/apache/maven/maven-repository-metadata/3.0/maven-repository-metadata-3.0.jar:/Users/jean-louis/.m2/repository/org/apache/maven/maven-model-builder/3.0/maven-model-builder-3.0.jar:/Users/jean-louis/.m2/repository/org/apache/maven/maven-aether-provider/3.0/maven-aether-provider-3.0.jar:/Users/jean-louis/.m2/repository/org/sonatype/aether/aether-impl/1.7/aether-impl-1.7.jar:/Users/jean-louis/.m2/repository/org/sonatype/aether/aether-spi/1.7/aether-spi-1.7.jar:/Users/jean-louis/.m2/repository/org/sonatype/aether/aether-api/1.7/aether-api-1.7.jar:/Users/jean-louis/.m2/repository/org/sonatype/aether/aether-util/1.7/aether-util-1.7.jar:/Users/jean-louis/.m2/repository/org/codehaus/plexus/plexus-interpolation/1.14/plexus-interpolation-1.14.jar:/Users/jean-louis/.m2/repository/org/codehaus/plexus/plexus-classworlds/2.2.3/plexus-classworlds-2.2.3.jar:/Users/jean-louis/.m2/repository/org/codehaus/plexus/plexus-component-annotations/1.5.5/plexus-component-annotations-1.5.5.jar:/Users/jean-louis/.m2/repository/org/apache/maven/shared/maven-shared-utils/3.2.1/maven-shared-utils-3.2.1.jar:/Users/jean-louis/.m2/repository/org/apache/maven/shared/maven-shared-incremental/1.1/maven-shared-incremental-1.1.jar:/Users/jean-louis/.m2/repository/org/codehaus/plexus/plexus-java/0.9.10/plexus-java-0.9.10.jar:/Users/jean-louis/.m2/repository/org/ow2/asm/asm/6.2/asm-6.2.jar:/Users/jean-louis/.m2/repository/com/thoughtworks/qdox/qdox/2.0-M8/qdox-2.0-M8.jar:/Users/jean-louis/.m2/repository/org/codehaus/plexus/plexus-compiler-api/2.8.4/plexus-compiler-api-2.8.4.jar:/Users/jean-louis/.m2/repository/org/codehaus/plexus/plexus-compiler-manager/2.8.4/plexus-compiler-manager-2.8.4.jar:/Users/jean-louis/.m2/repository/org/codehaus/plexus/plexus-compiler-javac/2.8.4/plexus-compiler-javac-2.8.4.jar:"/>
    <property name="java.vm.vendor" value="Oracle Corporation"/>
    <property name="sun.arch.data.model" value="64"/>
    <property name="java.vendor.url" value="https://openjdk.java.net/"/>
    <property name="user.timezone" value=""/>
    <property name="java.vm.specification.version" value="11"/>
    <property name="os.name" value="Mac OS X"/>
    <property name="sun.java.launcher" value="SUN_STANDARD"/>
    <property name="user.country" value="US"/>
    <property name="sun.boot.library.path" value="/Library/Java/JavaVirtualMachines/jdk-11.0.10.jdk/Contents/Home/lib"/>
    <property name="sun.java.command" value="/Users/jean-louis/Desktop/AccessibleTodoList_End2endTests/target/surefire/surefirebooter283741596460712300.jar /Users/jean-louis/Desktop/AccessibleTodoList_End2endTests/target/surefire 2021-04-02T13-03-00_963-jvmRun1 surefire13118835152196590635tmp surefire_011132148780541608175tmp"/>
    <property name="http.nonProxyHosts" value="local|*.local|169.254/16|*.169.254/16"/>
    <property name="jdk.debug" value="release"/>
    <property name="surefire.test.class.path" value="/Users/jean-louis/Desktop/AccessibleTodoList_End2endTests/target/test-classes:/Users/jean-louis/Desktop/AccessibleTodoList_End2endTests/target/classes:/Users/jean-louis/.m2/repository/org/seleniumhq/selenium/selenium-java/3.13.0/selenium-java-3.13.0.jar:/Users/jean-louis/.m2/repository/org/seleniumhq/selenium/selenium-api/3.13.0/selenium-api-3.13.0.jar:/Users/jean-louis/.m2/repository/org/seleniumhq/selenium/selenium-chrome-driver/3.13.0/selenium-chrome-driver-3.13.0.jar:/Users/jean-louis/.m2/repository/org/seleniumhq/selenium/selenium-edge-driver/3.13.0/selenium-edge-driver-3.13.0.jar:/Users/jean-louis/.m2/repository/org/seleniumhq/selenium/selenium-firefox-driver/3.13.0/selenium-firefox-driver-3.13.0.jar:/Users/jean-louis/.m2/repository/org/seleniumhq/selenium/selenium-ie-driver/3.13.0/selenium-ie-driver-3.13.0.jar:/Users/jean-louis/.m2/repository/org/seleniumhq/selenium/selenium-opera-driver/3.13.0/selenium-opera-driver-3.13.0.jar:/Users/jean-louis/.m2/repository/org/seleniumhq/selenium/selenium-remote-driver/3.13.0/selenium-remote-driver-3.13.0.jar:/Users/jean-louis/.m2/repository/org/seleniumhq/selenium/selenium-safari-driver/3.13.0/selenium-safari-driver-3.13.0.jar:/Users/jean-louis/.m2/repository/org/seleniumhq/selenium/selenium-support/3.13.0/selenium-support-3.13.0.jar:/Users/jean-louis/.m2/repository/net/bytebuddy/byte-buddy/1.8.3/byte-buddy-1.8.3.jar:/Users/jean-louis/.m2/repository/org/apache/commons/commons-exec/1.3/commons-exec-1.3.jar:/Users/jean-louis/.m2/repository/commons-codec/commons-codec/1.10/commons-codec-1.10.jar:/Users/jean-louis/.m2/repository/commons-logging/commons-logging/1.2/commons-logging-1.2.jar:/Users/jean-louis/.m2/repository/com/google/code/gson/gson/2.8.4/gson-2.8.4.jar:/Users/jean-louis/.m2/repository/com/google/guava/guava/25.0-jre/guava-25.0-jre.jar:/Users/jean-louis/.m2/repository/com/google/code/findbugs/jsr305/1.3.9/jsr305-1.3.9.jar:/Users/jean-louis/.m2/repository/org/checkerframework/checker-compat-qual/2.0.0/checker-compat-qual-2.0.0.jar:/Users/jean-louis/.m2/repository/com/google/errorprone/error_prone_annotations/2.1.3/error_prone_annotations-2.1.3.jar:/Users/jean-louis/.m2/repository/com/google/j2objc/j2objc-annotations/1.1/j2objc-annotations-1.1.jar:/Users/jean-louis/.m2/repository/org/codehaus/mojo/animal-sniffer-annotations/1.14/animal-sniffer-annotations-1.14.jar:/Users/jean-louis/.m2/repository/org/apache/httpcomponents/httpclient/4.5.5/httpclient-4.5.5.jar:/Users/jean-louis/.m2/repository/org/apache/httpcomponents/httpcore/4.4.9/httpcore-4.4.9.jar:/Users/jean-louis/.m2/repository/com/squareup/okhttp3/okhttp/3.10.0/okhttp-3.10.0.jar:/Users/jean-louis/.m2/repository/com/squareup/okio/okio/1.14.1/okio-1.14.1.jar:/Users/jean-louis/.m2/repository/com/beust/jcommander/1.72/jcommander-1.72.jar:/Users/jean-louis/.m2/repository/org/testng/testng/6.13.1/testng-6.13.1.jar:/Users/jean-louis/.m2/repository/junit/junit/4.13.2/junit-4.13.2.jar:/Users/jean-louis/.m2/repository/org/hamcrest/hamcrest-core/1.3/hamcrest-core-1.3.jar:/Users/jean-louis/.m2/repository/org/assertj/assertj-core/3.8.0/assertj-core-3.8.0.jar:/Users/jean-louis/.m2/repository/com/itextpdf/pdfocr-tesseract4/1.0.2/pdfocr-tesseract4-1.0.2.jar:/Users/jean-louis/.m2/repository/com/itextpdf/pdfocr-api/1.0.2/pdfocr-api-1.0.2.jar:/Users/jean-louis/.m2/repository/com/itextpdf/layout/7.1.13/layout-7.1.13.jar:/Users/jean-louis/.m2/repository/com/itextpdf/pdfa/7.1.13/pdfa-7.1.13.jar:/Users/jean-louis/.m2/repository/org/apache/commons/commons-imaging/1.0-alpha1/commons-imaging-1.0-alpha1.jar:/Users/jean-louis/.m2/repository/com/itextpdf/styled-xml-parser/7.1.13/styled-xml-parser-7.1.13.jar:/Users/jean-louis/.m2/repository/com/itextpdf/io/7.1.13/io-7.1.13.jar:/Users/jean-louis/.m2/repository/com/itextpdf/kernel/7.1.13/kernel-7.1.13.jar:/Users/jean-louis/.m2/repository/org/bouncycastle/bcpkix-jdk15on/1.64/bcpkix-jdk15on-1.64.jar:/Users/jean-louis/.m2/repository/org/bouncycastle/bcprov-jdk15on/1.64/bcprov-jdk15on-1.64.jar:/Users/jean-louis/.m2/repository/net/sourceforge/tess4j/tess4j/4.5.1/tess4j-4.5.1.jar:/Users/jean-louis/.m2/repository/net/java/dev/jna/jna/5.5.0/jna-5.5.0.jar:/Users/jean-louis/.m2/repository/com/github/jai-imageio/jai-imageio-core/1.4.0/jai-imageio-core-1.4.0.jar:/Users/jean-louis/.m2/repository/org/apache/pdfbox/pdfbox/2.0.18/pdfbox-2.0.18.jar:/Users/jean-louis/.m2/repository/org/apache/pdfbox/fontbox/2.0.18/fontbox-2.0.18.jar:/Users/jean-louis/.m2/repository/org/apache/pdfbox/pdfbox-tools/2.0.18/pdfbox-tools-2.0.18.jar:/Users/jean-louis/.m2/repository/org/apache/pdfbox/pdfbox-debugger/2.0.18/pdfbox-debugger-2.0.18.jar:/Users/jean-louis/.m2/repository/org/apache/pdfbox/jbig2-imageio/3.0.3/jbig2-imageio-3.0.3.jar:/Users/jean-louis/.m2/repository/commons-io/commons-io/2.6/commons-io-2.6.jar:/Users/jean-louis/.m2/repository/net/sourceforge/lept4j/lept4j/1.13.0/lept4j-1.13.0.jar:/Users/jean-louis/.m2/repository/org/jboss/jboss-vfs/3.2.15.Final/jboss-vfs-3.2.15.Final.jar:/Users/jean-louis/.m2/repository/org/jboss/logging/jboss-logging/3.1.4.GA/jboss-logging-3.1.4.GA.jar:/Users/jean-louis/.m2/repository/ch/qos/logback/logback-classic/1.2.3/logback-classic-1.2.3.jar:/Users/jean-louis/.m2/repository/ch/qos/logback/logback-core/1.2.3/logback-core-1.2.3.jar:/Users/jean-louis/.m2/repository/org/slf4j/jul-to-slf4j/1.7.30/jul-to-slf4j-1.7.30.jar:/Users/jean-louis/.m2/repository/org/slf4j/jcl-over-slf4j/1.7.30/jcl-over-slf4j-1.7.30.jar:/Users/jean-louis/.m2/repository/org/slf4j/slf4j-api/1.7.13/slf4j-api-1.7.13.jar:/Users/jean-louis/.m2/repository/org/sonarsource/scanner/maven/sonar-maven-plugin/3.8.0.2131/sonar-maven-plugin-3.8.0.2131.jar:/Users/jean-louis/.m2/repository/org/sonatype/plexus/plexus-sec-dispatcher/1.4/plexus-sec-dispatcher-1.4.jar:/Users/jean-louis/.m2/repository/org/sonatype/plexus/plexus-cipher/1.4/plexus-cipher-1.4.jar:/Users/jean-louis/.m2/repository/org/codehaus/plexus/plexus-utils/3.2.1/plexus-utils-3.2.1.jar:/Users/jean-louis/.m2/repository/org/sonarsource/scanner/api/sonar-scanner-api/2.16.0.226/sonar-scanner-api-2.16.0.226.jar:/Users/jean-louis/.m2/repository/commons-lang/commons-lang/2.6/commons-lang-2.6.jar:/Users/jean-louis/.m2/repository/org/awaitility/awaitility/4.0.0/awaitility-4.0.0.jar:/Users/jean-louis/.m2/repository/org/hamcrest/hamcrest/2.1/hamcrest-2.1.jar:/Users/jean-louis/.m2/repository/org/objenesis/objenesis/2.6/objenesis-2.6.jar:/Users/jean-louis/.m2/repository/org/apache/maven/plugins/maven-compiler-plugin/3.8.1/maven-compiler-plugin-3.8.1.jar:/Users/jean-louis/.m2/repository/org/apache/maven/maven-plugin-api/3.0/maven-plugin-api-3.0.jar:/Users/jean-louis/.m2/repository/org/apache/maven/maven-model/3.0/maven-model-3.0.jar:/Users/jean-louis/.m2/repository/org/sonatype/sisu/sisu-inject-plexus/1.4.2/sisu-inject-plexus-1.4.2.jar:/Users/jean-louis/.m2/repository/org/sonatype/sisu/sisu-inject-bean/1.4.2/sisu-inject-bean-1.4.2.jar:/Users/jean-louis/.m2/repository/org/sonatype/sisu/sisu-guice/2.1.7/sisu-guice-2.1.7-noaop.jar:/Users/jean-louis/.m2/repository/org/apache/maven/maven-artifact/3.0/maven-artifact-3.0.jar:/Users/jean-louis/.m2/repository/org/apache/maven/maven-core/3.0/maven-core-3.0.jar:/Users/jean-louis/.m2/repository/org/apache/maven/maven-settings/3.0/maven-settings-3.0.jar:/Users/jean-louis/.m2/repository/org/apache/maven/maven-settings-builder/3.0/maven-settings-builder-3.0.jar:/Users/jean-louis/.m2/repository/org/apache/maven/maven-repository-metadata/3.0/maven-repository-metadata-3.0.jar:/Users/jean-louis/.m2/repository/org/apache/maven/maven-model-builder/3.0/maven-model-builder-3.0.jar:/Users/jean-louis/.m2/repository/org/apache/maven/maven-aether-provider/3.0/maven-aether-provider-3.0.jar:/Users/jean-louis/.m2/repository/org/sonatype/aether/aether-impl/1.7/aether-impl-1.7.jar:/Users/jean-louis/.m2/repository/org/sonatype/aether/aether-spi/1.7/aether-spi-1.7.jar:/Users/jean-louis/.m2/repository/org/sonatype/aether/aether-api/1.7/aether-api-1.7.jar:/Users/jean-louis/.m2/repository/org/sonatype/aether/aether-util/1.7/aether-util-1.7.jar:/Users/jean-louis/.m2/repository/org/codehaus/plexus/plexus-interpolation/1.14/plexus-interpolation-1.14.jar:/Users/jean-louis/.m2/repository/org/codehaus/plexus/plexus-classworlds/2.2.3/plexus-classworlds-2.2.3.jar:/Users/jean-louis/.m2/repository/org/codehaus/plexus/plexus-component-annotations/1.5.5/plexus-component-annotations-1.5.5.jar:/Users/jean-louis/.m2/repository/org/apache/maven/shared/maven-shared-utils/3.2.1/maven-shared-utils-3.2.1.jar:/Users/jean-louis/.m2/repository/org/apache/maven/shared/maven-shared-incremental/1.1/maven-shared-incremental-1.1.jar:/Users/jean-louis/.m2/repository/org/codehaus/plexus/plexus-java/0.9.10/plexus-java-0.9.10.jar:/Users/jean-louis/.m2/repository/org/ow2/asm/asm/6.2/asm-6.2.jar:/Users/jean-louis/.m2/repository/com/thoughtworks/qdox/qdox/2.0-M8/qdox-2.0-M8.jar:/Users/jean-louis/.m2/repository/org/codehaus/plexus/plexus-compiler-api/2.8.4/plexus-compiler-api-2.8.4.jar:/Users/jean-louis/.m2/repository/org/codehaus/plexus/plexus-compiler-manager/2.8.4/plexus-compiler-manager-2.8.4.jar:/Users/jean-louis/.m2/repository/org/codehaus/plexus/plexus-compiler-javac/2.8.4/plexus-compiler-javac-2.8.4.jar:"/>
    <property name="sun.cpu.endian" value="little"/>
    <property name="user.home" value="/Users/jean-louis"/>
    <property name="user.language" value="en"/>
    <property name="java.specification.vendor" value="Oracle Corporation"/>
    <property name="java.version.date" value="2021-01-19"/>
    <property name="java.home" value="/Library/Java/JavaVirtualMachines/jdk-11.0.10.jdk/Contents/Home"/>
    <property name="file.separator" value="/"/>
    <property name="basedir" value="/Users/jean-louis/Desktop/AccessibleTodoList_End2endTests"/>
    <property name="java.vm.compressedOopsMode" value="Zero based"/>
    <property name="line.separator" value="&#10;"/>
    <property name="java.specification.name" value="Java Platform API Specification"/>
    <property name="java.vm.specification.vendor" value="Oracle Corporation"/>
    <property name="java.awt.graphicsenv" value="sun.awt.CGraphicsEnvironment"/>
    <property name="surefire.real.class.path" value="/Users/jean-louis/Desktop/AccessibleTodoList_End2endTests/target/surefire/surefirebooter283741596460712300.jar"/>
    <property name="sun.management.compiler" value="HotSpot 64-Bit Tiered Compilers"/>
    <property name="ftp.nonProxyHosts" value="local|*.local|169.254/16|*.169.254/16"/>
    <property name="java.runtime.version" value="11.0.10+8-LTS-162"/>
    <property name="user.name" value="jean-louis"/>
    <property name="path.separator" value=":"/>
    <property name="os.version" value="10.16"/>
    <property name="java.runtime.name" value="Java(TM) SE Runtime Environment"/>
    <property name="file.encoding" value="UTF-8"/>
    <property name="java.vm.name" value="Java HotSpot(TM) 64-Bit Server VM"/>
    <property name="java.vendor.version" value="18.9"/>
    <property name="localRepository" value="/Users/jean-louis/.m2/repository"/>
    <property name="java.vendor.url.bug" value="https://bugreport.java.com/bugreport/"/>
    <property name="java.io.tmpdir" value="/var/folders/21/lxnq_qvx12l7ymdvmf6rlmkr0000gp/T/"/>
    <property name="java.version" value="11.0.10"/>
    <property name="user.dir" value="/Users/jean-louis/Desktop/AccessibleTodoList_End2endTests"/>
    <property name="os.arch" value="x86_64"/>
    <property name="java.vm.specification.name" value="Java Virtual Machine Specification"/>
    <property name="java.awt.printerjob" value="sun.lwawt.macosx.CPrinterJob"/>
    <property name="sun.os.patch.level" value="unknown"/>
    <property name="java.library.path" value="/Users/jean-louis/Library/Java/Extensions:/Library/Java/Extensions:/Network/Library/Java/Extensions:/System/Library/Java/Extensions:/usr/lib/java:."/>
    <property name="java.vendor" value="Oracle Corporation"/>
    <property name="java.vm.info" value="mixed mode"/>
    <property name="java.vm.version" value="11.0.10+8-LTS-162"/>
    <property name="sun.io.unicode.encoding" value="UnicodeBig"/>
    <property name="java.class.version" value="55.0"/>
    <property name="socksNonProxyHosts" value="local|*.local|169.254/16|*.169.254/16"/>
  </properties>
  <testcase name="createCategory" classname="jl.project.ChromeTests.UserRequirement1_Test" time="0.348">
    <failure message="The app wasn&apos;t started." type="java.lang.AssertionError">java.lang.AssertionError: The app wasn't started.
	at jl.project.ChromeTests.UserRequirement1_Test.createCategory(UserRequirement1_Test.java:95)
</failure>
    <system-out><![CDATA[[UserRequirement1_Test] [INFO] Entering test for: chromedriver
[UserRequirement1_Test] [INFO] Entering test for: category creation
[UserRequirement1_Test] [INFO] 1. Category creation
[UserRequirement1_Test] [DEBUG] At this point, the test category should have been created.
[UserRequirement1_Test] [INFO] 2. Confirmation of category creation 
[UserRequirement1_Test] [DEBUG] Found 0 aCategory elements
]]></system-out>
    <system-err><![CDATA[Starting ChromeDriver 89.0.4389.23 (61b08ee2c50024bab004e48d2b1b083cdbdac579-refs/branch-heads/4389@{#294}) on port 35724
Only local connections are allowed.
Please see https://chromedriver.chromium.org/security-considerations for suggestions on keeping ChromeDriver safe.
ChromeDriver was started successfully.
Apr 02, 2021 1:03:03 PM org.openqa.selenium.remote.ProtocolHandshake createSession
INFO: Detected dialect: W3C
]]></system-err>
  </testcase>
  <testcase name="deleteCategory" classname="jl.project.ChromeTests.UserRequirement1_Test" time="0.255"/>
  <testcase name="createItem" classname="jl.project.ChromeTests.UserRequirement2_Test" time="0.376">
    <failure message="expected:&lt;[tru]e&gt; but was:&lt;[fals]e&gt;" type="org.junit.ComparisonFailure"><![CDATA[org.junit.ComparisonFailure: expected:<[tru]e> but was:<[fals]e>
	at jl.project.ChromeTests.UserRequirement2_Test.createItem(UserRequirement2_Test.java:100)
]]></failure>
    <system-out><![CDATA[[UserRequirement2_Test] [INFO] Entering test for: item creation
[UserRequirement2_Test] [INFO] 1. item creation
[UserRequirement2_Test] [INFO] 2. Confirmation of item creation 
[UserRequirement2_Test] [DEBUG] Found 0 element named 'anItem'
]]></system-out>
    <system-err><![CDATA[Starting ChromeDriver 89.0.4389.23 (61b08ee2c50024bab004e48d2b1b083cdbdac579-refs/branch-heads/4389@{#294}) on port 7099
Only local connections are allowed.
Please see https://chromedriver.chromium.org/security-considerations for suggestions on keeping ChromeDriver safe.
ChromeDriver was started successfully.
Apr 02, 2021 1:03:06 PM org.openqa.selenium.remote.ProtocolHandshake createSession
INFO: Detected dialect: W3C
]]></system-err>
  </testcase>
  <testcase name="deleteItem" classname="jl.project.ChromeTests.UserRequirement2_Test" time="0.01">
    <failure message="There should be one item. Number of item found: 0" type="java.lang.AssertionError">java.lang.AssertionError: There should be one item. Number of item found: 0
	at jl.project.ChromeTests.UserRequirement2_Test.deleteItem(UserRequirement2_Test.java:115)
</failure>
    <system-out><![CDATA[[UserRequirement2_Test] [INFO] Entering test for: item deletion
[UserRequirement2_Test] [INFO] 1. item deletion
[UserRequirement2_Test] [DEBUG] Found 0 element named 'anIconToDeleteAnItem'
]]></system-out>
  </testcase>
  <testcase name="hideAndDisplayItem" classname="jl.project.ChromeTests.UserRequirement3_Test" time="1.274">
    <failure message="Unable to load library &apos;tesseract&apos;:&#10;dlopen(libtesseract.dylib, 9): image not found&#10;dlopen(libtesseract.dylib, 9): image not found&#10;Native library (darwin/libtesseract.dylib) not found in resource path (/Users/jean-louis/Desktop/AccessibleTodoList_End2endTests/target/test-classes:/Users/jean-louis/Desktop/AccessibleTodoList_End2endTests/target/classes:/Users/jean-louis/.m2/repository/org/seleniumhq/selenium/selenium-java/3.13.0/selenium-java-3.13.0.jar:/Users/jean-louis/.m2/repository/org/seleniumhq/selenium/selenium-api/3.13.0/selenium-api-3.13.0.jar:/Users/jean-louis/.m2/repository/org/seleniumhq/selenium/selenium-chrome-driver/3.13.0/selenium-chrome-driver-3.13.0.jar:/Users/jean-louis/.m2/repository/org/seleniumhq/selenium/selenium-edge-driver/3.13.0/selenium-edge-driver-3.13.0.jar:/Users/jean-louis/.m2/repository/org/seleniumhq/selenium/selenium-firefox-driver/3.13.0/selenium-firefox-driver-3.13.0.jar:/Users/jean-louis/.m2/repository/org/seleniumhq/selenium/selenium-ie-driver/3.13.0/selenium-ie-driver-3.13.0.jar:/Users/jean-louis/.m2/repository/org/seleniumhq/selenium/selenium-opera-driver/3.13.0/selenium-opera-driver-3.13.0.jar:/Users/jean-louis/.m2/repository/org/seleniumhq/selenium/selenium-remote-driver/3.13.0/selenium-remote-driver-3.13.0.jar:/Users/jean-louis/.m2/repository/org/seleniumhq/selenium/selenium-safari-driver/3.13.0/selenium-safari-driver-3.13.0.jar:/Users/jean-louis/.m2/repository/org/seleniumhq/selenium/selenium-support/3.13.0/selenium-support-3.13.0.jar:/Users/jean-louis/.m2/repository/net/bytebuddy/byte-buddy/1.8.3/byte-buddy-1.8.3.jar:/Users/jean-louis/.m2/repository/org/apache/commons/commons-exec/1.3/commons-exec-1.3.jar:/Users/jean-louis/.m2/repository/commons-codec/commons-codec/1.10/commons-codec-1.10.jar:/Users/jean-louis/.m2/repository/commons-logging/commons-logging/1.2/commons-logging-1.2.jar:/Users/jean-louis/.m2/repository/com/google/code/gson/gson/2.8.4/gson-2.8.4.jar:/Users/jean-louis/.m2/repository/com/google/guava/guava/25.0-jre/guava-25.0-jre.jar:/Users/jean-louis/.m2/repository/com/google/code/findbugs/jsr305/1.3.9/jsr305-1.3.9.jar:/Users/jean-louis/.m2/repository/org/checkerframework/checker-compat-qual/2.0.0/checker-compat-qual-2.0.0.jar:/Users/jean-louis/.m2/repository/com/google/errorprone/error_prone_annotations/2.1.3/error_prone_annotations-2.1.3.jar:/Users/jean-louis/.m2/repository/com/google/j2objc/j2objc-annotations/1.1/j2objc-annotations-1.1.jar:/Users/jean-louis/.m2/repository/org/codehaus/mojo/animal-sniffer-annotations/1.14/animal-sniffer-annotations-1.14.jar:/Users/jean-louis/.m2/repository/org/apache/httpcomponents/httpclient/4.5.5/httpclient-4.5.5.jar:/Users/jean-louis/.m2/repository/org/apache/httpcomponents/httpcore/4.4.9/httpcore-4.4.9.jar:/Users/jean-louis/.m2/repository/com/squareup/okhttp3/okhttp/3.10.0/okhttp-3.10.0.jar:/Users/jean-louis/.m2/repository/com/squareup/okio/okio/1.14.1/okio-1.14.1.jar:/Users/jean-louis/.m2/repository/com/beust/jcommander/1.72/jcommander-1.72.jar:/Users/jean-louis/.m2/repository/org/testng/testng/6.13.1/testng-6.13.1.jar:/Users/jean-louis/.m2/repository/junit/junit/4.13.2/junit-4.13.2.jar:/Users/jean-louis/.m2/repository/org/hamcrest/hamcrest-core/1.3/hamcrest-core-1.3.jar:/Users/jean-louis/.m2/repository/org/assertj/assertj-core/3.8.0/assertj-core-3.8.0.jar:/Users/jean-louis/.m2/repository/com/itextpdf/pdfocr-tesseract4/1.0.2/pdfocr-tesseract4-1.0.2.jar:/Users/jean-louis/.m2/repository/com/itextpdf/pdfocr-api/1.0.2/pdfocr-api-1.0.2.jar:/Users/jean-louis/.m2/repository/com/itextpdf/layout/7.1.13/layout-7.1.13.jar:/Users/jean-louis/.m2/repository/com/itextpdf/pdfa/7.1.13/pdfa-7.1.13.jar:/Users/jean-louis/.m2/repository/org/apache/commons/commons-imaging/1.0-alpha1/commons-imaging-1.0-alpha1.jar:/Users/jean-louis/.m2/repository/com/itextpdf/styled-xml-parser/7.1.13/styled-xml-parser-7.1.13.jar:/Users/jean-louis/.m2/repository/com/itextpdf/io/7.1.13/io-7.1.13.jar:/Users/jean-louis/.m2/repository/com/itextpdf/kernel/7.1.13/kernel-7.1.13.jar:/Users/jean-louis/.m2/repository/org/bouncycastle/bcpkix-jdk15on/1.64/bcpkix-jdk15on-1.64.jar:/Users/jean-louis/.m2/repository/org/bouncycastle/bcprov-jdk15on/1.64/bcprov-jdk15on-1.64.jar:/Users/jean-louis/.m2/repository/net/sourceforge/tess4j/tess4j/4.5.1/tess4j-4.5.1.jar:/Users/jean-louis/.m2/repository/net/java/dev/jna/jna/5.5.0/jna-5.5.0.jar:/Users/jean-louis/.m2/repository/com/github/jai-imageio/jai-imageio-core/1.4.0/jai-imageio-core-1.4.0.jar:/Users/jean-louis/.m2/repository/org/apache/pdfbox/pdfbox/2.0.18/pdfbox-2.0.18.jar:/Users/jean-louis/.m2/repository/org/apache/pdfbox/fontbox/2.0.18/fontbox-2.0.18.jar:/Users/jean-louis/.m2/repository/org/apache/pdfbox/pdfbox-tools/2.0.18/pdfbox-tools-2.0.18.jar:/Users/jean-louis/.m2/repository/org/apache/pdfbox/pdfbox-debugger/2.0.18/pdfbox-debugger-2.0.18.jar:/Users/jean-louis/.m2/repository/org/apache/pdfbox/jbig2-imageio/3.0.3/jbig2-imageio-3.0.3.jar:/Users/jean-louis/.m2/repository/commons-io/commons-io/2.6/commons-io-2.6.jar:/Users/jean-louis/.m2/repository/net/sourceforge/lept4j/lept4j/1.13.0/lept4j-1.13.0.jar:/Users/jean-louis/.m2/repository/org/jboss/jboss-vfs/3.2.15.Final/jboss-vfs-3.2.15.Final.jar:/Users/jean-louis/.m2/repository/org/jboss/logging/jboss-logging/3.1.4.GA/jboss-logging-3.1.4.GA.jar:/Users/jean-louis/.m2/repository/ch/qos/logback/logback-classic/1.2.3/logback-classic-1.2.3.jar:/Users/jean-louis/.m2/repository/ch/qos/logback/logback-core/1.2.3/logback-core-1.2.3.jar:/Users/jean-louis/.m2/repository/org/slf4j/jul-to-slf4j/1.7.30/jul-to-slf4j-1.7.30.jar:/Users/jean-louis/.m2/repository/org/slf4j/jcl-over-slf4j/1.7.30/jcl-over-slf4j-1.7.30.jar:/Users/jean-louis/.m2/repository/org/slf4j/slf4j-api/1.7.13/slf4j-api-1.7.13.jar:/Users/jean-louis/.m2/repository/org/sonarsource/scanner/maven/sonar-maven-plugin/3.8.0.2131/sonar-maven-plugin-3.8.0.2131.jar:/Users/jean-louis/.m2/repository/org/sonatype/plexus/plexus-sec-dispatcher/1.4/plexus-sec-dispatcher-1.4.jar:/Users/jean-louis/.m2/repository/org/sonatype/plexus/plexus-cipher/1.4/plexus-cipher-1.4.jar:/Users/jean-louis/.m2/repository/org/codehaus/plexus/plexus-utils/3.2.1/plexus-utils-3.2.1.jar:/Users/jean-louis/.m2/repository/org/sonarsource/scanner/api/sonar-scanner-api/2.16.0.226/sonar-scanner-api-2.16.0.226.jar:/Users/jean-louis/.m2/repository/commons-lang/commons-lang/2.6/commons-lang-2.6.jar:/Users/jean-louis/.m2/repository/org/awaitility/awaitility/4.0.0/awaitility-4.0.0.jar:/Users/jean-louis/.m2/repository/org/hamcrest/hamcrest/2.1/hamcrest-2.1.jar:/Users/jean-louis/.m2/repository/org/objenesis/objenesis/2.6/objenesis-2.6.jar:/Users/jean-louis/.m2/repository/org/apache/maven/plugins/maven-compiler-plugin/3.8.1/maven-compiler-plugin-3.8.1.jar:/Users/jean-louis/.m2/repository/org/apache/maven/maven-plugin-api/3.0/maven-plugin-api-3.0.jar:/Users/jean-louis/.m2/repository/org/apache/maven/maven-model/3.0/maven-model-3.0.jar:/Users/jean-louis/.m2/repository/org/sonatype/sisu/sisu-inject-plexus/1.4.2/sisu-inject-plexus-1.4.2.jar:/Users/jean-louis/.m2/repository/org/sonatype/sisu/sisu-inject-bean/1.4.2/sisu-inject-bean-1.4.2.jar:/Users/jean-louis/.m2/repository/org/sonatype/sisu/sisu-guice/2.1.7/sisu-guice-2.1.7-noaop.jar:/Users/jean-louis/.m2/repository/org/apache/maven/maven-artifact/3.0/maven-artifact-3.0.jar:/Users/jean-louis/.m2/repository/org/apache/maven/maven-core/3.0/maven-core-3.0.jar:/Users/jean-louis/.m2/repository/org/apache/maven/maven-settings/3.0/maven-settings-3.0.jar:/Users/jean-louis/.m2/repository/org/apache/maven/maven-settings-builder/3.0/maven-settings-builder-3.0.jar:/Users/jean-louis/.m2/repository/org/apache/maven/maven-repository-metadata/3.0/maven-repository-metadata-3.0.jar:/Users/jean-louis/.m2/repository/org/apache/maven/maven-model-builder/3.0/maven-model-builder-3.0.jar:/Users/jean-louis/.m2/repository/org/apache/maven/maven-aether-provider/3.0/maven-aether-provider-3.0.jar:/Users/jean-louis/.m2/repository/org/sonatype/aether/aether-impl/1.7/aether-impl-1.7.jar:/Users/jean-louis/.m2/repository/org/sonatype/aether/aether-spi/1.7/aether-spi-1.7.jar:/Users/jean-louis/.m2/repository/org/sonatype/aether/aether-api/1.7/aether-api-1.7.jar:/Users/jean-louis/.m2/repository/org/sonatype/aether/aether-util/1.7/aether-util-1.7.jar:/Users/jean-louis/.m2/repository/org/codehaus/plexus/plexus-interpolation/1.14/plexus-interpolation-1.14.jar:/Users/jean-louis/.m2/repository/org/codehaus/plexus/plexus-classworlds/2.2.3/plexus-classworlds-2.2.3.jar:/Users/jean-louis/.m2/repository/org/codehaus/plexus/plexus-component-annotations/1.5.5/plexus-component-annotations-1.5.5.jar:/Users/jean-louis/.m2/repository/org/apache/maven/shared/maven-shared-utils/3.2.1/maven-shared-utils-3.2.1.jar:/Users/jean-louis/.m2/repository/org/apache/maven/shared/maven-shared-incremental/1.1/maven-shared-incremental-1.1.jar:/Users/jean-louis/.m2/repository/org/codehaus/plexus/plexus-java/0.9.10/plexus-java-0.9.10.jar:/Users/jean-louis/.m2/repository/org/ow2/asm/asm/6.2/asm-6.2.jar:/Users/jean-louis/.m2/repository/com/thoughtworks/qdox/qdox/2.0-M8/qdox-2.0-M8.jar:/Users/jean-louis/.m2/repository/org/codehaus/plexus/plexus-compiler-api/2.8.4/plexus-compiler-api-2.8.4.jar:/Users/jean-louis/.m2/repository/org/codehaus/plexus/plexus-compiler-manager/2.8.4/plexus-compiler-manager-2.8.4.jar:/Users/jean-louis/.m2/repository/org/codehaus/plexus/plexus-compiler-javac/2.8.4/plexus-compiler-javac-2.8.4.jar:)" type="java.lang.UnsatisfiedLinkError">java.lang.UnsatisfiedLinkError: 
Unable to load library 'tesseract':
dlopen(libtesseract.dylib, 9): image not found
dlopen(libtesseract.dylib, 9): image not found
Native library (darwin/libtesseract.dylib) not found in resource path (/Users/jean-louis/Desktop/AccessibleTodoList_End2endTests/target/test-classes:/Users/jean-louis/Desktop/AccessibleTodoList_End2endTests/target/classes:/Users/jean-louis/.m2/repository/org/seleniumhq/selenium/selenium-java/3.13.0/selenium-java-3.13.0.jar:/Users/jean-louis/.m2/repository/org/seleniumhq/selenium/selenium-api/3.13.0/selenium-api-3.13.0.jar:/Users/jean-louis/.m2/repository/org/seleniumhq/selenium/selenium-chrome-driver/3.13.0/selenium-chrome-driver-3.13.0.jar:/Users/jean-louis/.m2/repository/org/seleniumhq/selenium/selenium-edge-driver/3.13.0/selenium-edge-driver-3.13.0.jar:/Users/jean-louis/.m2/repository/org/seleniumhq/selenium/selenium-firefox-driver/3.13.0/selenium-firefox-driver-3.13.0.jar:/Users/jean-louis/.m2/repository/org/seleniumhq/selenium/selenium-ie-driver/3.13.0/selenium-ie-driver-3.13.0.jar:/Users/jean-louis/.m2/repository/org/seleniumhq/selenium/selenium-opera-driver/3.13.0/selenium-opera-driver-3.13.0.jar:/Users/jean-louis/.m2/repository/org/seleniumhq/selenium/selenium-remote-driver/3.13.0/selenium-remote-driver-3.13.0.jar:/Users/jean-louis/.m2/repository/org/seleniumhq/selenium/selenium-safari-driver/3.13.0/selenium-safari-driver-3.13.0.jar:/Users/jean-louis/.m2/repository/org/seleniumhq/selenium/selenium-support/3.13.0/selenium-support-3.13.0.jar:/Users/jean-louis/.m2/repository/net/bytebuddy/byte-buddy/1.8.3/byte-buddy-1.8.3.jar:/Users/jean-louis/.m2/repository/org/apache/commons/commons-exec/1.3/commons-exec-1.3.jar:/Users/jean-louis/.m2/repository/commons-codec/commons-codec/1.10/commons-codec-1.10.jar:/Users/jean-louis/.m2/repository/commons-logging/commons-logging/1.2/commons-logging-1.2.jar:/Users/jean-louis/.m2/repository/com/google/code/gson/gson/2.8.4/gson-2.8.4.jar:/Users/jean-louis/.m2/repository/com/google/guava/guava/25.0-jre/guava-25.0-jre.jar:/Users/jean-louis/.m2/repository/com/google/code/findbugs/jsr305/1.3.9/jsr305-1.3.9.jar:/Users/jean-louis/.m2/repository/org/checkerframework/checker-compat-qual/2.0.0/checker-compat-qual-2.0.0.jar:/Users/jean-louis/.m2/repository/com/google/errorprone/error_prone_annotations/2.1.3/error_prone_annotations-2.1.3.jar:/Users/jean-louis/.m2/repository/com/google/j2objc/j2objc-annotations/1.1/j2objc-annotations-1.1.jar:/Users/jean-louis/.m2/repository/org/codehaus/mojo/animal-sniffer-annotations/1.14/animal-sniffer-annotations-1.14.jar:/Users/jean-louis/.m2/repository/org/apache/httpcomponents/httpclient/4.5.5/httpclient-4.5.5.jar:/Users/jean-louis/.m2/repository/org/apache/httpcomponents/httpcore/4.4.9/httpcore-4.4.9.jar:/Users/jean-louis/.m2/repository/com/squareup/okhttp3/okhttp/3.10.0/okhttp-3.10.0.jar:/Users/jean-louis/.m2/repository/com/squareup/okio/okio/1.14.1/okio-1.14.1.jar:/Users/jean-louis/.m2/repository/com/beust/jcommander/1.72/jcommander-1.72.jar:/Users/jean-louis/.m2/repository/org/testng/testng/6.13.1/testng-6.13.1.jar:/Users/jean-louis/.m2/repository/junit/junit/4.13.2/junit-4.13.2.jar:/Users/jean-louis/.m2/repository/org/hamcrest/hamcrest-core/1.3/hamcrest-core-1.3.jar:/Users/jean-louis/.m2/repository/org/assertj/assertj-core/3.8.0/assertj-core-3.8.0.jar:/Users/jean-louis/.m2/repository/com/itextpdf/pdfocr-tesseract4/1.0.2/pdfocr-tesseract4-1.0.2.jar:/Users/jean-louis/.m2/repository/com/itextpdf/pdfocr-api/1.0.2/pdfocr-api-1.0.2.jar:/Users/jean-louis/.m2/repository/com/itextpdf/layout/7.1.13/layout-7.1.13.jar:/Users/jean-louis/.m2/repository/com/itextpdf/pdfa/7.1.13/pdfa-7.1.13.jar:/Users/jean-louis/.m2/repository/org/apache/commons/commons-imaging/1.0-alpha1/commons-imaging-1.0-alpha1.jar:/Users/jean-louis/.m2/repository/com/itextpdf/styled-xml-parser/7.1.13/styled-xml-parser-7.1.13.jar:/Users/jean-louis/.m2/repository/com/itextpdf/io/7.1.13/io-7.1.13.jar:/Users/jean-louis/.m2/repository/com/itextpdf/kernel/7.1.13/kernel-7.1.13.jar:/Users/jean-louis/.m2/repository/org/bouncycastle/bcpkix-jdk15on/1.64/bcpkix-jdk15on-1.64.jar:/Users/jean-louis/.m2/repository/org/bouncycastle/bcprov-jdk15on/1.64/bcprov-jdk15on-1.64.jar:/Users/jean-louis/.m2/repository/net/sourceforge/tess4j/tess4j/4.5.1/tess4j-4.5.1.jar:/Users/jean-louis/.m2/repository/net/java/dev/jna/jna/5.5.0/jna-5.5.0.jar:/Users/jean-louis/.m2/repository/com/github/jai-imageio/jai-imageio-core/1.4.0/jai-imageio-core-1.4.0.jar:/Users/jean-louis/.m2/repository/org/apache/pdfbox/pdfbox/2.0.18/pdfbox-2.0.18.jar:/Users/jean-louis/.m2/repository/org/apache/pdfbox/fontbox/2.0.18/fontbox-2.0.18.jar:/Users/jean-louis/.m2/repository/org/apache/pdfbox/pdfbox-tools/2.0.18/pdfbox-tools-2.0.18.jar:/Users/jean-louis/.m2/repository/org/apache/pdfbox/pdfbox-debugger/2.0.18/pdfbox-debugger-2.0.18.jar:/Users/jean-louis/.m2/repository/org/apache/pdfbox/jbig2-imageio/3.0.3/jbig2-imageio-3.0.3.jar:/Users/jean-louis/.m2/repository/commons-io/commons-io/2.6/commons-io-2.6.jar:/Users/jean-louis/.m2/repository/net/sourceforge/lept4j/lept4j/1.13.0/lept4j-1.13.0.jar:/Users/jean-louis/.m2/repository/org/jboss/jboss-vfs/3.2.15.Final/jboss-vfs-3.2.15.Final.jar:/Users/jean-louis/.m2/repository/org/jboss/logging/jboss-logging/3.1.4.GA/jboss-logging-3.1.4.GA.jar:/Users/jean-louis/.m2/repository/ch/qos/logback/logback-classic/1.2.3/logback-classic-1.2.3.jar:/Users/jean-louis/.m2/repository/ch/qos/logback/logback-core/1.2.3/logback-core-1.2.3.jar:/Users/jean-louis/.m2/repository/org/slf4j/jul-to-slf4j/1.7.30/jul-to-slf4j-1.7.30.jar:/Users/jean-louis/.m2/repository/org/slf4j/jcl-over-slf4j/1.7.30/jcl-over-slf4j-1.7.30.jar:/Users/jean-louis/.m2/repository/org/slf4j/slf4j-api/1.7.13/slf4j-api-1.7.13.jar:/Users/jean-louis/.m2/repository/org/sonarsource/scanner/maven/sonar-maven-plugin/3.8.0.2131/sonar-maven-plugin-3.8.0.2131.jar:/Users/jean-louis/.m2/repository/org/sonatype/plexus/plexus-sec-dispatcher/1.4/plexus-sec-dispatcher-1.4.jar:/Users/jean-louis/.m2/repository/org/sonatype/plexus/plexus-cipher/1.4/plexus-cipher-1.4.jar:/Users/jean-louis/.m2/repository/org/codehaus/plexus/plexus-utils/3.2.1/plexus-utils-3.2.1.jar:/Users/jean-louis/.m2/repository/org/sonarsource/scanner/api/sonar-scanner-api/2.16.0.226/sonar-scanner-api-2.16.0.226.jar:/Users/jean-louis/.m2/repository/commons-lang/commons-lang/2.6/commons-lang-2.6.jar:/Users/jean-louis/.m2/repository/org/awaitility/awaitility/4.0.0/awaitility-4.0.0.jar:/Users/jean-louis/.m2/repository/org/hamcrest/hamcrest/2.1/hamcrest-2.1.jar:/Users/jean-louis/.m2/repository/org/objenesis/objenesis/2.6/objenesis-2.6.jar:/Users/jean-louis/.m2/repository/org/apache/maven/plugins/maven-compiler-plugin/3.8.1/maven-compiler-plugin-3.8.1.jar:/Users/jean-louis/.m2/repository/org/apache/maven/maven-plugin-api/3.0/maven-plugin-api-3.0.jar:/Users/jean-louis/.m2/repository/org/apache/maven/maven-model/3.0/maven-model-3.0.jar:/Users/jean-louis/.m2/repository/org/sonatype/sisu/sisu-inject-plexus/1.4.2/sisu-inject-plexus-1.4.2.jar:/Users/jean-louis/.m2/repository/org/sonatype/sisu/sisu-inject-bean/1.4.2/sisu-inject-bean-1.4.2.jar:/Users/jean-louis/.m2/repository/org/sonatype/sisu/sisu-guice/2.1.7/sisu-guice-2.1.7-noaop.jar:/Users/jean-louis/.m2/repository/org/apache/maven/maven-artifact/3.0/maven-artifact-3.0.jar:/Users/jean-louis/.m2/repository/org/apache/maven/maven-core/3.0/maven-core-3.0.jar:/Users/jean-louis/.m2/repository/org/apache/maven/maven-settings/3.0/maven-settings-3.0.jar:/Users/jean-louis/.m2/repository/org/apache/maven/maven-settings-builder/3.0/maven-settings-builder-3.0.jar:/Users/jean-louis/.m2/repository/org/apache/maven/maven-repository-metadata/3.0/maven-repository-metadata-3.0.jar:/Users/jean-louis/.m2/repository/org/apache/maven/maven-model-builder/3.0/maven-model-builder-3.0.jar:/Users/jean-louis/.m2/repository/org/apache/maven/maven-aether-provider/3.0/maven-aether-provider-3.0.jar:/Users/jean-louis/.m2/repository/org/sonatype/aether/aether-impl/1.7/aether-impl-1.7.jar:/Users/jean-louis/.m2/repository/org/sonatype/aether/aether-spi/1.7/aether-spi-1.7.jar:/Users/jean-louis/.m2/repository/org/sonatype/aether/aether-api/1.7/aether-api-1.7.jar:/Users/jean-louis/.m2/repository/org/sonatype/aether/aether-util/1.7/aether-util-1.7.jar:/Users/jean-louis/.m2/repository/org/codehaus/plexus/plexus-interpolation/1.14/plexus-interpolation-1.14.jar:/Users/jean-louis/.m2/repository/org/codehaus/plexus/plexus-classworlds/2.2.3/plexus-classworlds-2.2.3.jar:/Users/jean-louis/.m2/repository/org/codehaus/plexus/plexus-component-annotations/1.5.5/plexus-component-annotations-1.5.5.jar:/Users/jean-louis/.m2/repository/org/apache/maven/shared/maven-shared-utils/3.2.1/maven-shared-utils-3.2.1.jar:/Users/jean-louis/.m2/repository/org/apache/maven/shared/maven-shared-incremental/1.1/maven-shared-incremental-1.1.jar:/Users/jean-louis/.m2/repository/org/codehaus/plexus/plexus-java/0.9.10/plexus-java-0.9.10.jar:/Users/jean-louis/.m2/repository/org/ow2/asm/asm/6.2/asm-6.2.jar:/Users/jean-louis/.m2/repository/com/thoughtworks/qdox/qdox/2.0-M8/qdox-2.0-M8.jar:/Users/jean-louis/.m2/repository/org/codehaus/plexus/plexus-compiler-api/2.8.4/plexus-compiler-api-2.8.4.jar:/Users/jean-louis/.m2/repository/org/codehaus/plexus/plexus-compiler-manager/2.8.4/plexus-compiler-manager-2.8.4.jar:/Users/jean-louis/.m2/repository/org/codehaus/plexus/plexus-compiler-javac/2.8.4/plexus-compiler-javac-2.8.4.jar:)
	at jl.project.ChromeTests.UserRequirement3_Test.hideAndDisplayItem(UserRequirement3_Test.java:117)
</failure>
    <system-out><![CDATA[[UserRequirement3_Test] [INFO] Entering test for: item hiding/display
[UserRequirement3_Test] [INFO] 1. item creation
[UserRequirement3_Test] [INFO] 2. Verification that the item is displayed
]]></system-out>
    <system-err><![CDATA[Starting ChromeDriver 89.0.4389.23 (61b08ee2c50024bab004e48d2b1b083cdbdac579-refs/branch-heads/4389@{#294}) on port 4737
Only local connections are allowed.
Please see https://chromedriver.chromium.org/security-considerations for suggestions on keeping ChromeDriver safe.
ChromeDriver was started successfully.
Apr 02, 2021 1:03:08 PM org.openqa.selenium.remote.ProtocolHandshake createSession
INFO: Detected dialect: W3C
]]></system-err>
  </testcase>
  <testcase name="createAndDeleteACategoryWithKeyboardOnly_EnterKey" classname="jl.project.ChromeTests.UserRequirement4_1_Test" time="19.893"/>
  <testcase name="createAndDeleteItemWithKeyboardOnly_EnterKey" classname="jl.project.ChromeTests.UserRequirement4_1_Test" time="12.17">
    <failure message="expected:&lt;[tru]e&gt; but was:&lt;[fals]e&gt;" type="org.junit.ComparisonFailure"><![CDATA[org.junit.ComparisonFailure: expected:<[tru]e> but was:<[fals]e>
	at jl.project.ChromeTests.UserRequirement4_1_Test.createAndDeleteItemWithKeyboardOnly_EnterKey(UserRequirement4_1_Test.java:266)
]]></failure>
    <system-out><![CDATA[[UserRequirement4_1_Test] [INFO] Entering test for: item creation/deletion with the keyboard with ENTER key
[UserRequirement4_1_Test] [INFO] 1. item creation
[UserRequirement4_1_Test] [INFO] 2. Confirmation of creation.
[UserRequirement4_1_Test] [DEBUG] Found 0 element named 'anItem'
]]></system-out>
  </testcase>
  <testcase name="HideAndDisplayItemsWithKeyboardOnly_EnterKey" classname="jl.project.ChromeTests.UserRequirement4_1_Test" time="0">
    <skipped message="Method UserRequirement4_1_Test.HideAndDisplayItemsWithKeyboardOnly_EnterKey()[pri:0, instance:jl.project.ChromeTests.UserRequirement4_1_Test@7a8c8dcf] depends on not successfully finished methods in group &quot;creation_deletion_Chrome_1&quot;"/>
  </testcase>
  <testcase name="createAndDeleteACategoryWithKeyboardOnly_SpaceKey" classname="jl.project.ChromeTests.UserRequirement4_2_Test" time="19.786"/>
  <testcase name="createAndDeleteItemWithKeyboardOnly_SpaceKey" classname="jl.project.ChromeTests.UserRequirement4_2_Test" time="12.163">
    <failure message="expected:&lt;[tru]e&gt; but was:&lt;[fals]e&gt;" type="org.junit.ComparisonFailure"><![CDATA[org.junit.ComparisonFailure: expected:<[tru]e> but was:<[fals]e>
	at jl.project.ChromeTests.UserRequirement4_2_Test.createAndDeleteItemWithKeyboardOnly_SpaceKey(UserRequirement4_2_Test.java:270)
]]></failure>
    <system-out><![CDATA[[UserRequirement4_2_Test] [INFO] Entering test for: item creation/deletion with the keyboard with SPACE key
[UserRequirement4_2_Test] [INFO] 1. item creation
[UserRequirement4_2_Test] [INFO] 2. Confirmation of creation.
[UserRequirement4_2_Test] [DEBUG] Found 0 element named 'anItem'
]]></system-out>
  </testcase>
  <testcase name="HideAndDisplayItemsWithKeyboardOnly_SpaceKey" classname="jl.project.ChromeTests.UserRequirement4_2_Test" time="0">
    <skipped message="Method UserRequirement4_2_Test.HideAndDisplayItemsWithKeyboardOnly_SpaceKey()[pri:0, instance:jl.project.ChromeTests.UserRequirement4_2_Test@1ff4931d] depends on not successfully finished methods in group &quot;creation_deletion_Chrome_2&quot;"/>
  </testcase>
  <testcase name="createCategory" classname="jl.project.EdgeTests.UserRequirement1_Test" time="0.342"/>
  <testcase name="deleteCategory" classname="jl.project.EdgeTests.UserRequirement1_Test" time="0.176"/>
  <testcase name="createItem" classname="jl.project.EdgeTests.UserRequirement2_Test" time="0.378">
    <failure message="expected:&lt;[tru]e&gt; but was:&lt;[fals]e&gt;" type="org.junit.ComparisonFailure"><![CDATA[org.junit.ComparisonFailure: expected:<[tru]e> but was:<[fals]e>
	at jl.project.EdgeTests.UserRequirement2_Test.createItem(UserRequirement2_Test.java:98)
]]></failure>
    <system-out><![CDATA[13:04:23.367 [Forwarding newSession on session null to remote] INFO org.openqa.selenium.remote.ProtocolHandshake - Detected dialect: W3C
[UserRequirement2_Test] [INFO] Entering test for: item creation
[UserRequirement2_Test] [INFO] 1. item creation
[UserRequirement2_Test] [INFO] 2. Confirmation of item creation 
[UserRequirement2_Test] [DEBUG] Found 0 element named 'anItem'
]]></system-out>
    <system-err><![CDATA[Starting MSEdgeDriver 88.0.705.74 (498de26f3a841db44fe68b74f2d05bb9f2464147) on port 24950
Only local connections are allowed.
Please see https://chromedriver.chromium.org/security-considerations for suggestions on keeping MSEdgeDriver safe.
MSEdgeDriver was started successfully.
OneAuth Version 1.17.0 (com.microsoft.Edge)
[1617361463.323][WARNING]: This version of MSEdgeDriver has not been tested with MSEdge version 89.
]]></system-err>
  </testcase>
  <testcase name="deleteItem" classname="jl.project.EdgeTests.UserRequirement2_Test" time="0.012">
    <failure message="There should be one item. Number of item found: 0" type="java.lang.AssertionError">java.lang.AssertionError: There should be one item. Number of item found: 0
	at jl.project.EdgeTests.UserRequirement2_Test.deleteItem(UserRequirement2_Test.java:114)
</failure>
    <system-out><![CDATA[[UserRequirement2_Test] [INFO] Entering test for: item deletion
[UserRequirement2_Test] [INFO] 1. item deletion
[UserRequirement2_Test] [DEBUG] Found 0 element named 'anIconToDeleteAnItem'
]]></system-out>
  </testcase>
  <testcase name="hideAndDisplayItem" classname="jl.project.EdgeTests.UserRequirement3_Test" time="1.835">
    <failure message="Could not initialize class net.sourceforge.tess4j.TessAPI" type="java.lang.NoClassDefFoundError">java.lang.NoClassDefFoundError: Could not initialize class net.sourceforge.tess4j.TessAPI
	at jl.project.EdgeTests.UserRequirement3_Test.hideAndDisplayItem(UserRequirement3_Test.java:115)
</failure>
    <system-out><![CDATA[13:04:26.178 [Forwarding newSession on session null to remote] INFO org.openqa.selenium.remote.ProtocolHandshake - Detected dialect: W3C
[UserRequirement3_Test] [INFO] Entering test for: item hiding/display
[UserRequirement3_Test] [INFO] 1. item creation
[UserRequirement3_Test] [INFO] 2. Verification that the item is displayed
]]></system-out>
    <system-err><![CDATA[Starting MSEdgeDriver 88.0.705.74 (498de26f3a841db44fe68b74f2d05bb9f2464147) on port 18100
Only local connections are allowed.
Please see https://chromedriver.chromium.org/security-considerations for suggestions on keeping MSEdgeDriver safe.
MSEdgeDriver was started successfully.
OneAuth Version 1.17.0 (com.microsoft.Edge)
[1617361466.130][WARNING]: This version of MSEdgeDriver has not been tested with MSEdge version 89.
]]></system-err>
  </testcase>
  <testcase name="createAndDeleteACategoryWithKeyboardOnly_EnterKey" classname="jl.project.EdgeTests.UserRequirement4_1_Test" time="19.648"/>
  <testcase name="createAndDeleteItemWithKeyboardOnly_EnterKey" classname="jl.project.EdgeTests.UserRequirement4_1_Test" time="12.17">
    <failure message="expected:&lt;[tru]e&gt; but was:&lt;[fals]e&gt;" type="org.junit.ComparisonFailure"><![CDATA[org.junit.ComparisonFailure: expected:<[tru]e> but was:<[fals]e>
	at jl.project.EdgeTests.UserRequirement4_1_Test.createAndDeleteItemWithKeyboardOnly_EnterKey(UserRequirement4_1_Test.java:265)
]]></failure>
    <system-out><![CDATA[[UserRequirement4_1_Test] [INFO] Entering test for: item creation/deletion with the keyboard with ENTER key
[UserRequirement4_1_Test] [INFO] 1. item creation
[UserRequirement4_1_Test] [INFO] 2. Confirmation of creation.
[UserRequirement4_1_Test] [DEBUG] Found 0 element named 'anItem'
]]></system-out>
  </testcase>
  <testcase name="HideAndDisplayItemsWithKeyboardOnly_EnterKey" classname="jl.project.EdgeTests.UserRequirement4_1_Test" time="0">
    <skipped message="Method UserRequirement4_1_Test.HideAndDisplayItemsWithKeyboardOnly_EnterKey()[pri:0, instance:jl.project.EdgeTests.UserRequirement4_1_Test@2002fc1d] depends on not successfully finished methods in group &quot;creation_deletion_edge_1&quot;"/>
  </testcase>
  <testcase name="createAndDeleteACategoryWithKeyboardOnly_SpaceKey" classname="jl.project.EdgeTests.UserRequirement4_2_Test" time="20.837"/>
  <testcase name="createAndDeleteItemWithKeyboardOnly_SpaceKey" classname="jl.project.EdgeTests.UserRequirement4_2_Test" time="12.19">
    <failure message="expected:&lt;[tru]e&gt; but was:&lt;[fals]e&gt;" type="org.junit.ComparisonFailure"><![CDATA[org.junit.ComparisonFailure: expected:<[tru]e> but was:<[fals]e>
	at jl.project.EdgeTests.UserRequirement4_2_Test.createAndDeleteItemWithKeyboardOnly_SpaceKey(UserRequirement4_2_Test.java:270)
]]></failure>
    <system-out><![CDATA[[UserRequirement4_2_Test] [INFO] Entering test for: item creation/deletion with the keyboard with SPACE key
[UserRequirement4_2_Test] [INFO] 1. item creation
[UserRequirement4_2_Test] [INFO] 2. Confirmation of creation.
[UserRequirement4_2_Test] [DEBUG] Found 0 element named 'anItem'
]]></system-out>
  </testcase>
  <testcase name="HideAndDisplayItemsWithKeyboardOnly_SpaceKey" classname="jl.project.EdgeTests.UserRequirement4_2_Test" time="0">
    <skipped message="Method UserRequirement4_2_Test.HideAndDisplayItemsWithKeyboardOnly_SpaceKey()[pri:0, instance:jl.project.EdgeTests.UserRequirement4_2_Test@4988d8b8] depends on not successfully finished methods in group &quot;creation_deletion_edge_2&quot;"/>
  </testcase>
  <testcase name="createCategory" classname="jl.project.FirefoxTests.UserRequirement1_Test" time="0.632"/>
  <testcase name="deleteCategory" classname="jl.project.FirefoxTests.UserRequirement1_Test" time="0.544"/>
  <testcase name="createItem" classname="jl.project.FirefoxTests.UserRequirement2_Test" time="0.547">
    <failure message="expected:&lt;[tru]e&gt; but was:&lt;[fals]e&gt;" type="org.junit.ComparisonFailure"><![CDATA[org.junit.ComparisonFailure: expected:<[tru]e> but was:<[fals]e>
	at jl.project.FirefoxTests.UserRequirement2_Test.createItem(UserRequirement2_Test.java:98)
]]></failure>
    <system-out><![CDATA[13:05:46.358 [Forwarding newSession on session null to remote] INFO org.openqa.selenium.remote.ProtocolHandshake - Detected dialect: W3C
[UserRequirement2_Test] [INFO] Entering test for: item creation
[UserRequirement2_Test] [INFO] 1. item creation
[UserRequirement2_Test] [INFO] 2. Confirmation of item creation 
[UserRequirement2_Test] [DEBUG] Found 0 element named 'anItem'
]]></system-out>
    <system-err><![CDATA[1617361543419	Marionette	INFO	Stopped listening on port 50619

###!!! [Parent][RunMessage] Error: Channel closing: too late to send/recv, messages will be lost

1617361543991	geckodriver	INFO	Listening on 127.0.0.1:7175
1617361544000	mozrunner::runner	INFO	Running command: "/Applications/Firefox.app/Contents/MacOS/firefox-bin" "--marionette" "-foreground" "-no-remote" "-profile" "/var/folders/21/lxnq_qvx12l7ymdvmf6rlmkr0000gp/T/rust_mozprofileueZnuo"
console.warn: SearchSettings: "get: No settings file exists, new profile?" (new Error("", "(unknown module)"))
1617361546268	Marionette	INFO	Listening on port 50753
1617361546347	Marionette	WARN	TLS certificate errors will be ignored for this session
]]></system-err>
  </testcase>
  <testcase name="deleteItem" classname="jl.project.FirefoxTests.UserRequirement2_Test" time="0.007">
    <failure message="There should be one item. Number of item found: 0" type="java.lang.AssertionError">java.lang.AssertionError: There should be one item. Number of item found: 0
	at jl.project.FirefoxTests.UserRequirement2_Test.deleteItem(UserRequirement2_Test.java:113)
</failure>
    <system-out><![CDATA[[UserRequirement2_Test] [INFO] Entering test for: item deletion
[UserRequirement2_Test] [INFO] 1. item deletion
[UserRequirement2_Test] [DEBUG] Found 0 element named 'anIconToDeleteAnItem'
]]></system-out>
  </testcase>
  <testcase name="hideAndDisplayItem" classname="jl.project.FirefoxTests.UserRequirement3_Test" time="1.11">
    <failure message="Could not initialize class net.sourceforge.tess4j.TessAPI" type="java.lang.NoClassDefFoundError">java.lang.NoClassDefFoundError: Could not initialize class net.sourceforge.tess4j.TessAPI
	at jl.project.FirefoxTests.UserRequirement3_Test.hideAndDisplayItem(UserRequirement3_Test.java:116)
</failure>
    <system-out><![CDATA[13:05:51.261 [Forwarding newSession on session null to remote] INFO org.openqa.selenium.remote.ProtocolHandshake - Detected dialect: W3C
[UserRequirement3_Test] [INFO] Entering test for: item hiding/display
[UserRequirement3_Test] [INFO] 1. item creation
[UserRequirement3_Test] [INFO] 2. Verification that the item is displayed
]]></system-out>
    <system-err><![CDATA[1617361548396	Marionette	INFO	Stopped listening on port 50753
JavaScript error: resource://activity-stream/lib/ASRouter.jsm, line 988: NS_ERROR_ILLEGAL_VALUE: Component returned failure code: 0x80070057 (NS_ERROR_ILLEGAL_VALUE) [nsIObserverService.removeObserver]

###!!! [Parent][RunMessage] Error: Channel closing: too late to send/recv, messages will be lost

1617361548868	geckodriver	INFO	Listening on 127.0.0.1:8658
1617361548878	mozrunner::runner	INFO	Running command: "/Applications/Firefox.app/Contents/MacOS/firefox-bin" "--marionette" "-foreground" "-no-remote" "-profile" "/var/folders/21/lxnq_qvx12l7ymdvmf6rlmkr0000gp/T/rust_mozprofileRh6U4y"
console.warn: SearchSettings: "get: No settings file exists, new profile?" (new Error("", "(unknown module)"))
1617361551200	Marionette	INFO	Listening on port 50859
1617361551244	Marionette	WARN	TLS certificate errors will be ignored for this session
]]></system-err>
  </testcase>
  <testcase name="createAndDeleteACategoryWithKeyboardOnly_EnterKey" classname="jl.project.FirefoxTests.UserRequirement4_1_Test" time="9.395">
    <failure message="expected:&lt;[tru]e&gt; but was:&lt;[fals]e&gt;" type="org.junit.ComparisonFailure"><![CDATA[org.junit.ComparisonFailure: expected:<[tru]e> but was:<[fals]e>
	at jl.project.FirefoxTests.UserRequirement4_1_Test.createAndDeleteACategoryWithKeyboardOnly_EnterKey(UserRequirement4_1_Test.java:130)
]]></failure>
    <system-out><![CDATA[13:05:55.802 [Forwarding newSession on session null to remote] INFO org.openqa.selenium.remote.ProtocolHandshake - Detected dialect: W3C
[UserRequirement4_1_Test] [INFO] Entering test for: category creation/deletion with the keyboard with ENTER key
[UserRequirement4_1_Test] [INFO] 1. Creation of a category with the keyboard only.
[UserRequirement4_1_Test] [INFO] 2. Confirming creation of the category
[UserRequirement4_1_Test] [DEBUG] Found 0 elements named aCategory
]]></system-out>
    <system-err><![CDATA[1617361552946	Marionette	INFO	Stopped listening on port 50859

###!!! [Parent][RunMessage] Error: Channel closing: too late to send/recv, messages will be lost

1617361553414	geckodriver	INFO	Listening on 127.0.0.1:30133
1617361553422	mozrunner::runner	INFO	Running command: "/Applications/Firefox.app/Contents/MacOS/firefox-bin" "--marionette" "-foreground" "-no-remote" "-profile" "/var/folders/21/lxnq_qvx12l7ymdvmf6rlmkr0000gp/T/rust_mozprofilemcXLfW"
console.warn: SearchSettings: "get: No settings file exists, new profile?" (new Error("", "(unknown module)"))
1617361555687	Marionette	INFO	Listening on port 50997
1617361555791	Marionette	WARN	TLS certificate errors will be ignored for this session
]]></system-err>
  </testcase>
  <testcase name="createAndDeleteItemWithKeyboardOnly_EnterKey" classname="jl.project.FirefoxTests.UserRequirement4_1_Test" time="12.215">
    <failure message="expected:&lt;[tru]e&gt; but was:&lt;[fals]e&gt;" type="org.junit.ComparisonFailure"><![CDATA[org.junit.ComparisonFailure: expected:<[tru]e> but was:<[fals]e>
	at jl.project.FirefoxTests.UserRequirement4_1_Test.createAndDeleteItemWithKeyboardOnly_EnterKey(UserRequirement4_1_Test.java:269)
]]></failure>
    <system-out><![CDATA[[UserRequirement4_1_Test] [INFO] Entering test for: item creation/deletion with the keyboard with ENTER key
[UserRequirement4_1_Test] [INFO] 1. item creation
[UserRequirement4_1_Test] [INFO] 2. Confirmation of creation.
[UserRequirement4_1_Test] [DEBUG] Found 0 element named 'anItem'
]]></system-out>
  </testcase>
  <testcase name="HideAndDisplayItemsWithKeyboardOnly_EnterKey" classname="jl.project.FirefoxTests.UserRequirement4_1_Test" time="0">
    <skipped message="Method UserRequirement4_1_Test.HideAndDisplayItemsWithKeyboardOnly_EnterKey()[pri:0, instance:jl.project.FirefoxTests.UserRequirement4_1_Test@385e9564] depends on not successfully finished methods in group &quot;creation_deletion_firefox_1&quot;"/>
  </testcase>
  <testcase name="createAndDeleteACategoryWithKeyboardOnly_SpaceKey" classname="jl.project.FirefoxTests.UserRequirement4_2_Test" time="9.64">
    <failure message="expected:&lt;[tru]e&gt; but was:&lt;[fals]e&gt;" type="org.junit.ComparisonFailure"><![CDATA[org.junit.ComparisonFailure: expected:<[tru]e> but was:<[fals]e>
	at jl.project.FirefoxTests.UserRequirement4_2_Test.createAndDeleteACategoryWithKeyboardOnly_SpaceKey(UserRequirement4_2_Test.java:131)
]]></failure>
    <system-out><![CDATA[13:06:22.271 [Forwarding newSession on session null to remote] INFO org.openqa.selenium.remote.ProtocolHandshake - Detected dialect: W3C
[UserRequirement4_2_Test] [INFO] Entering test for: category creation/deletion with the keyboard with SPACE key
[UserRequirement4_2_Test] [INFO] 1. Creation of a category with the keyboard only.
[UserRequirement4_2_Test] [INFO] 2. Confirming creation of the category
[UserRequirement4_2_Test] [DEBUG] Found 0 elements named aCategory
]]></system-out>
    <system-err><![CDATA[1617361579365	Marionette	INFO	Stopped listening on port 50997

###!!! [Parent][RunMessage] Error: Channel closing: too late to send/recv, messages will be lost

1617361579862	geckodriver	INFO	Listening on 127.0.0.1:41774
1617361579871	mozrunner::runner	INFO	Running command: "/Applications/Firefox.app/Contents/MacOS/firefox-bin" "--marionette" "-foreground" "-no-remote" "-profile" "/var/folders/21/lxnq_qvx12l7ymdvmf6rlmkr0000gp/T/rust_mozprofilev7d0zg"
console.warn: SearchSettings: "get: No settings file exists, new profile?" (new Error("", "(unknown module)"))
1617361582147	Marionette	INFO	Listening on port 51159
1617361582261	Marionette	WARN	TLS certificate errors will be ignored for this session
]]></system-err>
  </testcase>
  <testcase name="createAndDeleteItemWithKeyboardOnly_SpaceKey" classname="jl.project.FirefoxTests.UserRequirement4_2_Test" time="12.165">
    <failure message="expected:&lt;[tru]e&gt; but was:&lt;[fals]e&gt;" type="org.junit.ComparisonFailure"><![CDATA[org.junit.ComparisonFailure: expected:<[tru]e> but was:<[fals]e>
	at jl.project.FirefoxTests.UserRequirement4_2_Test.createAndDeleteItemWithKeyboardOnly_SpaceKey(UserRequirement4_2_Test.java:268)
]]></failure>
    <system-out><![CDATA[[UserRequirement4_2_Test] [INFO] Entering test for: item creation/deletion with the keyboard with SPACE key
[UserRequirement4_2_Test] [INFO] 1. item creation
[UserRequirement4_2_Test] [INFO] 2. Confirmation of creation.
[UserRequirement4_2_Test] [DEBUG] Found 0 element named 'anItem'
]]></system-out>
  </testcase>
  <testcase name="HideAndDisplayItemsWithKeyboardOnly_SpaceKey" classname="jl.project.FirefoxTests.UserRequirement4_2_Test" time="0">
    <skipped message="Method UserRequirement4_2_Test.HideAndDisplayItemsWithKeyboardOnly_SpaceKey()[pri:0, instance:jl.project.FirefoxTests.UserRequirement4_2_Test@192c3f1e] depends on not successfully finished methods in group &quot;creation_deletion_firefox_2&quot;"/>
  </testcase>
  <testcase name="pa11yTest" classname="jl.project.Pa11yTest.UserRequirement5_Pa11yTest" time="0"/>
  <testcase name="convertAudioToTextTest" classname="jl.project.ScreenReadersTests.SpeechToTextConverterIBMTest" time="15.012"/>
</testsuite>