<?xml version="1.0" encoding="UTF-8"?>
<!-- Generated by org.testng.reporters.JUnitXMLReporter -->
<testsuite ignored="0" hostname="DESKTOP-CL5VKH3" failures="1" tests="1" name="Pa11y Test" time="108.458" errors="0" timestamp="21 May 2021 07:57:36 GMT">
  <testcase classname="jl.project.pa11ytest.UserRequirement5_Pa11yTest" name="pa11yTest" time="0.0">
    <failure type="java.lang.AssertionError">
      <![CDATA[java.lang.AssertionErrorat org.junit.Assert.fail(Assert.java:87)at org.junit.Assert.assertTrue(Assert.java:42)at org.junit.Assert.assertTrue(Assert.java:53)at jl.project.pa11ytest.UserRequirement5_Pa11yTest.pa11yTest(UserRequirement5_Pa11yTest.java:151)... Removed 29 stack frames]]>
    </failure>
  </testcase> <!-- pa11yTest -->
</testsuite> <!-- Pa11y Test -->
