<!DOCTYPE html>

<html>
  <head>
  <meta charset='utf-8'>
  <title>TestNG reports</title>

    <link type="text/css" href="testng-reports.css" rel="stylesheet" />
    <script type="text/javascript" src="jquery-1.7.1.min.js"></script>
    <script type="text/javascript" src="testng-reports.js"></script>
    <script type="text/javascript" src="https://www.google.com/jsapi"></script>
    <script type='text/javascript'>
      google.load('visualization', '1', {packages:['table']});
      google.setOnLoadCallback(drawTable);
      var suiteTableInitFunctions = new Array();
      var suiteTableData = new Array();
    </script>
    <!--
      <script type="text/javascript" src="jquery-ui/js/jquery-ui-1.8.16.custom.min.js"></script>
     -->
  </head>

  <body>
    <div class="top-banner-root">
      <span class="top-banner-title-font">Test results</span>
      <br/>
      <span class="top-banner-font-1">1 suite, 1 failed test</span>
    </div> <!-- top-banner-root -->
    <div class="navigator-root">
      <div class="navigator-suite-header">
        <span>All suites</span>
        <a href="#" title="Collapse/expand all the suites" class="collapse-all-link">
          <img src="collapseall.gif" class="collapse-all-icon">
          </img> <!-- collapse-all-icon -->
        </a> <!-- collapse-all-link -->
      </div> <!-- navigator-suite-header -->
      <div class="suite">
        <div class="rounded-window">
          <div class="suite-header light-rounded-window-top">
            <a href="#" panel-name="suite-Test_Suite_Chrome" class="navigator-link">
              <span class="suite-name border-failed">Test Suite Chrome</span>
            </a> <!-- navigator-link -->
          </div> <!-- suite-header light-rounded-window-top -->
          <div class="navigator-suite-content">
            <div class="suite-section-title">
              <span>Info</span>
            </div> <!-- suite-section-title -->
            <div class="suite-section-content">
              <ul>
                <li>
                  <a href="#" panel-name="test-xml-Test_Suite_Chrome" class="navigator-link ">
                    <span>C:\_Synchronized_Code\ATL\AccessibleTodoList_End2endTests\src\test\java\TestNG_Chrome.xml</span>
                  </a> <!-- navigator-link  -->
                </li>
                <li>
                  <a href="#" panel-name="testlist-Test_Suite_Chrome" class="navigator-link ">
                    <span class="test-stats">5 tests</span>
                  </a> <!-- navigator-link  -->
                </li>
                <li>
                  <a href="#" panel-name="group-Test_Suite_Chrome" class="navigator-link ">
                    <span>2 groups</span>
                  </a> <!-- navigator-link  -->
                </li>
                <li>
                  <a href="#" panel-name="times-Test_Suite_Chrome" class="navigator-link ">
                    <span>Times</span>
                  </a> <!-- navigator-link  -->
                </li>
                <li>
                  <a href="#" panel-name="reporter-Test_Suite_Chrome" class="navigator-link ">
                    <span>Reporter output</span>
                  </a> <!-- navigator-link  -->
                </li>
                <li>
                  <a href="#" panel-name="ignored-methods-Test_Suite_Chrome" class="navigator-link ">
                    <span>Ignored methods</span>
                  </a> <!-- navigator-link  -->
                </li>
                <li>
                  <a href="#" panel-name="chronological-Test_Suite_Chrome" class="navigator-link ">
                    <span>Chronological view</span>
                  </a> <!-- navigator-link  -->
                </li>
              </ul>
            </div> <!-- suite-section-content -->
            <div class="result-section">
              <div class="suite-section-title">
                <span>Results</span>
              </div> <!-- suite-section-title -->
              <div class="suite-section-content">
                <ul>
                  <li>
                    <span class="method-stats">11 methods, 1 failed,  10 skipped,  </span>
                  </li>
                  <li>
                    <span class="method-list-title failed">Failed methods</span>
                    <span class="show-or-hide-methods failed">
                      <a href="#" panel-name="suite-Test_Suite_Chrome" class="hide-methods failed suite-Test_Suite_Chrome"> (hide)</a> <!-- hide-methods failed suite-Test_Suite_Chrome -->
                      <a href="#" panel-name="suite-Test_Suite_Chrome" class="show-methods failed suite-Test_Suite_Chrome"> (show)</a> <!-- show-methods failed suite-Test_Suite_Chrome -->
                    </span>
                    <div class="method-list-content failed suite-Test_Suite_Chrome">
                      <span>
                        <img src="failed.png" width="3%"/>
                        <a href="#" panel-name="suite-Test_Suite_Chrome" title="jl.project._chrometests.UserRequirement3_Test" class="method navigator-link" hash-for-method="hideAndDisplayItem_UsingClicks">hideAndDisplayItem_UsingClicks</a> <!-- method navigator-link -->
                      </span>
                      <br/>
                    </div> <!-- method-list-content failed suite-Test_Suite_Chrome -->
                  </li>
                  <li>
                    <span class="method-list-title skipped">Skipped methods</span>
                    <span class="show-or-hide-methods skipped">
                      <a href="#" panel-name="suite-Test_Suite_Chrome" class="hide-methods skipped suite-Test_Suite_Chrome"> (hide)</a> <!-- hide-methods skipped suite-Test_Suite_Chrome -->
                      <a href="#" panel-name="suite-Test_Suite_Chrome" class="show-methods skipped suite-Test_Suite_Chrome"> (show)</a> <!-- show-methods skipped suite-Test_Suite_Chrome -->
                    </span>
                    <div class="method-list-content skipped suite-Test_Suite_Chrome">
                      <span>
                        <img src="skipped.png" width="3%"/>
                        <a href="#" panel-name="suite-Test_Suite_Chrome" title="jl.project._chrometests.UserRequirement4_1_Test" class="method navigator-link" hash-for-method="HideAndDisplayItemsWithKeyboardOnly_EnterKey">HideAndDisplayItemsWithKeyboardOnly_EnterKey</a> <!-- method navigator-link -->
                      </span>
                      <br/>
                      <span>
                        <img src="skipped.png" width="3%"/>
                        <a href="#" panel-name="suite-Test_Suite_Chrome" title="jl.project._chrometests.UserRequirement4_2_Test" class="method navigator-link" hash-for-method="HideAndDisplayItemsWithKeyboardOnly_SpaceKey">HideAndDisplayItemsWithKeyboardOnly_SpaceKey</a> <!-- method navigator-link -->
                      </span>
                      <br/>
                      <span>
                        <img src="skipped.png" width="3%"/>
                        <a href="#" panel-name="suite-Test_Suite_Chrome" title="jl.project._chrometests.UserRequirement4_1_Test" class="method navigator-link" hash-for-method="createAndDeleteACategoryWithKeyboardOnly_EnterKey">createAndDeleteACategoryWithKeyboardOnly_EnterKey</a> <!-- method navigator-link -->
                      </span>
                      <br/>
                      <span>
                        <img src="skipped.png" width="3%"/>
                        <a href="#" panel-name="suite-Test_Suite_Chrome" title="jl.project._chrometests.UserRequirement4_2_Test" class="method navigator-link" hash-for-method="createAndDeleteACategoryWithKeyboardOnly_SpaceKey">createAndDeleteACategoryWithKeyboardOnly_SpaceKey</a> <!-- method navigator-link -->
                      </span>
                      <br/>
                      <span>
                        <img src="skipped.png" width="3%"/>
                        <a href="#" panel-name="suite-Test_Suite_Chrome" title="jl.project._chrometests.UserRequirement4_1_Test" class="method navigator-link" hash-for-method="createAndDeleteItemWithKeyboardOnly_EnterKey">createAndDeleteItemWithKeyboardOnly_EnterKey</a> <!-- method navigator-link -->
                      </span>
                      <br/>
                      <span>
                        <img src="skipped.png" width="3%"/>
                        <a href="#" panel-name="suite-Test_Suite_Chrome" title="jl.project._chrometests.UserRequirement4_2_Test" class="method navigator-link" hash-for-method="createAndDeleteItemWithKeyboardOnly_SpaceKey">createAndDeleteItemWithKeyboardOnly_SpaceKey</a> <!-- method navigator-link -->
                      </span>
                      <br/>
                      <span>
                        <img src="skipped.png" width="3%"/>
                        <a href="#" panel-name="suite-Test_Suite_Chrome" title="jl.project._chrometests.UserRequirement1_Test" class="method navigator-link" hash-for-method="createCategory_UsingClicks">createCategory_UsingClicks</a> <!-- method navigator-link -->
                      </span>
                      <br/>
                      <span>
                        <img src="skipped.png" width="3%"/>
                        <a href="#" panel-name="suite-Test_Suite_Chrome" title="jl.project._chrometests.UserRequirement2_Test" class="method navigator-link" hash-for-method="createItem">createItem</a> <!-- method navigator-link -->
                      </span>
                      <br/>
                      <span>
                        <img src="skipped.png" width="3%"/>
                        <a href="#" panel-name="suite-Test_Suite_Chrome" title="jl.project._chrometests.UserRequirement1_Test" class="method navigator-link" hash-for-method="deleteCategory_UsingClicks">deleteCategory_UsingClicks</a> <!-- method navigator-link -->
                      </span>
                      <br/>
                      <span>
                        <img src="skipped.png" width="3%"/>
                        <a href="#" panel-name="suite-Test_Suite_Chrome" title="jl.project._chrometests.UserRequirement2_Test" class="method navigator-link" hash-for-method="deleteItem">deleteItem</a> <!-- method navigator-link -->
                      </span>
                      <br/>
                    </div> <!-- method-list-content skipped suite-Test_Suite_Chrome -->
                  </li>
                </ul>
              </div> <!-- suite-section-content -->
            </div> <!-- result-section -->
          </div> <!-- navigator-suite-content -->
        </div> <!-- rounded-window -->
      </div> <!-- suite -->
    </div> <!-- navigator-root -->
    <div class="wrapper">
      <div class="main-panel-root">
        <div panel-name="suite-Test_Suite_Chrome" class="panel Test_Suite_Chrome">
          <div class="suite-Test_Suite_Chrome-class-failed">
            <div class="main-panel-header rounded-window-top">
              <img src="failed.png"/>
              <span class="class-name">jl.project._chrometests.UserRequirement3_Test</span>
            </div> <!-- main-panel-header rounded-window-top -->
            <div class="main-panel-content rounded-window-bottom">
              <div class="method">
                <div class="method-content">
                  <a name="hideAndDisplayItem_UsingClicks">
                  </a> <!-- hideAndDisplayItem_UsingClicks -->
                  <span class="method-name">hideAndDisplayItem_UsingClicks</span>
                  <div class="stack-trace">org.openqa.selenium.WebDriverException: unknown error: net::ERR_CONNECTION_REFUSED
  (Session info: chrome=89.0.4389.128)
Build info: version: &apos;3.13.0&apos;, revision: &apos;2f0d292&apos;, time: &apos;2018-06-25T15:24:21.231Z&apos;
System info: host: &apos;DESKTOP-CL5VKH3&apos;, ip: &apos;192.168.1.15&apos;, os.name: &apos;Windows 10&apos;, os.arch: &apos;amd64&apos;, os.version: &apos;10.0&apos;, java.version: &apos;11.0.10&apos;
Driver info: org.openqa.selenium.chrome.ChromeDriver
Capabilities {acceptInsecureCerts: false, browserName: chrome, browserVersion: 89.0.4389.128, chrome: {chromedriverVersion: 89.0.4389.23 (61b08ee2c5002..., userDataDir: C:\Users\jeanl\AppData\Loca...}, goog:chromeOptions: {debuggerAddress: localhost:49317}, javascriptEnabled: true, networkConnectionEnabled: false, pageLoadStrategy: normal, platform: WINDOWS, platformName: WINDOWS, proxy: Proxy(), setWindowRect: true, strictFileInteractability: false, timeouts: {implicit: 0, pageLoad: 300000, script: 30000}, unhandledPromptBehavior: dismiss and notify, webauthn:extension:largeBlob: true, webauthn:virtualAuthenticators: true}
Session ID: df977581588c686fa9b5294e0d2e739d
	at org.openqa.selenium.remote.http.W3CHttpResponseCodec.createException(W3CHttpResponseCodec.java:187)
	at org.openqa.selenium.remote.http.W3CHttpResponseCodec.decode(W3CHttpResponseCodec.java:122)
	at org.openqa.selenium.remote.http.W3CHttpResponseCodec.decode(W3CHttpResponseCodec.java:49)
	at org.openqa.selenium.remote.HttpCommandExecutor.execute(HttpCommandExecutor.java:158)
	at org.openqa.selenium.remote.service.DriverCommandExecutor.execute(DriverCommandExecutor.java:83)
	at org.openqa.selenium.remote.RemoteWebDriver.execute(RemoteWebDriver.java:548)
	at org.openqa.selenium.remote.RemoteWebDriver.get(RemoteWebDriver.java:276)
	at jl.project.__commontests.TestsUtilWithClicks.hideAndDisplayItem_UsingClicks(TestsUtilWithClicks.java:302)
	at jl.project._chrometests.UserRequirement3_Test.hideAndDisplayItem_UsingClicks(UserRequirement3_Test.java:44)
... Removed 29 stack frames
</div> <!-- stack-trace -->
                </div> <!-- method-content -->
              </div> <!-- method -->
            </div> <!-- main-panel-content rounded-window-bottom -->
          </div> <!-- suite-Test_Suite_Chrome-class-failed -->
          <div class="suite-Test_Suite_Chrome-class-skipped">
            <div class="main-panel-header rounded-window-top">
              <img src="skipped.png"/>
              <span class="class-name">jl.project._chrometests.UserRequirement1_Test</span>
            </div> <!-- main-panel-header rounded-window-top -->
            <div class="main-panel-content rounded-window-bottom">
              <div class="method">
                <div class="method-content">
                  <a name="createCategory_UsingClicks">
                  </a> <!-- createCategory_UsingClicks -->
                  <span class="method-name">createCategory_UsingClicks</span>
                  <div class="stack-trace">org.openqa.selenium.WebDriverException: unknown error: net::ERR_CONNECTION_REFUSED
  (Session info: chrome=89.0.4389.128)
Build info: version: &apos;3.13.0&apos;, revision: &apos;2f0d292&apos;, time: &apos;2018-06-25T15:24:21.231Z&apos;
System info: host: &apos;DESKTOP-CL5VKH3&apos;, ip: &apos;192.168.1.15&apos;, os.name: &apos;Windows 10&apos;, os.arch: &apos;amd64&apos;, os.version: &apos;10.0&apos;, java.version: &apos;11.0.10&apos;
Driver info: org.openqa.selenium.chrome.ChromeDriver
Capabilities {acceptInsecureCerts: false, browserName: chrome, browserVersion: 89.0.4389.128, chrome: {chromedriverVersion: 89.0.4389.23 (61b08ee2c5002..., userDataDir: C:\Users\jeanl\AppData\Loca...}, goog:chromeOptions: {debuggerAddress: localhost:49253}, javascriptEnabled: true, networkConnectionEnabled: false, pageLoadStrategy: normal, platform: WINDOWS, platformName: WINDOWS, proxy: Proxy(), setWindowRect: true, strictFileInteractability: false, timeouts: {implicit: 0, pageLoad: 300000, script: 30000}, unhandledPromptBehavior: dismiss and notify, webauthn:extension:largeBlob: true, webauthn:virtualAuthenticators: true}
Session ID: 353125c563822cd9f13dd33b9225bf73
	at org.openqa.selenium.remote.http.W3CHttpResponseCodec.createException(W3CHttpResponseCodec.java:187)
	at org.openqa.selenium.remote.http.W3CHttpResponseCodec.decode(W3CHttpResponseCodec.java:122)
	at org.openqa.selenium.remote.http.W3CHttpResponseCodec.decode(W3CHttpResponseCodec.java:49)
	at org.openqa.selenium.remote.HttpCommandExecutor.execute(HttpCommandExecutor.java:158)
	at org.openqa.selenium.remote.service.DriverCommandExecutor.execute(DriverCommandExecutor.java:83)
	at org.openqa.selenium.remote.RemoteWebDriver.execute(RemoteWebDriver.java:548)
	at org.openqa.selenium.remote.RemoteWebDriver.get(RemoteWebDriver.java:276)
	at jl.project._chrometests.UserRequirement1_Test.navigate(UserRequirement1_Test.java:57)
... Removed 32 stack frames
</div> <!-- stack-trace -->
                </div> <!-- method-content -->
              </div> <!-- method -->
              <div class="method">
                <div class="method-content">
                  <a name="deleteCategory_UsingClicks">
                  </a> <!-- deleteCategory_UsingClicks -->
                  <span class="method-name">deleteCategory_UsingClicks</span>
                  <div class="stack-trace">org.openqa.selenium.WebDriverException: unknown error: net::ERR_CONNECTION_REFUSED
  (Session info: chrome=89.0.4389.128)
Build info: version: &apos;3.13.0&apos;, revision: &apos;2f0d292&apos;, time: &apos;2018-06-25T15:24:21.231Z&apos;
System info: host: &apos;DESKTOP-CL5VKH3&apos;, ip: &apos;192.168.1.15&apos;, os.name: &apos;Windows 10&apos;, os.arch: &apos;amd64&apos;, os.version: &apos;10.0&apos;, java.version: &apos;11.0.10&apos;
Driver info: org.openqa.selenium.chrome.ChromeDriver
Capabilities {acceptInsecureCerts: false, browserName: chrome, browserVersion: 89.0.4389.128, chrome: {chromedriverVersion: 89.0.4389.23 (61b08ee2c5002..., userDataDir: C:\Users\jeanl\AppData\Loca...}, goog:chromeOptions: {debuggerAddress: localhost:49253}, javascriptEnabled: true, networkConnectionEnabled: false, pageLoadStrategy: normal, platform: WINDOWS, platformName: WINDOWS, proxy: Proxy(), setWindowRect: true, strictFileInteractability: false, timeouts: {implicit: 0, pageLoad: 300000, script: 30000}, unhandledPromptBehavior: dismiss and notify, webauthn:extension:largeBlob: true, webauthn:virtualAuthenticators: true}
Session ID: 353125c563822cd9f13dd33b9225bf73
	at org.openqa.selenium.remote.http.W3CHttpResponseCodec.createException(W3CHttpResponseCodec.java:187)
	at org.openqa.selenium.remote.http.W3CHttpResponseCodec.decode(W3CHttpResponseCodec.java:122)
	at org.openqa.selenium.remote.http.W3CHttpResponseCodec.decode(W3CHttpResponseCodec.java:49)
	at org.openqa.selenium.remote.HttpCommandExecutor.execute(HttpCommandExecutor.java:158)
	at org.openqa.selenium.remote.service.DriverCommandExecutor.execute(DriverCommandExecutor.java:83)
	at org.openqa.selenium.remote.RemoteWebDriver.execute(RemoteWebDriver.java:548)
	at org.openqa.selenium.remote.RemoteWebDriver.get(RemoteWebDriver.java:276)
	at jl.project._chrometests.UserRequirement1_Test.navigate(UserRequirement1_Test.java:57)
... Removed 32 stack frames
</div> <!-- stack-trace -->
                </div> <!-- method-content -->
              </div> <!-- method -->
            </div> <!-- main-panel-content rounded-window-bottom -->
          </div> <!-- suite-Test_Suite_Chrome-class-skipped -->
          <div class="suite-Test_Suite_Chrome-class-skipped">
            <div class="main-panel-header rounded-window-top">
              <img src="skipped.png"/>
              <span class="class-name">jl.project._chrometests.UserRequirement4_2_Test</span>
            </div> <!-- main-panel-header rounded-window-top -->
            <div class="main-panel-content rounded-window-bottom">
              <div class="method">
                <div class="method-content">
                  <a name="HideAndDisplayItemsWithKeyboardOnly_SpaceKey">
                  </a> <!-- HideAndDisplayItemsWithKeyboardOnly_SpaceKey -->
                  <span class="method-name">HideAndDisplayItemsWithKeyboardOnly_SpaceKey</span>
                  <div class="stack-trace">java.lang.Throwable: Method UserRequirement4_2_Test.HideAndDisplayItemsWithKeyboardOnly_SpaceKey()[pri:0, instance:jl.project._chrometests.UserRequirement4_2_Test@4e268090] depends on not successfully finished methods in group &quot;creation_deletion_Chrome_2&quot;
... Removed 18 stack frames
</div> <!-- stack-trace -->
                </div> <!-- method-content -->
              </div> <!-- method -->
              <div class="method">
                <div class="method-content">
                  <a name="createAndDeleteACategoryWithKeyboardOnly_SpaceKey">
                  </a> <!-- createAndDeleteACategoryWithKeyboardOnly_SpaceKey -->
                  <span class="method-name">createAndDeleteACategoryWithKeyboardOnly_SpaceKey</span>
                  <div class="stack-trace">org.openqa.selenium.WebDriverException: unknown error: net::ERR_CONNECTION_REFUSED
  (Session info: chrome=89.0.4389.128)
Build info: version: &apos;3.13.0&apos;, revision: &apos;2f0d292&apos;, time: &apos;2018-06-25T15:24:21.231Z&apos;
System info: host: &apos;DESKTOP-CL5VKH3&apos;, ip: &apos;192.168.1.15&apos;, os.name: &apos;Windows 10&apos;, os.arch: &apos;amd64&apos;, os.version: &apos;10.0&apos;, java.version: &apos;11.0.10&apos;
Driver info: org.openqa.selenium.chrome.ChromeDriver
Capabilities {acceptInsecureCerts: false, browserName: chrome, browserVersion: 89.0.4389.128, chrome: {chromedriverVersion: 89.0.4389.23 (61b08ee2c5002..., userDataDir: C:\Users\jeanl\AppData\Loca...}, goog:chromeOptions: {debuggerAddress: localhost:49387}, javascriptEnabled: true, networkConnectionEnabled: false, pageLoadStrategy: normal, platform: WINDOWS, platformName: WINDOWS, proxy: Proxy(), setWindowRect: true, strictFileInteractability: false, timeouts: {implicit: 0, pageLoad: 300000, script: 30000}, unhandledPromptBehavior: dismiss and notify, webauthn:extension:largeBlob: true, webauthn:virtualAuthenticators: true}
Session ID: 456145fc132fd308ee375fd7a44a3602
	at org.openqa.selenium.remote.http.W3CHttpResponseCodec.createException(W3CHttpResponseCodec.java:187)
	at org.openqa.selenium.remote.http.W3CHttpResponseCodec.decode(W3CHttpResponseCodec.java:122)
	at org.openqa.selenium.remote.http.W3CHttpResponseCodec.decode(W3CHttpResponseCodec.java:49)
	at org.openqa.selenium.remote.HttpCommandExecutor.execute(HttpCommandExecutor.java:158)
	at org.openqa.selenium.remote.service.DriverCommandExecutor.execute(DriverCommandExecutor.java:83)
	at org.openqa.selenium.remote.RemoteWebDriver.execute(RemoteWebDriver.java:548)
	at org.openqa.selenium.remote.RemoteWebDriver.get(RemoteWebDriver.java:276)
	at jl.project._chrometests.UserRequirement4_2_Test.navigate(UserRequirement4_2_Test.java:44)
... Removed 32 stack frames
</div> <!-- stack-trace -->
                </div> <!-- method-content -->
              </div> <!-- method -->
              <div class="method">
                <div class="method-content">
                  <a name="createAndDeleteItemWithKeyboardOnly_SpaceKey">
                  </a> <!-- createAndDeleteItemWithKeyboardOnly_SpaceKey -->
                  <span class="method-name">createAndDeleteItemWithKeyboardOnly_SpaceKey</span>
                  <div class="stack-trace">org.openqa.selenium.WebDriverException: unknown error: net::ERR_CONNECTION_REFUSED
  (Session info: chrome=89.0.4389.128)
Build info: version: &apos;3.13.0&apos;, revision: &apos;2f0d292&apos;, time: &apos;2018-06-25T15:24:21.231Z&apos;
System info: host: &apos;DESKTOP-CL5VKH3&apos;, ip: &apos;192.168.1.15&apos;, os.name: &apos;Windows 10&apos;, os.arch: &apos;amd64&apos;, os.version: &apos;10.0&apos;, java.version: &apos;11.0.10&apos;
Driver info: org.openqa.selenium.chrome.ChromeDriver
Capabilities {acceptInsecureCerts: false, browserName: chrome, browserVersion: 89.0.4389.128, chrome: {chromedriverVersion: 89.0.4389.23 (61b08ee2c5002..., userDataDir: C:\Users\jeanl\AppData\Loca...}, goog:chromeOptions: {debuggerAddress: localhost:49387}, javascriptEnabled: true, networkConnectionEnabled: false, pageLoadStrategy: normal, platform: WINDOWS, platformName: WINDOWS, proxy: Proxy(), setWindowRect: true, strictFileInteractability: false, timeouts: {implicit: 0, pageLoad: 300000, script: 30000}, unhandledPromptBehavior: dismiss and notify, webauthn:extension:largeBlob: true, webauthn:virtualAuthenticators: true}
Session ID: 456145fc132fd308ee375fd7a44a3602
	at org.openqa.selenium.remote.http.W3CHttpResponseCodec.createException(W3CHttpResponseCodec.java:187)
	at org.openqa.selenium.remote.http.W3CHttpResponseCodec.decode(W3CHttpResponseCodec.java:122)
	at org.openqa.selenium.remote.http.W3CHttpResponseCodec.decode(W3CHttpResponseCodec.java:49)
	at org.openqa.selenium.remote.HttpCommandExecutor.execute(HttpCommandExecutor.java:158)
	at org.openqa.selenium.remote.service.DriverCommandExecutor.execute(DriverCommandExecutor.java:83)
	at org.openqa.selenium.remote.RemoteWebDriver.execute(RemoteWebDriver.java:548)
	at org.openqa.selenium.remote.RemoteWebDriver.get(RemoteWebDriver.java:276)
	at jl.project._chrometests.UserRequirement4_2_Test.navigate(UserRequirement4_2_Test.java:44)
... Removed 32 stack frames
</div> <!-- stack-trace -->
                </div> <!-- method-content -->
              </div> <!-- method -->
            </div> <!-- main-panel-content rounded-window-bottom -->
          </div> <!-- suite-Test_Suite_Chrome-class-skipped -->
          <div class="suite-Test_Suite_Chrome-class-skipped">
            <div class="main-panel-header rounded-window-top">
              <img src="skipped.png"/>
              <span class="class-name">jl.project._chrometests.UserRequirement2_Test</span>
            </div> <!-- main-panel-header rounded-window-top -->
            <div class="main-panel-content rounded-window-bottom">
              <div class="method">
                <div class="method-content">
                  <a name="createItem">
                  </a> <!-- createItem -->
                  <span class="method-name">createItem</span>
                  <div class="stack-trace">org.openqa.selenium.WebDriverException: unknown error: net::ERR_CONNECTION_REFUSED
  (Session info: chrome=89.0.4389.128)
Build info: version: &apos;3.13.0&apos;, revision: &apos;2f0d292&apos;, time: &apos;2018-06-25T15:24:21.231Z&apos;
System info: host: &apos;DESKTOP-CL5VKH3&apos;, ip: &apos;192.168.1.15&apos;, os.name: &apos;Windows 10&apos;, os.arch: &apos;amd64&apos;, os.version: &apos;10.0&apos;, java.version: &apos;11.0.10&apos;
Driver info: org.openqa.selenium.chrome.ChromeDriver
Capabilities {acceptInsecureCerts: false, browserName: chrome, browserVersion: 89.0.4389.128, chrome: {chromedriverVersion: 89.0.4389.23 (61b08ee2c5002..., userDataDir: C:\Users\jeanl\AppData\Loca...}, goog:chromeOptions: {debuggerAddress: localhost:49286}, javascriptEnabled: true, networkConnectionEnabled: false, pageLoadStrategy: normal, platform: WINDOWS, platformName: WINDOWS, proxy: Proxy(), setWindowRect: true, strictFileInteractability: false, timeouts: {implicit: 0, pageLoad: 300000, script: 30000}, unhandledPromptBehavior: dismiss and notify, webauthn:extension:largeBlob: true, webauthn:virtualAuthenticators: true}
Session ID: bf08a5c5fce7ff67a67781a14c29fb8f
	at org.openqa.selenium.remote.http.W3CHttpResponseCodec.createException(W3CHttpResponseCodec.java:187)
	at org.openqa.selenium.remote.http.W3CHttpResponseCodec.decode(W3CHttpResponseCodec.java:122)
	at org.openqa.selenium.remote.http.W3CHttpResponseCodec.decode(W3CHttpResponseCodec.java:49)
	at org.openqa.selenium.remote.HttpCommandExecutor.execute(HttpCommandExecutor.java:158)
	at org.openqa.selenium.remote.service.DriverCommandExecutor.execute(DriverCommandExecutor.java:83)
	at org.openqa.selenium.remote.RemoteWebDriver.execute(RemoteWebDriver.java:548)
	at org.openqa.selenium.remote.RemoteWebDriver.get(RemoteWebDriver.java:276)
	at jl.project._chrometests.UserRequirement2_Test.navigate(UserRequirement2_Test.java:44)
... Removed 32 stack frames
</div> <!-- stack-trace -->
                </div> <!-- method-content -->
              </div> <!-- method -->
              <div class="method">
                <div class="method-content">
                  <a name="deleteItem">
                  </a> <!-- deleteItem -->
                  <span class="method-name">deleteItem</span>
                  <div class="stack-trace">org.openqa.selenium.WebDriverException: unknown error: net::ERR_CONNECTION_REFUSED
  (Session info: chrome=89.0.4389.128)
Build info: version: &apos;3.13.0&apos;, revision: &apos;2f0d292&apos;, time: &apos;2018-06-25T15:24:21.231Z&apos;
System info: host: &apos;DESKTOP-CL5VKH3&apos;, ip: &apos;192.168.1.15&apos;, os.name: &apos;Windows 10&apos;, os.arch: &apos;amd64&apos;, os.version: &apos;10.0&apos;, java.version: &apos;11.0.10&apos;
Driver info: org.openqa.selenium.chrome.ChromeDriver
Capabilities {acceptInsecureCerts: false, browserName: chrome, browserVersion: 89.0.4389.128, chrome: {chromedriverVersion: 89.0.4389.23 (61b08ee2c5002..., userDataDir: C:\Users\jeanl\AppData\Loca...}, goog:chromeOptions: {debuggerAddress: localhost:49286}, javascriptEnabled: true, networkConnectionEnabled: false, pageLoadStrategy: normal, platform: WINDOWS, platformName: WINDOWS, proxy: Proxy(), setWindowRect: true, strictFileInteractability: false, timeouts: {implicit: 0, pageLoad: 300000, script: 30000}, unhandledPromptBehavior: dismiss and notify, webauthn:extension:largeBlob: true, webauthn:virtualAuthenticators: true}
Session ID: bf08a5c5fce7ff67a67781a14c29fb8f
	at org.openqa.selenium.remote.http.W3CHttpResponseCodec.createException(W3CHttpResponseCodec.java:187)
	at org.openqa.selenium.remote.http.W3CHttpResponseCodec.decode(W3CHttpResponseCodec.java:122)
	at org.openqa.selenium.remote.http.W3CHttpResponseCodec.decode(W3CHttpResponseCodec.java:49)
	at org.openqa.selenium.remote.HttpCommandExecutor.execute(HttpCommandExecutor.java:158)
	at org.openqa.selenium.remote.service.DriverCommandExecutor.execute(DriverCommandExecutor.java:83)
	at org.openqa.selenium.remote.RemoteWebDriver.execute(RemoteWebDriver.java:548)
	at org.openqa.selenium.remote.RemoteWebDriver.get(RemoteWebDriver.java:276)
	at jl.project._chrometests.UserRequirement2_Test.navigate(UserRequirement2_Test.java:44)
... Removed 32 stack frames
</div> <!-- stack-trace -->
                </div> <!-- method-content -->
              </div> <!-- method -->
            </div> <!-- main-panel-content rounded-window-bottom -->
          </div> <!-- suite-Test_Suite_Chrome-class-skipped -->
          <div class="suite-Test_Suite_Chrome-class-skipped">
            <div class="main-panel-header rounded-window-top">
              <img src="skipped.png"/>
              <span class="class-name">jl.project._chrometests.UserRequirement4_1_Test</span>
            </div> <!-- main-panel-header rounded-window-top -->
            <div class="main-panel-content rounded-window-bottom">
              <div class="method">
                <div class="method-content">
                  <a name="HideAndDisplayItemsWithKeyboardOnly_EnterKey">
                  </a> <!-- HideAndDisplayItemsWithKeyboardOnly_EnterKey -->
                  <span class="method-name">HideAndDisplayItemsWithKeyboardOnly_EnterKey</span>
                  <div class="stack-trace">java.lang.Throwable: Method UserRequirement4_1_Test.HideAndDisplayItemsWithKeyboardOnly_EnterKey()[pri:0, instance:jl.project._chrometests.UserRequirement4_1_Test@68e965f5] depends on not successfully finished methods in group &quot;creation_deletion_Chrome_1&quot;
... Removed 18 stack frames
</div> <!-- stack-trace -->
                </div> <!-- method-content -->
              </div> <!-- method -->
              <div class="method">
                <div class="method-content">
                  <a name="createAndDeleteACategoryWithKeyboardOnly_EnterKey">
                  </a> <!-- createAndDeleteACategoryWithKeyboardOnly_EnterKey -->
                  <span class="method-name">createAndDeleteACategoryWithKeyboardOnly_EnterKey</span>
                  <div class="stack-trace">org.openqa.selenium.WebDriverException: unknown error: net::ERR_CONNECTION_REFUSED
  (Session info: chrome=89.0.4389.128)
Build info: version: &apos;3.13.0&apos;, revision: &apos;2f0d292&apos;, time: &apos;2018-06-25T15:24:21.231Z&apos;
System info: host: &apos;DESKTOP-CL5VKH3&apos;, ip: &apos;192.168.1.15&apos;, os.name: &apos;Windows 10&apos;, os.arch: &apos;amd64&apos;, os.version: &apos;10.0&apos;, java.version: &apos;11.0.10&apos;
Driver info: org.openqa.selenium.chrome.ChromeDriver
Capabilities {acceptInsecureCerts: false, browserName: chrome, browserVersion: 89.0.4389.128, chrome: {chromedriverVersion: 89.0.4389.23 (61b08ee2c5002..., userDataDir: C:\Users\jeanl\AppData\Loca...}, goog:chromeOptions: {debuggerAddress: localhost:49350}, javascriptEnabled: true, networkConnectionEnabled: false, pageLoadStrategy: normal, platform: WINDOWS, platformName: WINDOWS, proxy: Proxy(), setWindowRect: true, strictFileInteractability: false, timeouts: {implicit: 0, pageLoad: 300000, script: 30000}, unhandledPromptBehavior: dismiss and notify, webauthn:extension:largeBlob: true, webauthn:virtualAuthenticators: true}
Session ID: 8598b77f55b4a3e33e77d511ba727035
	at org.openqa.selenium.remote.http.W3CHttpResponseCodec.createException(W3CHttpResponseCodec.java:187)
	at org.openqa.selenium.remote.http.W3CHttpResponseCodec.decode(W3CHttpResponseCodec.java:122)
	at org.openqa.selenium.remote.http.W3CHttpResponseCodec.decode(W3CHttpResponseCodec.java:49)
	at org.openqa.selenium.remote.HttpCommandExecutor.execute(HttpCommandExecutor.java:158)
	at org.openqa.selenium.remote.service.DriverCommandExecutor.execute(DriverCommandExecutor.java:83)
	at org.openqa.selenium.remote.RemoteWebDriver.execute(RemoteWebDriver.java:548)
	at org.openqa.selenium.remote.RemoteWebDriver.get(RemoteWebDriver.java:276)
	at jl.project._chrometests.UserRequirement4_1_Test.navigate(UserRequirement4_1_Test.java:44)
... Removed 32 stack frames
</div> <!-- stack-trace -->
                </div> <!-- method-content -->
              </div> <!-- method -->
              <div class="method">
                <div class="method-content">
                  <a name="createAndDeleteItemWithKeyboardOnly_EnterKey">
                  </a> <!-- createAndDeleteItemWithKeyboardOnly_EnterKey -->
                  <span class="method-name">createAndDeleteItemWithKeyboardOnly_EnterKey</span>
                  <div class="stack-trace">org.openqa.selenium.WebDriverException: unknown error: net::ERR_CONNECTION_REFUSED
  (Session info: chrome=89.0.4389.128)
Build info: version: &apos;3.13.0&apos;, revision: &apos;2f0d292&apos;, time: &apos;2018-06-25T15:24:21.231Z&apos;
System info: host: &apos;DESKTOP-CL5VKH3&apos;, ip: &apos;192.168.1.15&apos;, os.name: &apos;Windows 10&apos;, os.arch: &apos;amd64&apos;, os.version: &apos;10.0&apos;, java.version: &apos;11.0.10&apos;
Driver info: org.openqa.selenium.chrome.ChromeDriver
Capabilities {acceptInsecureCerts: false, browserName: chrome, browserVersion: 89.0.4389.128, chrome: {chromedriverVersion: 89.0.4389.23 (61b08ee2c5002..., userDataDir: C:\Users\jeanl\AppData\Loca...}, goog:chromeOptions: {debuggerAddress: localhost:49350}, javascriptEnabled: true, networkConnectionEnabled: false, pageLoadStrategy: normal, platform: WINDOWS, platformName: WINDOWS, proxy: Proxy(), setWindowRect: true, strictFileInteractability: false, timeouts: {implicit: 0, pageLoad: 300000, script: 30000}, unhandledPromptBehavior: dismiss and notify, webauthn:extension:largeBlob: true, webauthn:virtualAuthenticators: true}
Session ID: 8598b77f55b4a3e33e77d511ba727035
	at org.openqa.selenium.remote.http.W3CHttpResponseCodec.createException(W3CHttpResponseCodec.java:187)
	at org.openqa.selenium.remote.http.W3CHttpResponseCodec.decode(W3CHttpResponseCodec.java:122)
	at org.openqa.selenium.remote.http.W3CHttpResponseCodec.decode(W3CHttpResponseCodec.java:49)
	at org.openqa.selenium.remote.HttpCommandExecutor.execute(HttpCommandExecutor.java:158)
	at org.openqa.selenium.remote.service.DriverCommandExecutor.execute(DriverCommandExecutor.java:83)
	at org.openqa.selenium.remote.RemoteWebDriver.execute(RemoteWebDriver.java:548)
	at org.openqa.selenium.remote.RemoteWebDriver.get(RemoteWebDriver.java:276)
	at jl.project._chrometests.UserRequirement4_1_Test.navigate(UserRequirement4_1_Test.java:44)
... Removed 32 stack frames
</div> <!-- stack-trace -->
                </div> <!-- method-content -->
              </div> <!-- method -->
            </div> <!-- main-panel-content rounded-window-bottom -->
          </div> <!-- suite-Test_Suite_Chrome-class-skipped -->
        </div> <!-- panel Test_Suite_Chrome -->
        <div panel-name="test-xml-Test_Suite_Chrome" class="panel">
          <div class="main-panel-header rounded-window-top">
            <span class="header-content">C:\_Synchronized_Code\ATL\AccessibleTodoList_End2endTests\src\test\java\TestNG_Chrome.xml</span>
          </div> <!-- main-panel-header rounded-window-top -->
          <div class="main-panel-content rounded-window-bottom">
            <pre>
&lt;?xml version=&quot;1.0&quot; encoding=&quot;UTF-8&quot;?&gt;
&lt;!DOCTYPE suite SYSTEM &quot;http://testng.org/testng-1.0.dtd&quot;&gt;
&lt;suite thread-count=&quot;-1&quot; name=&quot;Test Suite Chrome&quot; guice-stage=&quot;DEVELOPMENT&quot;&gt;
  &lt;test name=&quot;User Requirement 1&quot;&gt;
    &lt;classes&gt;
      &lt;class name=&quot;jl.project._chrometests.UserRequirement1_Test&quot;/&gt;
    &lt;/classes&gt;
  &lt;/test&gt; &lt;!-- User Requirement 1 --&gt;
  &lt;test name=&quot;User Requirement 2&quot;&gt;
    &lt;classes&gt;
      &lt;class name=&quot;jl.project._chrometests.UserRequirement2_Test&quot;/&gt;
    &lt;/classes&gt;
  &lt;/test&gt; &lt;!-- User Requirement 2 --&gt;
  &lt;test name=&quot;User Requirement 3&quot;&gt;
    &lt;classes&gt;
      &lt;class name=&quot;jl.project._chrometests.UserRequirement3_Test&quot;/&gt;
    &lt;/classes&gt;
  &lt;/test&gt; &lt;!-- User Requirement 3 --&gt;
  &lt;test name=&quot;User Requirement 4 Part 1&quot;&gt;
    &lt;classes&gt;
      &lt;class name=&quot;jl.project._chrometests.UserRequirement4_1_Test&quot;/&gt;
    &lt;/classes&gt;
  &lt;/test&gt; &lt;!-- User Requirement 4 Part 1 --&gt;
  &lt;test name=&quot;User Requirement 4 Part 2&quot;&gt;
    &lt;classes&gt;
      &lt;class name=&quot;jl.project._chrometests.UserRequirement4_2_Test&quot;/&gt;
    &lt;/classes&gt;
  &lt;/test&gt; &lt;!-- User Requirement 4 Part 2 --&gt;
&lt;/suite&gt; &lt;!-- Test Suite Chrome --&gt;
            </pre>
          </div> <!-- main-panel-content rounded-window-bottom -->
        </div> <!-- panel -->
        <div panel-name="testlist-Test_Suite_Chrome" class="panel">
          <div class="main-panel-header rounded-window-top">
            <span class="header-content">Tests for Test Suite Chrome</span>
          </div> <!-- main-panel-header rounded-window-top -->
          <div class="main-panel-content rounded-window-bottom">
            <ul>
              <li>
                <span class="test-name">User Requirement 1 (1 class)</span>
              </li>
              <li>
                <span class="test-name">User Requirement 2 (1 class)</span>
              </li>
              <li>
                <span class="test-name">User Requirement 3 (1 class)</span>
              </li>
              <li>
                <span class="test-name">User Requirement 4 Part 1 (1 class)</span>
              </li>
              <li>
                <span class="test-name">User Requirement 4 Part 2 (1 class)</span>
              </li>
            </ul>
          </div> <!-- main-panel-content rounded-window-bottom -->
        </div> <!-- panel -->
        <div panel-name="group-Test_Suite_Chrome" class="panel">
          <div class="main-panel-header rounded-window-top">
            <span class="header-content">Groups for Test Suite Chrome</span>
          </div> <!-- main-panel-header rounded-window-top -->
          <div class="main-panel-content rounded-window-bottom">
            <div class="test-group">
              <span class="test-group-name">creation_deletion_Chrome_1</span>
              <br/>
              <div class="method-in-group">
                <span class="method-in-group-name">createAndDeleteACategoryWithKeyboardOnly_EnterKey</span>
                <br/>
              </div> <!-- method-in-group -->
              <div class="method-in-group">
                <span class="method-in-group-name">createAndDeleteItemWithKeyboardOnly_EnterKey</span>
                <br/>
              </div> <!-- method-in-group -->
            </div> <!-- test-group -->
            <div class="test-group">
              <span class="test-group-name">creation_deletion_Chrome_2</span>
              <br/>
              <div class="method-in-group">
                <span class="method-in-group-name">createAndDeleteACategoryWithKeyboardOnly_SpaceKey</span>
                <br/>
              </div> <!-- method-in-group -->
              <div class="method-in-group">
                <span class="method-in-group-name">createAndDeleteItemWithKeyboardOnly_SpaceKey</span>
                <br/>
              </div> <!-- method-in-group -->
            </div> <!-- test-group -->
          </div> <!-- main-panel-content rounded-window-bottom -->
        </div> <!-- panel -->
        <div panel-name="times-Test_Suite_Chrome" class="panel">
          <div class="main-panel-header rounded-window-top">
            <span class="header-content">Times for Test Suite Chrome</span>
          </div> <!-- main-panel-header rounded-window-top -->
          <div class="main-panel-content rounded-window-bottom">
            <div class="times-div">
              <script type="text/javascript">
suiteTableInitFunctions.push('tableData_Test_Suite_Chrome');
function tableData_Test_Suite_Chrome() {
var data = new google.visualization.DataTable();
data.addColumn('number', 'Number');
data.addColumn('string', 'Method');
data.addColumn('string', 'Class');
data.addColumn('number', 'Time (ms)');
data.addRows(11);
data.setCell(0, 0, 0)
data.setCell(0, 1, 'hideAndDisplayItem_UsingClicks')
data.setCell(0, 2, 'jl.project._chrometests.UserRequirement3_Test')
data.setCell(0, 3, 9323);
data.setCell(1, 0, 1)
data.setCell(1, 1, 'createCategory_UsingClicks')
data.setCell(1, 2, 'jl.project._chrometests.UserRequirement1_Test')
data.setCell(1, 3, 0);
data.setCell(2, 0, 2)
data.setCell(2, 1, 'deleteCategory_UsingClicks')
data.setCell(2, 2, 'jl.project._chrometests.UserRequirement1_Test')
data.setCell(2, 3, 0);
data.setCell(3, 0, 3)
data.setCell(3, 1, 'createItem')
data.setCell(3, 2, 'jl.project._chrometests.UserRequirement2_Test')
data.setCell(3, 3, 0);
data.setCell(4, 0, 4)
data.setCell(4, 1, 'deleteItem')
data.setCell(4, 2, 'jl.project._chrometests.UserRequirement2_Test')
data.setCell(4, 3, 0);
data.setCell(5, 0, 5)
data.setCell(5, 1, 'createAndDeleteItemWithKeyboardOnly_EnterKey')
data.setCell(5, 2, 'jl.project._chrometests.UserRequirement4_1_Test')
data.setCell(5, 3, 0);
data.setCell(6, 0, 6)
data.setCell(6, 1, 'createAndDeleteACategoryWithKeyboardOnly_EnterKey')
data.setCell(6, 2, 'jl.project._chrometests.UserRequirement4_1_Test')
data.setCell(6, 3, 0);
data.setCell(7, 0, 7)
data.setCell(7, 1, 'HideAndDisplayItemsWithKeyboardOnly_EnterKey')
data.setCell(7, 2, 'jl.project._chrometests.UserRequirement4_1_Test')
data.setCell(7, 3, 0);
data.setCell(8, 0, 8)
data.setCell(8, 1, 'createAndDeleteACategoryWithKeyboardOnly_SpaceKey')
data.setCell(8, 2, 'jl.project._chrometests.UserRequirement4_2_Test')
data.setCell(8, 3, 0);
data.setCell(9, 0, 9)
data.setCell(9, 1, 'HideAndDisplayItemsWithKeyboardOnly_SpaceKey')
data.setCell(9, 2, 'jl.project._chrometests.UserRequirement4_2_Test')
data.setCell(9, 3, 0);
data.setCell(10, 0, 10)
data.setCell(10, 1, 'createAndDeleteItemWithKeyboardOnly_SpaceKey')
data.setCell(10, 2, 'jl.project._chrometests.UserRequirement4_2_Test')
data.setCell(10, 3, 0);
window.suiteTableData['Test_Suite_Chrome']= { tableData: data, tableDiv: 'times-div-Test_Suite_Chrome'}
return data;
}
              </script>
              <span class="suite-total-time">Total running time: 9 seconds</span>
              <div id="times-div-Test_Suite_Chrome">
              </div> <!-- times-div-Test_Suite_Chrome -->
            </div> <!-- times-div -->
          </div> <!-- main-panel-content rounded-window-bottom -->
        </div> <!-- panel -->
        <div panel-name="reporter-Test_Suite_Chrome" class="panel">
          <div class="main-panel-header rounded-window-top">
            <span class="header-content">Reporter output for Test Suite Chrome</span>
          </div> <!-- main-panel-header rounded-window-top -->
          <div class="main-panel-content rounded-window-bottom">
          </div> <!-- main-panel-content rounded-window-bottom -->
        </div> <!-- panel -->
        <div panel-name="ignored-methods-Test_Suite_Chrome" class="panel">
          <div class="main-panel-header rounded-window-top">
            <span class="header-content">0 ignored methods</span>
          </div> <!-- main-panel-header rounded-window-top -->
          <div class="main-panel-content rounded-window-bottom">
          </div> <!-- main-panel-content rounded-window-bottom -->
        </div> <!-- panel -->
        <div panel-name="chronological-Test_Suite_Chrome" class="panel">
          <div class="main-panel-header rounded-window-top">
            <span class="header-content">Methods in chronological order</span>
          </div> <!-- main-panel-header rounded-window-top -->
          <div class="main-panel-content rounded-window-bottom">
            <div class="chronological-class">
              <div class="chronological-class-name">jl.project._chrometests.UserRequirement1_Test</div> <!-- chronological-class-name -->
              <div class="configuration-class before">
                <span class="method-name">setup</span>
                <span class="method-start">0 ms</span>
              </div> <!-- configuration-class before -->
              <div class="configuration-method before">
                <img src="failed.png">
                </img>
                <span class="method-name">navigate</span>
                <span class="method-start">3939 ms</span>
              </div> <!-- configuration-method before -->
            </div> <!-- chronological-class -->
            <div class="chronological-class">
              <div class="chronological-class-name">jl.project._chrometests.UserRequirement2_Test</div> <!-- chronological-class-name -->
              <div class="configuration-class before">
                <span class="method-name">setup</span>
                <span class="method-start">13312 ms</span>
              </div> <!-- configuration-class before -->
              <div class="configuration-method before">
                <img src="failed.png">
                </img>
                <span class="method-name">navigate</span>
                <span class="method-start">15548 ms</span>
              </div> <!-- configuration-method before -->
            </div> <!-- chronological-class -->
            <div class="chronological-class">
              <div class="chronological-class-name">jl.project._chrometests.UserRequirement3_Test</div> <!-- chronological-class-name -->
              <div class="configuration-class before">
                <span class="method-name">setup</span>
                <span class="method-start">24770 ms</span>
              </div> <!-- configuration-class before -->
              <div class="test-method">
                <img src="failed.png">
                </img>
                <span class="method-name">hideAndDisplayItem_UsingClicks</span>
                <span class="method-start">26893 ms</span>
              </div> <!-- test-method -->
              <div class="configuration-class after">
                <span class="method-name">releaseResources</span>
                <span class="method-start">36218 ms</span>
              </div> <!-- configuration-class after -->
            </div> <!-- chronological-class -->
            <div class="chronological-class">
              <div class="chronological-class-name">jl.project._chrometests.UserRequirement4_1_Test</div> <!-- chronological-class-name -->
              <div class="configuration-class before">
                <span class="method-name">setup</span>
                <span class="method-start">36909 ms</span>
              </div> <!-- configuration-class before -->
              <div class="configuration-method before">
                <img src="failed.png">
                </img>
                <span class="method-name">navigate</span>
                <span class="method-start">39014 ms</span>
              </div> <!-- configuration-method before -->
            </div> <!-- chronological-class -->
            <div class="chronological-class">
              <div class="chronological-class-name">jl.project._chrometests.UserRequirement4_2_Test</div> <!-- chronological-class-name -->
              <div class="configuration-class before">
                <span class="method-name">setup</span>
                <span class="method-start">48781 ms</span>
              </div> <!-- configuration-class before -->
              <div class="configuration-method before">
                <img src="failed.png">
                </img>
                <span class="method-name">navigate</span>
                <span class="method-start">50917 ms</span>
              </div> <!-- configuration-method before -->
            </div> <!-- chronological-class -->
            <div class="chronological-class">
              <div class="chronological-class-name">jl.project._chrometests.UserRequirement1_Test</div> <!-- chronological-class-name -->
              <div class="test-method">
                <span class="method-name">createCategory_UsingClicks</span>
                <span class="method-start">-1618762001451 ms</span>
              </div> <!-- test-method -->
              <div class="test-method">
                <span class="method-name">deleteCategory_UsingClicks</span>
                <span class="method-start">-1618762001451 ms</span>
              </div> <!-- test-method -->
            </div> <!-- chronological-class -->
            <div class="chronological-class">
              <div class="chronological-class-name">jl.project._chrometests.UserRequirement2_Test</div> <!-- chronological-class-name -->
              <div class="test-method">
                <span class="method-name">createItem</span>
                <span class="method-start">-1618762001451 ms</span>
              </div> <!-- test-method -->
              <div class="test-method">
                <span class="method-name">deleteItem</span>
                <span class="method-start">-1618762001451 ms</span>
              </div> <!-- test-method -->
            </div> <!-- chronological-class -->
            <div class="chronological-class">
              <div class="chronological-class-name">jl.project._chrometests.UserRequirement4_1_Test</div> <!-- chronological-class-name -->
              <div class="test-method">
                <span class="method-name">createAndDeleteACategoryWithKeyboardOnly_EnterKey</span>
                <span class="method-start">-1618762001451 ms</span>
              </div> <!-- test-method -->
              <div class="test-method">
                <span class="method-name">createAndDeleteItemWithKeyboardOnly_EnterKey</span>
                <span class="method-start">-1618762001451 ms</span>
              </div> <!-- test-method -->
            </div> <!-- chronological-class -->
            <div class="chronological-class">
              <div class="chronological-class-name">jl.project._chrometests.UserRequirement4_2_Test</div> <!-- chronological-class-name -->
              <div class="test-method">
                <span class="method-name">createAndDeleteACategoryWithKeyboardOnly_SpaceKey</span>
                <span class="method-start">-1618762001451 ms</span>
              </div> <!-- test-method -->
              <div class="test-method">
                <span class="method-name">createAndDeleteItemWithKeyboardOnly_SpaceKey</span>
                <span class="method-start">-1618762001451 ms</span>
              </div> <!-- test-method -->
          </div> <!-- main-panel-content rounded-window-bottom -->
        </div> <!-- panel -->
      </div> <!-- main-panel-root -->
    </div> <!-- wrapper -->
  </body>
</html>
