<?xml version="1.0" encoding="UTF-8"?>
<!-- Generated by org.testng.reporters.JUnitReportReporter -->
<testsuite hostname="jl-Ubuntu" failures="1" tests="1" name="jl.project.ChromeTests.UserRequirement3_Test" time="7.654" errors="0" timestamp="31 Mar 2021 02:34:00 GMT" skipped="0">
  <testcase classname="jl.project.ChromeTests.UserRequirement3_Test" name="hideAndDisplayItem" time="7.654">
    <failure message="The item label seems to be absent from the screenshot: To-Do List Credits Works you might like
Please use this form to add a new category.
Add the category
The next form is for adding a new item.
Add the item to the category
Credits:
« # The trash can icon by Google Inc is licensed under a Creative Commons BY 4.0 license. No changes were made to the icon.
« © The plus sign icon by Font Awesome is licensed under a Creative Commons BY 4.0 license. No changes were made to the icon.
« Source of the retriever puppies picture, by Chevanon photography.
« Link to the description of the Creative Commons BY 4.0 License
Works vou miaht like to know about: -
" type="java.lang.AssertionError">
      <![CDATA[java.lang.AssertionError: The item label seems to be absent from the screenshot: To-Do List Credits Works you might likePlease use this form to add a new category.Add the categoryThe next form is for adding a new item.Add the item to the categoryCredits:« # The trash can icon by Google Inc is licensed under a Creative Commons BY 4.0 license. No changes were made to the icon.« © The plus sign icon by Font Awesome is licensed under a Creative Commons BY 4.0 license. No changes were made to the icon.« Source of the retriever puppies picture, by Chevanon photography.« Link to the description of the Creative Commons BY 4.0 LicenseWorks vou miaht like to know about: -at org.testng.Assert.fail(Assert.java:96)at jl.project.ChromeTests.UserRequirement3_Test.hideAndDisplayItem(UserRequirement3_Test.java:128)at java.base/jdk.internal.reflect.NativeMethodAccessorImpl.invoke0(Native Method)at java.base/jdk.internal.reflect.NativeMethodAccessorImpl.invoke(NativeMethodAccessorImpl.java:64)at java.base/jdk.internal.reflect.DelegatingMethodAccessorImpl.invoke(DelegatingMethodAccessorImpl.java:43)at java.base/java.lang.reflect.Method.invoke(Method.java:564)at org.testng.internal.MethodInvocationHelper.invokeMethod(MethodInvocationHelper.java:124)at org.testng.internal.Invoker.invokeMethod(Invoker.java:571)at org.testng.internal.Invoker.invokeTestMethod(Invoker.java:707)at org.testng.internal.Invoker.invokeTestMethods(Invoker.java:979)at org.testng.internal.TestMethodWorker.invokeTestMethods(TestMethodWorker.java:125)at org.testng.internal.TestMethodWorker.run(TestMethodWorker.java:109)at org.testng.TestRunner.privateRun(TestRunner.java:648)at org.testng.TestRunner.run(TestRunner.java:505)at org.testng.SuiteRunner.runTest(SuiteRunner.java:455)at org.testng.SuiteRunner.runSequentially(SuiteRunner.java:450)at org.testng.SuiteRunner.privateRun(SuiteRunner.java:415)at org.testng.SuiteRunner.run(SuiteRunner.java:364)at org.testng.SuiteRunnerWorker.runSuite(SuiteRunnerWorker.java:52)at org.testng.SuiteRunnerWorker.run(SuiteRunnerWorker.java:84)at org.testng.TestNG.runSuitesSequentially(TestNG.java:1187)at org.testng.TestNG.runSuitesLocally(TestNG.java:1116)at org.testng.TestNG.runSuites(TestNG.java:1028)at org.testng.TestNG.run(TestNG.java:996)at org.testng.remote.AbstractRemoteTestNG.run(AbstractRemoteTestNG.java:115)at org.testng.remote.RemoteTestNG.initAndRun(RemoteTestNG.java:251)at org.testng.remote.RemoteTestNG.main(RemoteTestNG.java:77)]]>
    </failure>
  </testcase> <!-- hideAndDisplayItem -->
</testsuite> <!-- jl.project.ChromeTests.UserRequirement3_Test -->
