<?xml version="1.0" encoding="UTF-8"?>
<!-- Generated by org.testng.reporters.JUnitXMLReporter -->
<testsuite ignored="0" hostname="LAPTOP-43HQCE5G" failures="1" tests="3" name="User Requirement 4 Part 1" time="43.996" errors="0" timestamp="14 Feb 2021 10:03:52 GMT">
  <testcase classname="jl.project.FirefoxTests.UserRequirement4_1" name="createAndDeleteACategoryWithKeyboardOnly_EnterKey" time="19.416"/>
  <testcase classname="jl.project.FirefoxTests.UserRequirement4_1" name="createAndDeleteItemWithKeyboardOnly_EnterKey" time="17.12">
    <failure type="java.lang.AssertionError" message="Error: the test item label has been found. The test is failed.">
      <![CDATA[java.lang.AssertionError: Error: the test item label has been found. The test is failed.at jl.project.FirefoxTests.UserRequirement4_1.createAndDeleteItemWithKeyboardOnly_EnterKey(UserRequirement4_1.java:265)... Removed 26 stack frames]]>
    </failure>
  </testcase> <!-- createAndDeleteItemWithKeyboardOnly_EnterKey -->
  <testcase classname="jl.project.FirefoxTests.UserRequirement4_1" name="HideAndDisplayItemsWithKeyboardOnly_EnterKey" time="0.0">
    <skipped/>
  </testcase> <!-- HideAndDisplayItemsWithKeyboardOnly_EnterKey -->
</testsuite> <!-- User Requirement 4 Part 1 -->
